<?xml version="1.0" encoding="UTF-8"?>
<testsuites>
  <testsuite name="Tests\Unit\Models\Spark\ProgramTest" file="/Users/ianbruce/Herd/funlynk-v2/backend/tests/Unit/Models/Spark/ProgramTest.php" tests="5" assertions="0" errors="5" failures="0" skipped="0" time="0.637725">
    <testcase name="it_can_calculate_popularity_score" file="/Users/ianbruce/Herd/funlynk-v2/backend/tests/Unit/Models/Spark/ProgramTest.php" line="16" class="Tests\Unit\Models\Spark\ProgramTest" classname="Tests.Unit.Models.Spark.ProgramTest" assertions="0" time="0.327249">
      <error type="Error">Tests\Unit\Models\Spark\ProgramTest::it_can_calculate_popularity_score
Error: Class "Database\Factories\Spark\BookingFactory" not found

/Users/ianbruce/Herd/funlynk-v2/backend/vendor/laravel/framework/src/Illuminate/Database/Eloquent/Factories/Factory.php:829
/Users/ianbruce/Herd/funlynk-v2/backend/vendor/laravel/framework/src/Illuminate/Database/Eloquent/Factories/Factory.php:920
/Users/ianbruce/Herd/funlynk-v2/backend/tests/Unit/Models/Spark/ProgramTest.php:18</error>
    </testcase>
    <testcase name="it_can_return_next_available_date" file="/Users/ianbruce/Herd/funlynk-v2/backend/tests/Unit/Models/Spark/ProgramTest.php" line="25" class="Tests\Unit\Models\Spark\ProgramTest" classname="Tests.Unit.Models.Spark.ProgramTest" assertions="0" time="0.066457">
      <error type="Illuminate\Database\QueryException">Tests\Unit\Models\Spark\ProgramTest::it_can_return_next_available_date
Illuminate\Database\QueryException: SQLSTATE[HY000]: General error: 1 no such table: program_availabilities (Connection: sqlite, SQL: insert into "program_availabilities" ("program_id", "date", "start_time", "end_time", "max_bookings", "current_bookings", "is_available", "notes", "updated_at", "created_at") values (1, 2023-10-12 00:00:00, 2025-09-01 08:30:00, 2025-09-01 09:30:00, 5, 1, 1, ?, 2025-07-14 14:43:57, 2025-07-14 14:43:57))

/Users/ianbruce/Herd/funlynk-v2/backend/vendor/laravel/framework/src/Illuminate/Database/Connection.php:829
/Users/ianbruce/Herd/funlynk-v2/backend/vendor/laravel/framework/src/Illuminate/Database/Connection.php:783
/Users/ianbruce/Herd/funlynk-v2/backend/vendor/laravel/framework/src/Illuminate/Database/Connection.php:576
/Users/ianbruce/Herd/funlynk-v2/backend/vendor/laravel/framework/src/Illuminate/Database/Connection.php:540
/Users/ianbruce/Herd/funlynk-v2/backend/vendor/laravel/framework/src/Illuminate/Database/Query/Processors/Processor.php:32
/Users/ianbruce/Herd/funlynk-v2/backend/vendor/laravel/framework/src/Illuminate/Database/Query/Builder.php:3549
/Users/ianbruce/Herd/funlynk-v2/backend/vendor/laravel/framework/src/Illuminate/Database/Eloquent/Builder.php:1982
/Users/ianbruce/Herd/funlynk-v2/backend/vendor/laravel/framework/src/Illuminate/Database/Eloquent/Model.php:1334
/Users/ianbruce/Herd/funlynk-v2/backend/vendor/laravel/framework/src/Illuminate/Database/Eloquent/Model.php:1299
/Users/ianbruce/Herd/funlynk-v2/backend/vendor/laravel/framework/src/Illuminate/Database/Eloquent/Model.php:1138
/Users/ianbruce/Herd/funlynk-v2/backend/vendor/laravel/framework/src/Illuminate/Database/Eloquent/Factories/Factory.php:338
/Users/ianbruce/Herd/funlynk-v2/backend/vendor/laravel/framework/src/Illuminate/Collections/Traits/EnumeratesValues.php:240
/Users/ianbruce/Herd/funlynk-v2/backend/vendor/laravel/framework/src/Illuminate/Database/Eloquent/Factories/Factory.php:333
/Users/ianbruce/Herd/funlynk-v2/backend/vendor/laravel/framework/src/Illuminate/Database/Eloquent/Factories/Factory.php:291
/Users/ianbruce/Herd/funlynk-v2/backend/vendor/laravel/framework/src/Illuminate/Database/Eloquent/Factories/Relationship.php:57
/Users/ianbruce/Herd/funlynk-v2/backend/vendor/laravel/framework/src/Illuminate/Database/Eloquent/Factories/Factory.php:360
/Users/ianbruce/Herd/funlynk-v2/backend/vendor/laravel/framework/src/Illuminate/Collections/Traits/EnumeratesValues.php:240
/Users/ianbruce/Herd/funlynk-v2/backend/vendor/laravel/framework/src/Illuminate/Database/Eloquent/Factories/Factory.php:359
/Users/ianbruce/Herd/funlynk-v2/backend/vendor/laravel/framework/src/Illuminate/Database/Eloquent/Concerns/GuardsAttributes.php:155
/Users/ianbruce/Herd/funlynk-v2/backend/vendor/laravel/framework/src/Illuminate/Database/Eloquent/Factories/Factory.php:358
/Users/ianbruce/Herd/funlynk-v2/backend/vendor/laravel/framework/src/Illuminate/Database/Eloquent/Factories/Factory.php:346
/Users/ianbruce/Herd/funlynk-v2/backend/vendor/laravel/framework/src/Illuminate/Collections/Traits/EnumeratesValues.php:240
/Users/ianbruce/Herd/funlynk-v2/backend/vendor/laravel/framework/src/Illuminate/Database/Eloquent/Factories/Factory.php:333
/Users/ianbruce/Herd/funlynk-v2/backend/vendor/laravel/framework/src/Illuminate/Database/Eloquent/Factories/Factory.php:287
/Users/ianbruce/Herd/funlynk-v2/backend/tests/Unit/Models/Spark/ProgramTest.php:27</error>
    </testcase>
    <testcase name="it_can_return_total_revenue" file="/Users/ianbruce/Herd/funlynk-v2/backend/tests/Unit/Models/Spark/ProgramTest.php" line="33" class="Tests\Unit\Models\Spark\ProgramTest" classname="Tests.Unit.Models.Spark.ProgramTest" assertions="0" time="0.088627">
      <error type="Error">Tests\Unit\Models\Spark\ProgramTest::it_can_return_total_revenue
Error: Class "Database\Factories\Spark\BookingFactory" not found

/Users/ianbruce/Herd/funlynk-v2/backend/vendor/laravel/framework/src/Illuminate/Database/Eloquent/Factories/Factory.php:829
/Users/ianbruce/Herd/funlynk-v2/backend/vendor/laravel/framework/src/Illuminate/Database/Eloquent/Factories/Factory.php:920
/Users/ianbruce/Herd/funlynk-v2/backend/tests/Unit/Models/Spark/ProgramTest.php:35</error>
    </testcase>
    <testcase name="it_has_district_relationship" file="/Users/ianbruce/Herd/funlynk-v2/backend/tests/Unit/Models/Spark/ProgramTest.php" line="41" class="Tests\Unit\Models\Spark\ProgramTest" classname="Tests.Unit.Models.Spark.ProgramTest" assertions="0" time="0.070693">
      <error type="BadMethodCallException">Tests\Unit\Models\Spark\ProgramTest::it_has_district_relationship
BadMethodCallException: Call to undefined method App\Models\Spark\District::factory()

/Users/ianbruce/Herd/funlynk-v2/backend/vendor/laravel/framework/src/Illuminate/Support/Traits/ForwardsCalls.php:67
/Users/ianbruce/Herd/funlynk-v2/backend/vendor/laravel/framework/src/Illuminate/Support/Traits/ForwardsCalls.php:36
/Users/ianbruce/Herd/funlynk-v2/backend/vendor/laravel/framework/src/Illuminate/Database/Eloquent/Model.php:2335
/Users/ianbruce/Herd/funlynk-v2/backend/vendor/laravel/framework/src/Illuminate/Database/Eloquent/Model.php:2347
/Users/ianbruce/Herd/funlynk-v2/backend/tests/Unit/Models/Spark/ProgramTest.php:43</error>
    </testcase>
    <testcase name="it_has_school_relationship" file="/Users/ianbruce/Herd/funlynk-v2/backend/tests/Unit/Models/Spark/ProgramTest.php" line="52" class="Tests\Unit\Models\Spark\ProgramTest" classname="Tests.Unit.Models.Spark.ProgramTest" assertions="0" time="0.084699">
      <error type="BadMethodCallException">Tests\Unit\Models\Spark\ProgramTest::it_has_school_relationship
BadMethodCallException: Call to undefined method App\Models\Spark\School::factory()

/Users/ianbruce/Herd/funlynk-v2/backend/vendor/laravel/framework/src/Illuminate/Support/Traits/ForwardsCalls.php:67
/Users/ianbruce/Herd/funlynk-v2/backend/vendor/laravel/framework/src/Illuminate/Support/Traits/ForwardsCalls.php:36
/Users/ianbruce/Herd/funlynk-v2/backend/vendor/laravel/framework/src/Illuminate/Database/Eloquent/Model.php:2335
/Users/ianbruce/Herd/funlynk-v2/backend/vendor/laravel/framework/src/Illuminate/Database/Eloquent/Model.php:2347
/Users/ianbruce/Herd/funlynk-v2/backend/tests/Unit/Models/Spark/ProgramTest.php:54</error>
    </testcase>
  </testsuite>
</testsuites>
