<?xml version="1.0" encoding="UTF-8"?>
<testsuites>
  <testsuite name="/Users/ianbruce/Herd/funlynk-v2/backend/phpunit.xml" tests="150" assertions="72" errors="109" failures="0" skipped="0" time="3.994678">
    <testsuite name="Unit" tests="124" assertions="71" errors="84" failures="0" skipped="0" time="3.851937">
      <testsuite name="Tests\Unit\Http\Requests\Spark\CreateCharacterTopicRequestTest" file="/Users/ianbruce/Herd/funlynk-v2/backend/tests/Unit/Http/Requests/Spark/CreateCharacterTopicRequestTest.php" tests="9" assertions="11" errors="0" failures="0" skipped="0" time="1.016309">
        <testcase name="test_denies_unauthenticated_users" file="/Users/ianbruce/Herd/funlynk-v2/backend/tests/Unit/Http/Requests/Spark/CreateCharacterTopicRequestTest.php" line="63" class="Tests\Unit\Http\Requests\Spark\CreateCharacterTopicRequestTest" classname="Tests.Unit.Http.Requests.Spark.CreateCharacterTopicRequestTest" assertions="1" time="0.244590"/>
        <testcase name="test_passes_validation_with_minimal_data" file="/Users/ianbruce/Herd/funlynk-v2/backend/tests/Unit/Http/Requests/Spark/CreateCharacterTopicRequestTest.php" line="87" class="Tests\Unit\Http\Requests\Spark\CreateCharacterTopicRequestTest" classname="Tests.Unit.Http.Requests.Spark.CreateCharacterTopicRequestTest" assertions="1" time="0.069794"/>
        <testcase name="test_fails_validation_when_name_is_missing" file="/Users/ianbruce/Herd/funlynk-v2/backend/tests/Unit/Http/Requests/Spark/CreateCharacterTopicRequestTest.php" line="101" class="Tests\Unit\Http\Requests\Spark\CreateCharacterTopicRequestTest" classname="Tests.Unit.Http.Requests.Spark.CreateCharacterTopicRequestTest" assertions="2" time="0.080113"/>
        <testcase name="test_slug_is_generated_from_name_when_missing" file="/Users/ianbruce/Herd/funlynk-v2/backend/tests/Unit/Http/Requests/Spark/CreateCharacterTopicRequestTest.php" line="132" class="Tests\Unit\Http\Requests\Spark\CreateCharacterTopicRequestTest" classname="Tests.Unit.Http.Requests.Spark.CreateCharacterTopicRequestTest" assertions="1" time="0.067388"/>
        <testcase name="test_fails_validation_when_slug_is_not_unique" file="/Users/ianbruce/Herd/funlynk-v2/backend/tests/Unit/Http/Requests/Spark/CreateCharacterTopicRequestTest.php" line="115" class="Tests\Unit\Http\Requests\Spark\CreateCharacterTopicRequestTest" classname="Tests.Unit.Http.Requests.Spark.CreateCharacterTopicRequestTest" assertions="2" time="0.099181"/>
        <testcase name="test_authorizes_spark_admin_users" file="/Users/ianbruce/Herd/funlynk-v2/backend/tests/Unit/Http/Requests/Spark/CreateCharacterTopicRequestTest.php" line="39" class="Tests\Unit\Http\Requests\Spark\CreateCharacterTopicRequestTest" classname="Tests.Unit.Http.Requests.Spark.CreateCharacterTopicRequestTest" assertions="1" time="0.247874"/>
        <testcase name="test_denies_regular_users" file="/Users/ianbruce/Herd/funlynk-v2/backend/tests/Unit/Http/Requests/Spark/CreateCharacterTopicRequestTest.php" line="51" class="Tests\Unit\Http\Requests\Spark\CreateCharacterTopicRequestTest" classname="Tests.Unit.Http.Requests.Spark.CreateCharacterTopicRequestTest" assertions="1" time="0.060423"/>
        <testcase name="test_passes_validation_with_valid_data" file="/Users/ianbruce/Herd/funlynk-v2/backend/tests/Unit/Http/Requests/Spark/CreateCharacterTopicRequestTest.php" line="70" class="Tests\Unit\Http\Requests\Spark\CreateCharacterTopicRequestTest" classname="Tests.Unit.Http.Requests.Spark.CreateCharacterTopicRequestTest" assertions="1" time="0.081281"/>
        <testcase name="test_authorizes_admin_users" file="/Users/ianbruce/Herd/funlynk-v2/backend/tests/Unit/Http/Requests/Spark/CreateCharacterTopicRequestTest.php" line="27" class="Tests\Unit\Http\Requests\Spark\CreateCharacterTopicRequestTest" classname="Tests.Unit.Http.Requests.Spark.CreateCharacterTopicRequestTest" assertions="1" time="0.065665"/>
      </testsuite>
      <testsuite name="Tests\Unit\Http\Requests\Spark\UpdateCharacterTopicRequestTest" file="/Users/ianbruce/Herd/funlynk-v2/backend/tests/Unit/Http/Requests/Spark/UpdateCharacterTopicRequestTest.php" tests="10" assertions="11" errors="0" failures="0" skipped="0" time="0.876789">
        <testcase name="test_denies_unauthenticated_users" file="/Users/ianbruce/Herd/funlynk-v2/backend/tests/Unit/Http/Requests/Spark/UpdateCharacterTopicRequestTest.php" line="120" class="Tests\Unit\Http\Requests\Spark\UpdateCharacterTopicRequestTest" classname="Tests.Unit.Http.Requests.Spark.UpdateCharacterTopicRequestTest" assertions="1" time="0.084375"/>
        <testcase name="test_fails_validation_when_slug_is_not_unique" file="/Users/ianbruce/Herd/funlynk-v2/backend/tests/Unit/Http/Requests/Spark/UpdateCharacterTopicRequestTest.php" line="183" class="Tests\Unit\Http\Requests\Spark\UpdateCharacterTopicRequestTest" classname="Tests.Unit.Http.Requests.Spark.UpdateCharacterTopicRequestTest" assertions="2" time="0.075324"/>
        <testcase name="test_passes_validation_when_slug_is_same_as_current" file="/Users/ianbruce/Herd/funlynk-v2/backend/tests/Unit/Http/Requests/Spark/UpdateCharacterTopicRequestTest.php" line="216" class="Tests\Unit\Http\Requests\Spark\UpdateCharacterTopicRequestTest" classname="Tests.Unit.Http.Requests.Spark.UpdateCharacterTopicRequestTest" assertions="1" time="0.093663"/>
        <testcase name="test_generates_slug_from_name_when_name_is_provided_but_slug_is_not" file="/Users/ianbruce/Herd/funlynk-v2/backend/tests/Unit/Http/Requests/Spark/UpdateCharacterTopicRequestTest.php" line="280" class="Tests\Unit\Http\Requests\Spark\UpdateCharacterTopicRequestTest" classname="Tests.Unit.Http.Requests.Spark.UpdateCharacterTopicRequestTest" assertions="1" time="0.070497"/>
        <testcase name="test_normalizes_category_to_lowercase" file="/Users/ianbruce/Herd/funlynk-v2/backend/tests/Unit/Http/Requests/Spark/UpdateCharacterTopicRequestTest.php" line="315" class="Tests\Unit\Http\Requests\Spark\UpdateCharacterTopicRequestTest" classname="Tests.Unit.Http.Requests.Spark.UpdateCharacterTopicRequestTest" assertions="1" time="0.080879"/>
        <testcase name="test_passes_validation_with_valid_data" file="/Users/ianbruce/Herd/funlynk-v2/backend/tests/Unit/Http/Requests/Spark/UpdateCharacterTopicRequestTest.php" line="146" class="Tests\Unit\Http\Requests\Spark\UpdateCharacterTopicRequestTest" classname="Tests.Unit.Http.Requests.Spark.UpdateCharacterTopicRequestTest" assertions="1" time="0.075694"/>
        <testcase name="test_passes_validation_with_partial_data" file="/Users/ianbruce/Herd/funlynk-v2/backend/tests/Unit/Http/Requests/Spark/UpdateCharacterTopicRequestTest.php" line="248" class="Tests\Unit\Http\Requests\Spark\UpdateCharacterTopicRequestTest" classname="Tests.Unit.Http.Requests.Spark.UpdateCharacterTopicRequestTest" assertions="1" time="0.091426"/>
        <testcase name="test_authorizes_admin_users" file="/Users/ianbruce/Herd/funlynk-v2/backend/tests/Unit/Http/Requests/Spark/UpdateCharacterTopicRequestTest.php" line="30" class="Tests\Unit\Http\Requests\Spark\UpdateCharacterTopicRequestTest" classname="Tests.Unit.Http.Requests.Spark.UpdateCharacterTopicRequestTest" assertions="1" time="0.078277"/>
        <testcase name="test_denies_regular_users" file="/Users/ianbruce/Herd/funlynk-v2/backend/tests/Unit/Http/Requests/Spark/UpdateCharacterTopicRequestTest.php" line="90" class="Tests\Unit\Http\Requests\Spark\UpdateCharacterTopicRequestTest" classname="Tests.Unit.Http.Requests.Spark.UpdateCharacterTopicRequestTest" assertions="1" time="0.132358"/>
        <testcase name="test_authorizes_spark_admin_users" file="/Users/ianbruce/Herd/funlynk-v2/backend/tests/Unit/Http/Requests/Spark/UpdateCharacterTopicRequestTest.php" line="60" class="Tests\Unit\Http\Requests\Spark\UpdateCharacterTopicRequestTest" classname="Tests.Unit.Http.Requests.Spark.UpdateCharacterTopicRequestTest" assertions="1" time="0.094295"/>
      </testsuite>
      <testsuite name="Tests\Unit\Http\Requests\Spark\UpdateProgramRequestTest" file="/Users/ianbruce/Herd/funlynk-v2/backend/tests/Unit/Http/Requests/Spark/UpdateProgramRequestTest.php" tests="17" assertions="44" errors="0" failures="0" skipped="0" time="1.324939">
        <testcase name="test_cleans_learning_objectives_array" file="/Users/ianbruce/Herd/funlynk-v2/backend/tests/Unit/Http/Requests/Spark/UpdateProgramRequestTest.php" line="261" class="Tests\Unit\Http\Requests\Spark\UpdateProgramRequestTest" classname="Tests.Unit.Http.Requests.Spark.UpdateProgramRequestTest" assertions="4" time="0.065997"/>
        <testcase name="test_inherits_rules_from_create_program_request_with_sometimes_modifier" file="/Users/ianbruce/Herd/funlynk-v2/backend/tests/Unit/Http/Requests/Spark/UpdateProgramRequestTest.php" line="296" class="Tests\Unit\Http\Requests\Spark\UpdateProgramRequestTest" classname="Tests.Unit.Http.Requests.Spark.UpdateProgramRequestTest" assertions="17" time="0.075953"/>
        <testcase name="test_inherits_messages_from_create_program_request" file="/Users/ianbruce/Herd/funlynk-v2/backend/tests/Unit/Http/Requests/Spark/UpdateProgramRequestTest.php" line="311" class="Tests\Unit\Http\Requests\Spark\UpdateProgramRequestTest" classname="Tests.Unit.Http.Requests.Spark.UpdateProgramRequestTest" assertions="1" time="0.081320"/>
        <testcase name="test_passes_validation_with_partial_data" file="/Users/ianbruce/Herd/funlynk-v2/backend/tests/Unit/Http/Requests/Spark/UpdateProgramRequestTest.php" line="163" class="Tests\Unit\Http\Requests\Spark\UpdateProgramRequestTest" classname="Tests.Unit.Http.Requests.Spark.UpdateProgramRequestTest" assertions="1" time="0.084703"/>
        <testcase name="test_fails_validation_with_invalid_title" file="/Users/ianbruce/Herd/funlynk-v2/backend/tests/Unit/Http/Requests/Spark/UpdateProgramRequestTest.php" line="176" class="Tests\Unit\Http\Requests\Spark\UpdateProgramRequestTest" classname="Tests.Unit.Http.Requests.Spark.UpdateProgramRequestTest" assertions="2" time="0.071065"/>
        <testcase name="test_fails_validation_with_invalid_grade_levels" file="/Users/ianbruce/Herd/funlynk-v2/backend/tests/Unit/Http/Requests/Spark/UpdateProgramRequestTest.php" line="189" class="Tests\Unit\Http\Requests\Spark\UpdateProgramRequestTest" classname="Tests.Unit.Http.Requests.Spark.UpdateProgramRequestTest" assertions="2" time="0.073293"/>
        <testcase name="test_fails_validation_with_invalid_duration" file="/Users/ianbruce/Herd/funlynk-v2/backend/tests/Unit/Http/Requests/Spark/UpdateProgramRequestTest.php" line="202" class="Tests\Unit\Http\Requests\Spark\UpdateProgramRequestTest" classname="Tests.Unit.Http.Requests.Spark.UpdateProgramRequestTest" assertions="2" time="0.077753"/>
        <testcase name="test_fails_validation_with_invalid_max_students" file="/Users/ianbruce/Herd/funlynk-v2/backend/tests/Unit/Http/Requests/Spark/UpdateProgramRequestTest.php" line="215" class="Tests\Unit\Http\Requests\Spark\UpdateProgramRequestTest" classname="Tests.Unit.Http.Requests.Spark.UpdateProgramRequestTest" assertions="2" time="0.083762"/>
        <testcase name="test_converts_is_active_to_boolean" file="/Users/ianbruce/Herd/funlynk-v2/backend/tests/Unit/Http/Requests/Spark/UpdateProgramRequestTest.php" line="281" class="Tests\Unit\Http\Requests\Spark\UpdateProgramRequestTest" classname="Tests.Unit.Http.Requests.Spark.UpdateProgramRequestTest" assertions="1" time="0.088027"/>
        <testcase name="test_inherits_attributes_from_create_program_request" file="/Users/ianbruce/Herd/funlynk-v2/backend/tests/Unit/Http/Requests/Spark/UpdateProgramRequestTest.php" line="319" class="Tests\Unit\Http\Requests\Spark\UpdateProgramRequestTest" classname="Tests.Unit.Http.Requests.Spark.UpdateProgramRequestTest" assertions="1" time="0.065024"/>
        <testcase name="test_denies_unauthenticated_users" file="/Users/ianbruce/Herd/funlynk-v2/backend/tests/Unit/Http/Requests/Spark/UpdateProgramRequestTest.php" line="117" class="Tests\Unit\Http\Requests\Spark\UpdateProgramRequestTest" classname="Tests.Unit.Http.Requests.Spark.UpdateProgramRequestTest" assertions="1" time="0.075286"/>
        <testcase name="test_passes_validation_with_valid_data" file="/Users/ianbruce/Herd/funlynk-v2/backend/tests/Unit/Http/Requests/Spark/UpdateProgramRequestTest.php" line="143" class="Tests\Unit\Http\Requests\Spark\UpdateProgramRequestTest" classname="Tests.Unit.Http.Requests.Spark.UpdateProgramRequestTest" assertions="1" time="0.083826"/>
        <testcase name="test_fails_validation_with_invalid_price" file="/Users/ianbruce/Herd/funlynk-v2/backend/tests/Unit/Http/Requests/Spark/UpdateProgramRequestTest.php" line="228" class="Tests\Unit\Http\Requests\Spark\UpdateProgramRequestTest" classname="Tests.Unit.Http.Requests.Spark.UpdateProgramRequestTest" assertions="2" time="0.081938"/>
        <testcase name="test_cleans_character_topics_array" file="/Users/ianbruce/Herd/funlynk-v2/backend/tests/Unit/Http/Requests/Spark/UpdateProgramRequestTest.php" line="241" class="Tests\Unit\Http\Requests\Spark\UpdateProgramRequestTest" classname="Tests.Unit.Http.Requests.Spark.UpdateProgramRequestTest" assertions="4" time="0.085281"/>
        <testcase name="test_authorizes_admin_users" file="/Users/ianbruce/Herd/funlynk-v2/backend/tests/Unit/Http/Requests/Spark/UpdateProgramRequestTest.php" line="27" class="Tests\Unit\Http\Requests\Spark\UpdateProgramRequestTest" classname="Tests.Unit.Http.Requests.Spark.UpdateProgramRequestTest" assertions="1" time="0.070907"/>
        <testcase name="test_authorizes_spark_admin_users" file="/Users/ianbruce/Herd/funlynk-v2/backend/tests/Unit/Http/Requests/Spark/UpdateProgramRequestTest.php" line="57" class="Tests\Unit\Http\Requests\Spark\UpdateProgramRequestTest" classname="Tests.Unit.Http.Requests.Spark.UpdateProgramRequestTest" assertions="1" time="0.077066"/>
        <testcase name="test_denies_regular_users" file="/Users/ianbruce/Herd/funlynk-v2/backend/tests/Unit/Http/Requests/Spark/UpdateProgramRequestTest.php" line="87" class="Tests\Unit\Http\Requests\Spark\UpdateProgramRequestTest" classname="Tests.Unit.Http.Requests.Spark.UpdateProgramRequestTest" assertions="1" time="0.083737"/>
      </testsuite>
      <testsuite name="Tests\Unit\Models\UserTest" file="/Users/ianbruce/Herd/funlynk-v2/backend/tests/Unit/Models/UserTest.php" tests="41" assertions="0" errors="41" failures="0" skipped="0" time="0.000000">
        <testcase name="test_user_has_correct_fillable_attributes" file="/Users/ianbruce/Herd/funlynk-v2/backend/tests/Unit/Models/UserTest.php" line="25" class="Tests\Unit\Models\UserTest" classname="Tests.Unit.Models.UserTest" assertions="0" time="0.000000">
          <error type="Spatie\Permission\Exceptions\RoleAlreadyExists">Tests\Unit\Models\UserTest::test_user_has_correct_fillable_attributes
Spatie\Permission\Exceptions\RoleAlreadyExists: A role `user` already exists for guard `web`.

/Users/ianbruce/Herd/funlynk-v2/backend/vendor/spatie/laravel-permission/src/Exceptions/RoleAlreadyExists.php:11
/Users/ianbruce/Herd/funlynk-v2/backend/vendor/spatie/laravel-permission/src/Models/Role.php:58
/Users/ianbruce/Herd/funlynk-v2/backend/tests/Unit/Models/UserTest.php:20</error>
        </testcase>
        <testcase name="test_user_has_correct_guarded_attributes" file="/Users/ianbruce/Herd/funlynk-v2/backend/tests/Unit/Models/UserTest.php" line="47" class="Tests\Unit\Models\UserTest" classname="Tests.Unit.Models.UserTest" assertions="0" time="0.000000">
          <error type="Spatie\Permission\Exceptions\RoleAlreadyExists">Tests\Unit\Models\UserTest::test_user_has_correct_guarded_attributes
Spatie\Permission\Exceptions\RoleAlreadyExists: A role `user` already exists for guard `web`.

/Users/ianbruce/Herd/funlynk-v2/backend/vendor/spatie/laravel-permission/src/Exceptions/RoleAlreadyExists.php:11
/Users/ianbruce/Herd/funlynk-v2/backend/vendor/spatie/laravel-permission/src/Models/Role.php:58
/Users/ianbruce/Herd/funlynk-v2/backend/tests/Unit/Models/UserTest.php:20</error>
        </testcase>
        <testcase name="test_user_has_correct_hidden_attributes" file="/Users/ianbruce/Herd/funlynk-v2/backend/tests/Unit/Models/UserTest.php" line="61" class="Tests\Unit\Models\UserTest" classname="Tests.Unit.Models.UserTest" assertions="0" time="0.000000">
          <error type="Spatie\Permission\Exceptions\RoleAlreadyExists">Tests\Unit\Models\UserTest::test_user_has_correct_hidden_attributes
Spatie\Permission\Exceptions\RoleAlreadyExists: A role `user` already exists for guard `web`.

/Users/ianbruce/Herd/funlynk-v2/backend/vendor/spatie/laravel-permission/src/Exceptions/RoleAlreadyExists.php:11
/Users/ianbruce/Herd/funlynk-v2/backend/vendor/spatie/laravel-permission/src/Models/Role.php:58
/Users/ianbruce/Herd/funlynk-v2/backend/tests/Unit/Models/UserTest.php:20</error>
        </testcase>
        <testcase name="test_user_has_correct_casts" file="/Users/ianbruce/Herd/funlynk-v2/backend/tests/Unit/Models/UserTest.php" line="72" class="Tests\Unit\Models\UserTest" classname="Tests.Unit.Models.UserTest" assertions="0" time="0.000000">
          <error type="Spatie\Permission\Exceptions\RoleAlreadyExists">Tests\Unit\Models\UserTest::test_user_has_correct_casts
Spatie\Permission\Exceptions\RoleAlreadyExists: A role `user` already exists for guard `web`.

/Users/ianbruce/Herd/funlynk-v2/backend/vendor/spatie/laravel-permission/src/Exceptions/RoleAlreadyExists.php:11
/Users/ianbruce/Herd/funlynk-v2/backend/vendor/spatie/laravel-permission/src/Models/Role.php:58
/Users/ianbruce/Herd/funlynk-v2/backend/tests/Unit/Models/UserTest.php:20</error>
        </testcase>
        <testcase name="test_full_name_attribute_with_first_and_last_name" file="/Users/ianbruce/Herd/funlynk-v2/backend/tests/Unit/Models/UserTest.php" line="89" class="Tests\Unit\Models\UserTest" classname="Tests.Unit.Models.UserTest" assertions="0" time="0.000000">
          <error type="Spatie\Permission\Exceptions\RoleAlreadyExists">Tests\Unit\Models\UserTest::test_full_name_attribute_with_first_and_last_name
Spatie\Permission\Exceptions\RoleAlreadyExists: A role `user` already exists for guard `web`.

/Users/ianbruce/Herd/funlynk-v2/backend/vendor/spatie/laravel-permission/src/Exceptions/RoleAlreadyExists.php:11
/Users/ianbruce/Herd/funlynk-v2/backend/vendor/spatie/laravel-permission/src/Models/Role.php:58
/Users/ianbruce/Herd/funlynk-v2/backend/tests/Unit/Models/UserTest.php:20</error>
        </testcase>
        <testcase name="test_full_name_attribute_falls_back_to_name" file="/Users/ianbruce/Herd/funlynk-v2/backend/tests/Unit/Models/UserTest.php" line="100" class="Tests\Unit\Models\UserTest" classname="Tests.Unit.Models.UserTest" assertions="0" time="0.000000">
          <error type="Spatie\Permission\Exceptions\RoleAlreadyExists">Tests\Unit\Models\UserTest::test_full_name_attribute_falls_back_to_name
Spatie\Permission\Exceptions\RoleAlreadyExists: A role `user` already exists for guard `web`.

/Users/ianbruce/Herd/funlynk-v2/backend/vendor/spatie/laravel-permission/src/Exceptions/RoleAlreadyExists.php:11
/Users/ianbruce/Herd/funlynk-v2/backend/vendor/spatie/laravel-permission/src/Models/Role.php:58
/Users/ianbruce/Herd/funlynk-v2/backend/tests/Unit/Models/UserTest.php:20</error>
        </testcase>
        <testcase name="test_full_name_attribute_handles_empty_names" file="/Users/ianbruce/Herd/funlynk-v2/backend/tests/Unit/Models/UserTest.php" line="111" class="Tests\Unit\Models\UserTest" classname="Tests.Unit.Models.UserTest" assertions="0" time="0.000000">
          <error type="Spatie\Permission\Exceptions\RoleAlreadyExists">Tests\Unit\Models\UserTest::test_full_name_attribute_handles_empty_names
Spatie\Permission\Exceptions\RoleAlreadyExists: A role `user` already exists for guard `web`.

/Users/ianbruce/Herd/funlynk-v2/backend/vendor/spatie/laravel-permission/src/Exceptions/RoleAlreadyExists.php:11
/Users/ianbruce/Herd/funlynk-v2/backend/vendor/spatie/laravel-permission/src/Models/Role.php:58
/Users/ianbruce/Herd/funlynk-v2/backend/tests/Unit/Models/UserTest.php:20</error>
        </testcase>
        <testcase name="test_initials_attribute" file="/Users/ianbruce/Herd/funlynk-v2/backend/tests/Unit/Models/UserTest.php" line="122" class="Tests\Unit\Models\UserTest" classname="Tests.Unit.Models.UserTest" assertions="0" time="0.000000">
          <error type="Spatie\Permission\Exceptions\RoleAlreadyExists">Tests\Unit\Models\UserTest::test_initials_attribute
Spatie\Permission\Exceptions\RoleAlreadyExists: A role `user` already exists for guard `web`.

/Users/ianbruce/Herd/funlynk-v2/backend/vendor/spatie/laravel-permission/src/Exceptions/RoleAlreadyExists.php:11
/Users/ianbruce/Herd/funlynk-v2/backend/vendor/spatie/laravel-permission/src/Models/Role.php:58
/Users/ianbruce/Herd/funlynk-v2/backend/tests/Unit/Models/UserTest.php:20</error>
        </testcase>
        <testcase name="test_initials_attribute_with_single_name" file="/Users/ianbruce/Herd/funlynk-v2/backend/tests/Unit/Models/UserTest.php" line="133" class="Tests\Unit\Models\UserTest" classname="Tests.Unit.Models.UserTest" assertions="0" time="0.000000">
          <error type="Spatie\Permission\Exceptions\RoleAlreadyExists">Tests\Unit\Models\UserTest::test_initials_attribute_with_single_name
Spatie\Permission\Exceptions\RoleAlreadyExists: A role `user` already exists for guard `web`.

/Users/ianbruce/Herd/funlynk-v2/backend/vendor/spatie/laravel-permission/src/Exceptions/RoleAlreadyExists.php:11
/Users/ianbruce/Herd/funlynk-v2/backend/vendor/spatie/laravel-permission/src/Models/Role.php:58
/Users/ianbruce/Herd/funlynk-v2/backend/tests/Unit/Models/UserTest.php:20</error>
        </testcase>
        <testcase name="test_initials_attribute_with_multiple_names" file="/Users/ianbruce/Herd/funlynk-v2/backend/tests/Unit/Models/UserTest.php" line="144" class="Tests\Unit\Models\UserTest" classname="Tests.Unit.Models.UserTest" assertions="0" time="0.000000">
          <error type="Spatie\Permission\Exceptions\RoleAlreadyExists">Tests\Unit\Models\UserTest::test_initials_attribute_with_multiple_names
Spatie\Permission\Exceptions\RoleAlreadyExists: A role `user` already exists for guard `web`.

/Users/ianbruce/Herd/funlynk-v2/backend/vendor/spatie/laravel-permission/src/Exceptions/RoleAlreadyExists.php:11
/Users/ianbruce/Herd/funlynk-v2/backend/vendor/spatie/laravel-permission/src/Models/Role.php:58
/Users/ianbruce/Herd/funlynk-v2/backend/tests/Unit/Models/UserTest.php:20</error>
        </testcase>
        <testcase name="test_age_attribute_with_date_of_birth" file="/Users/ianbruce/Herd/funlynk-v2/backend/tests/Unit/Models/UserTest.php" line="155" class="Tests\Unit\Models\UserTest" classname="Tests.Unit.Models.UserTest" assertions="0" time="0.000000">
          <error type="Spatie\Permission\Exceptions\RoleAlreadyExists">Tests\Unit\Models\UserTest::test_age_attribute_with_date_of_birth
Spatie\Permission\Exceptions\RoleAlreadyExists: A role `user` already exists for guard `web`.

/Users/ianbruce/Herd/funlynk-v2/backend/vendor/spatie/laravel-permission/src/Exceptions/RoleAlreadyExists.php:11
/Users/ianbruce/Herd/funlynk-v2/backend/vendor/spatie/laravel-permission/src/Models/Role.php:58
/Users/ianbruce/Herd/funlynk-v2/backend/tests/Unit/Models/UserTest.php:20</error>
        </testcase>
        <testcase name="test_age_attribute_without_date_of_birth" file="/Users/ianbruce/Herd/funlynk-v2/backend/tests/Unit/Models/UserTest.php" line="164" class="Tests\Unit\Models\UserTest" classname="Tests.Unit.Models.UserTest" assertions="0" time="0.000000">
          <error type="Spatie\Permission\Exceptions\RoleAlreadyExists">Tests\Unit\Models\UserTest::test_age_attribute_without_date_of_birth
Spatie\Permission\Exceptions\RoleAlreadyExists: A role `user` already exists for guard `web`.

/Users/ianbruce/Herd/funlynk-v2/backend/vendor/spatie/laravel-permission/src/Exceptions/RoleAlreadyExists.php:11
/Users/ianbruce/Herd/funlynk-v2/backend/vendor/spatie/laravel-permission/src/Models/Role.php:58
/Users/ianbruce/Herd/funlynk-v2/backend/tests/Unit/Models/UserTest.php:20</error>
        </testcase>
        <testcase name="test_formatted_phone_attribute_with_country_code" file="/Users/ianbruce/Herd/funlynk-v2/backend/tests/Unit/Models/UserTest.php" line="173" class="Tests\Unit\Models\UserTest" classname="Tests.Unit.Models.UserTest" assertions="0" time="0.000000">
          <error type="Spatie\Permission\Exceptions\RoleAlreadyExists">Tests\Unit\Models\UserTest::test_formatted_phone_attribute_with_country_code
Spatie\Permission\Exceptions\RoleAlreadyExists: A role `user` already exists for guard `web`.

/Users/ianbruce/Herd/funlynk-v2/backend/vendor/spatie/laravel-permission/src/Exceptions/RoleAlreadyExists.php:11
/Users/ianbruce/Herd/funlynk-v2/backend/vendor/spatie/laravel-permission/src/Models/Role.php:58
/Users/ianbruce/Herd/funlynk-v2/backend/tests/Unit/Models/UserTest.php:20</error>
        </testcase>
        <testcase name="test_formatted_phone_attribute_without_country_code" file="/Users/ianbruce/Herd/funlynk-v2/backend/tests/Unit/Models/UserTest.php" line="183" class="Tests\Unit\Models\UserTest" classname="Tests.Unit.Models.UserTest" assertions="0" time="0.000000">
          <error type="Spatie\Permission\Exceptions\RoleAlreadyExists">Tests\Unit\Models\UserTest::test_formatted_phone_attribute_without_country_code
Spatie\Permission\Exceptions\RoleAlreadyExists: A role `user` already exists for guard `web`.

/Users/ianbruce/Herd/funlynk-v2/backend/vendor/spatie/laravel-permission/src/Exceptions/RoleAlreadyExists.php:11
/Users/ianbruce/Herd/funlynk-v2/backend/vendor/spatie/laravel-permission/src/Models/Role.php:58
/Users/ianbruce/Herd/funlynk-v2/backend/tests/Unit/Models/UserTest.php:20</error>
        </testcase>
        <testcase name="test_formatted_phone_attribute_without_phone" file="/Users/ianbruce/Herd/funlynk-v2/backend/tests/Unit/Models/UserTest.php" line="193" class="Tests\Unit\Models\UserTest" classname="Tests.Unit.Models.UserTest" assertions="0" time="0.000000">
          <error type="Spatie\Permission\Exceptions\RoleAlreadyExists">Tests\Unit\Models\UserTest::test_formatted_phone_attribute_without_phone
Spatie\Permission\Exceptions\RoleAlreadyExists: A role `user` already exists for guard `web`.

/Users/ianbruce/Herd/funlynk-v2/backend/vendor/spatie/laravel-permission/src/Exceptions/RoleAlreadyExists.php:11
/Users/ianbruce/Herd/funlynk-v2/backend/vendor/spatie/laravel-permission/src/Models/Role.php:58
/Users/ianbruce/Herd/funlynk-v2/backend/tests/Unit/Models/UserTest.php:20</error>
        </testcase>
        <testcase name="test_avatar_url_attribute_with_avatar" file="/Users/ianbruce/Herd/funlynk-v2/backend/tests/Unit/Models/UserTest.php" line="203" class="Tests\Unit\Models\UserTest" classname="Tests.Unit.Models.UserTest" assertions="0" time="0.000000">
          <error type="Spatie\Permission\Exceptions\RoleAlreadyExists">Tests\Unit\Models\UserTest::test_avatar_url_attribute_with_avatar
Spatie\Permission\Exceptions\RoleAlreadyExists: A role `user` already exists for guard `web`.

/Users/ianbruce/Herd/funlynk-v2/backend/vendor/spatie/laravel-permission/src/Exceptions/RoleAlreadyExists.php:11
/Users/ianbruce/Herd/funlynk-v2/backend/vendor/spatie/laravel-permission/src/Models/Role.php:58
/Users/ianbruce/Herd/funlynk-v2/backend/tests/Unit/Models/UserTest.php:20</error>
        </testcase>
        <testcase name="test_avatar_url_attribute_without_avatar" file="/Users/ianbruce/Herd/funlynk-v2/backend/tests/Unit/Models/UserTest.php" line="212" class="Tests\Unit\Models\UserTest" classname="Tests.Unit.Models.UserTest" assertions="0" time="0.000000">
          <error type="Spatie\Permission\Exceptions\RoleAlreadyExists">Tests\Unit\Models\UserTest::test_avatar_url_attribute_without_avatar
Spatie\Permission\Exceptions\RoleAlreadyExists: A role `user` already exists for guard `web`.

/Users/ianbruce/Herd/funlynk-v2/backend/vendor/spatie/laravel-permission/src/Exceptions/RoleAlreadyExists.php:11
/Users/ianbruce/Herd/funlynk-v2/backend/vendor/spatie/laravel-permission/src/Models/Role.php:58
/Users/ianbruce/Herd/funlynk-v2/backend/tests/Unit/Models/UserTest.php:20</error>
        </testcase>
        <testcase name="test_is_profile_complete_attribute_with_complete_profile" file="/Users/ianbruce/Herd/funlynk-v2/backend/tests/Unit/Models/UserTest.php" line="224" class="Tests\Unit\Models\UserTest" classname="Tests.Unit.Models.UserTest" assertions="0" time="0.000000">
          <error type="Spatie\Permission\Exceptions\RoleAlreadyExists">Tests\Unit\Models\UserTest::test_is_profile_complete_attribute_with_complete_profile
Spatie\Permission\Exceptions\RoleAlreadyExists: A role `user` already exists for guard `web`.

/Users/ianbruce/Herd/funlynk-v2/backend/vendor/spatie/laravel-permission/src/Exceptions/RoleAlreadyExists.php:11
/Users/ianbruce/Herd/funlynk-v2/backend/vendor/spatie/laravel-permission/src/Models/Role.php:58
/Users/ianbruce/Herd/funlynk-v2/backend/tests/Unit/Models/UserTest.php:20</error>
        </testcase>
        <testcase name="test_is_profile_complete_attribute_with_incomplete_profile" file="/Users/ianbruce/Herd/funlynk-v2/backend/tests/Unit/Models/UserTest.php" line="236" class="Tests\Unit\Models\UserTest" classname="Tests.Unit.Models.UserTest" assertions="0" time="0.000000">
          <error type="Spatie\Permission\Exceptions\RoleAlreadyExists">Tests\Unit\Models\UserTest::test_is_profile_complete_attribute_with_incomplete_profile
Spatie\Permission\Exceptions\RoleAlreadyExists: A role `user` already exists for guard `web`.

/Users/ianbruce/Herd/funlynk-v2/backend/vendor/spatie/laravel-permission/src/Exceptions/RoleAlreadyExists.php:11
/Users/ianbruce/Herd/funlynk-v2/backend/vendor/spatie/laravel-permission/src/Models/Role.php:58
/Users/ianbruce/Herd/funlynk-v2/backend/tests/Unit/Models/UserTest.php:20</error>
        </testcase>
        <testcase name="test_timezone_display_attribute" file="/Users/ianbruce/Herd/funlynk-v2/backend/tests/Unit/Models/UserTest.php" line="248" class="Tests\Unit\Models\UserTest" classname="Tests.Unit.Models.UserTest" assertions="0" time="0.000000">
          <error type="Spatie\Permission\Exceptions\RoleAlreadyExists">Tests\Unit\Models\UserTest::test_timezone_display_attribute
Spatie\Permission\Exceptions\RoleAlreadyExists: A role `user` already exists for guard `web`.

/Users/ianbruce/Herd/funlynk-v2/backend/vendor/spatie/laravel-permission/src/Exceptions/RoleAlreadyExists.php:11
/Users/ianbruce/Herd/funlynk-v2/backend/vendor/spatie/laravel-permission/src/Models/Role.php:58
/Users/ianbruce/Herd/funlynk-v2/backend/tests/Unit/Models/UserTest.php:20</error>
        </testcase>
        <testcase name="test_is_recently_active_attribute_with_recent_login" file="/Users/ianbruce/Herd/funlynk-v2/backend/tests/Unit/Models/UserTest.php" line="257" class="Tests\Unit\Models\UserTest" classname="Tests.Unit.Models.UserTest" assertions="0" time="0.000000">
          <error type="Spatie\Permission\Exceptions\RoleAlreadyExists">Tests\Unit\Models\UserTest::test_is_recently_active_attribute_with_recent_login
Spatie\Permission\Exceptions\RoleAlreadyExists: A role `user` already exists for guard `web`.

/Users/ianbruce/Herd/funlynk-v2/backend/vendor/spatie/laravel-permission/src/Exceptions/RoleAlreadyExists.php:11
/Users/ianbruce/Herd/funlynk-v2/backend/vendor/spatie/laravel-permission/src/Models/Role.php:58
/Users/ianbruce/Herd/funlynk-v2/backend/tests/Unit/Models/UserTest.php:20</error>
        </testcase>
        <testcase name="test_is_recently_active_attribute_with_old_login" file="/Users/ianbruce/Herd/funlynk-v2/backend/tests/Unit/Models/UserTest.php" line="266" class="Tests\Unit\Models\UserTest" classname="Tests.Unit.Models.UserTest" assertions="0" time="0.000000">
          <error type="Spatie\Permission\Exceptions\RoleAlreadyExists">Tests\Unit\Models\UserTest::test_is_recently_active_attribute_with_old_login
Spatie\Permission\Exceptions\RoleAlreadyExists: A role `user` already exists for guard `web`.

/Users/ianbruce/Herd/funlynk-v2/backend/vendor/spatie/laravel-permission/src/Exceptions/RoleAlreadyExists.php:11
/Users/ianbruce/Herd/funlynk-v2/backend/vendor/spatie/laravel-permission/src/Models/Role.php:58
/Users/ianbruce/Herd/funlynk-v2/backend/tests/Unit/Models/UserTest.php:20</error>
        </testcase>
        <testcase name="test_is_recently_active_attribute_without_login" file="/Users/ianbruce/Herd/funlynk-v2/backend/tests/Unit/Models/UserTest.php" line="275" class="Tests\Unit\Models\UserTest" classname="Tests.Unit.Models.UserTest" assertions="0" time="0.000000">
          <error type="Spatie\Permission\Exceptions\RoleAlreadyExists">Tests\Unit\Models\UserTest::test_is_recently_active_attribute_without_login
Spatie\Permission\Exceptions\RoleAlreadyExists: A role `user` already exists for guard `web`.

/Users/ianbruce/Herd/funlynk-v2/backend/vendor/spatie/laravel-permission/src/Exceptions/RoleAlreadyExists.php:11
/Users/ianbruce/Herd/funlynk-v2/backend/vendor/spatie/laravel-permission/src/Models/Role.php:58
/Users/ianbruce/Herd/funlynk-v2/backend/tests/Unit/Models/UserTest.php:20</error>
        </testcase>
        <testcase name="test_status_attribute_with_inactive_user" file="/Users/ianbruce/Herd/funlynk-v2/backend/tests/Unit/Models/UserTest.php" line="284" class="Tests\Unit\Models\UserTest" classname="Tests.Unit.Models.UserTest" assertions="0" time="0.000000">
          <error type="Spatie\Permission\Exceptions\RoleAlreadyExists">Tests\Unit\Models\UserTest::test_status_attribute_with_inactive_user
Spatie\Permission\Exceptions\RoleAlreadyExists: A role `user` already exists for guard `web`.

/Users/ianbruce/Herd/funlynk-v2/backend/vendor/spatie/laravel-permission/src/Exceptions/RoleAlreadyExists.php:11
/Users/ianbruce/Herd/funlynk-v2/backend/vendor/spatie/laravel-permission/src/Models/Role.php:58
/Users/ianbruce/Herd/funlynk-v2/backend/tests/Unit/Models/UserTest.php:20</error>
        </testcase>
        <testcase name="test_status_attribute_with_recently_active_user" file="/Users/ianbruce/Herd/funlynk-v2/backend/tests/Unit/Models/UserTest.php" line="291" class="Tests\Unit\Models\UserTest" classname="Tests.Unit.Models.UserTest" assertions="0" time="0.000000">
          <error type="Spatie\Permission\Exceptions\RoleAlreadyExists">Tests\Unit\Models\UserTest::test_status_attribute_with_recently_active_user
Spatie\Permission\Exceptions\RoleAlreadyExists: A role `user` already exists for guard `web`.

/Users/ianbruce/Herd/funlynk-v2/backend/vendor/spatie/laravel-permission/src/Exceptions/RoleAlreadyExists.php:11
/Users/ianbruce/Herd/funlynk-v2/backend/vendor/spatie/laravel-permission/src/Models/Role.php:58
/Users/ianbruce/Herd/funlynk-v2/backend/tests/Unit/Models/UserTest.php:20</error>
        </testcase>
        <testcase name="test_status_attribute_with_offline_user" file="/Users/ianbruce/Herd/funlynk-v2/backend/tests/Unit/Models/UserTest.php" line="301" class="Tests\Unit\Models\UserTest" classname="Tests.Unit.Models.UserTest" assertions="0" time="0.000000">
          <error type="Spatie\Permission\Exceptions\RoleAlreadyExists">Tests\Unit\Models\UserTest::test_status_attribute_with_offline_user
Spatie\Permission\Exceptions\RoleAlreadyExists: A role `user` already exists for guard `web`.

/Users/ianbruce/Herd/funlynk-v2/backend/vendor/spatie/laravel-permission/src/Exceptions/RoleAlreadyExists.php:11
/Users/ianbruce/Herd/funlynk-v2/backend/vendor/spatie/laravel-permission/src/Models/Role.php:58
/Users/ianbruce/Herd/funlynk-v2/backend/tests/Unit/Models/UserTest.php:20</error>
        </testcase>
        <testcase name="test_active_scope" file="/Users/ianbruce/Herd/funlynk-v2/backend/tests/Unit/Models/UserTest.php" line="311" class="Tests\Unit\Models\UserTest" classname="Tests.Unit.Models.UserTest" assertions="0" time="0.000000">
          <error type="Spatie\Permission\Exceptions\RoleAlreadyExists">Tests\Unit\Models\UserTest::test_active_scope
Spatie\Permission\Exceptions\RoleAlreadyExists: A role `user` already exists for guard `web`.

/Users/ianbruce/Herd/funlynk-v2/backend/vendor/spatie/laravel-permission/src/Exceptions/RoleAlreadyExists.php:11
/Users/ianbruce/Herd/funlynk-v2/backend/vendor/spatie/laravel-permission/src/Models/Role.php:58
/Users/ianbruce/Herd/funlynk-v2/backend/tests/Unit/Models/UserTest.php:20</error>
        </testcase>
        <testcase name="test_email_verified_scope" file="/Users/ianbruce/Herd/funlynk-v2/backend/tests/Unit/Models/UserTest.php" line="322" class="Tests\Unit\Models\UserTest" classname="Tests.Unit.Models.UserTest" assertions="0" time="0.000000">
          <error type="Spatie\Permission\Exceptions\RoleAlreadyExists">Tests\Unit\Models\UserTest::test_email_verified_scope
Spatie\Permission\Exceptions\RoleAlreadyExists: A role `user` already exists for guard `web`.

/Users/ianbruce/Herd/funlynk-v2/backend/vendor/spatie/laravel-permission/src/Exceptions/RoleAlreadyExists.php:11
/Users/ianbruce/Herd/funlynk-v2/backend/vendor/spatie/laravel-permission/src/Models/Role.php:58
/Users/ianbruce/Herd/funlynk-v2/backend/tests/Unit/Models/UserTest.php:20</error>
        </testcase>
        <testcase name="test_recently_active_scope" file="/Users/ianbruce/Herd/funlynk-v2/backend/tests/Unit/Models/UserTest.php" line="333" class="Tests\Unit\Models\UserTest" classname="Tests.Unit.Models.UserTest" assertions="0" time="0.000000">
          <error type="Spatie\Permission\Exceptions\RoleAlreadyExists">Tests\Unit\Models\UserTest::test_recently_active_scope
Spatie\Permission\Exceptions\RoleAlreadyExists: A role `user` already exists for guard `web`.

/Users/ianbruce/Herd/funlynk-v2/backend/vendor/spatie/laravel-permission/src/Exceptions/RoleAlreadyExists.php:11
/Users/ianbruce/Herd/funlynk-v2/backend/vendor/spatie/laravel-permission/src/Models/Role.php:58
/Users/ianbruce/Herd/funlynk-v2/backend/tests/Unit/Models/UserTest.php:20</error>
        </testcase>
        <testcase name="test_recently_active_scope_with_custom_days" file="/Users/ianbruce/Herd/funlynk-v2/backend/tests/Unit/Models/UserTest.php" line="344" class="Tests\Unit\Models\UserTest" classname="Tests.Unit.Models.UserTest" assertions="0" time="0.000000">
          <error type="Spatie\Permission\Exceptions\RoleAlreadyExists">Tests\Unit\Models\UserTest::test_recently_active_scope_with_custom_days
Spatie\Permission\Exceptions\RoleAlreadyExists: A role `user` already exists for guard `web`.

/Users/ianbruce/Herd/funlynk-v2/backend/vendor/spatie/laravel-permission/src/Exceptions/RoleAlreadyExists.php:11
/Users/ianbruce/Herd/funlynk-v2/backend/vendor/spatie/laravel-permission/src/Models/Role.php:58
/Users/ianbruce/Herd/funlynk-v2/backend/tests/Unit/Models/UserTest.php:20</error>
        </testcase>
        <testcase name="test_in_timezone_scope" file="/Users/ianbruce/Herd/funlynk-v2/backend/tests/Unit/Models/UserTest.php" line="355" class="Tests\Unit\Models\UserTest" classname="Tests.Unit.Models.UserTest" assertions="0" time="0.000000">
          <error type="Spatie\Permission\Exceptions\RoleAlreadyExists">Tests\Unit\Models\UserTest::test_in_timezone_scope
Spatie\Permission\Exceptions\RoleAlreadyExists: A role `user` already exists for guard `web`.

/Users/ianbruce/Herd/funlynk-v2/backend/vendor/spatie/laravel-permission/src/Exceptions/RoleAlreadyExists.php:11
/Users/ianbruce/Herd/funlynk-v2/backend/vendor/spatie/laravel-permission/src/Models/Role.php:58
/Users/ianbruce/Herd/funlynk-v2/backend/tests/Unit/Models/UserTest.php:20</error>
        </testcase>
        <testcase name="test_language_scope" file="/Users/ianbruce/Herd/funlynk-v2/backend/tests/Unit/Models/UserTest.php" line="366" class="Tests\Unit\Models\UserTest" classname="Tests.Unit.Models.UserTest" assertions="0" time="0.000000">
          <error type="Spatie\Permission\Exceptions\RoleAlreadyExists">Tests\Unit\Models\UserTest::test_language_scope
Spatie\Permission\Exceptions\RoleAlreadyExists: A role `user` already exists for guard `web`.

/Users/ianbruce/Herd/funlynk-v2/backend/vendor/spatie/laravel-permission/src/Exceptions/RoleAlreadyExists.php:11
/Users/ianbruce/Herd/funlynk-v2/backend/vendor/spatie/laravel-permission/src/Models/Role.php:58
/Users/ianbruce/Herd/funlynk-v2/backend/tests/Unit/Models/UserTest.php:20</error>
        </testcase>
        <testcase name="test_gender_scope" file="/Users/ianbruce/Herd/funlynk-v2/backend/tests/Unit/Models/UserTest.php" line="377" class="Tests\Unit\Models\UserTest" classname="Tests.Unit.Models.UserTest" assertions="0" time="0.000000">
          <error type="Spatie\Permission\Exceptions\RoleAlreadyExists">Tests\Unit\Models\UserTest::test_gender_scope
Spatie\Permission\Exceptions\RoleAlreadyExists: A role `user` already exists for guard `web`.

/Users/ianbruce/Herd/funlynk-v2/backend/vendor/spatie/laravel-permission/src/Exceptions/RoleAlreadyExists.php:11
/Users/ianbruce/Herd/funlynk-v2/backend/vendor/spatie/laravel-permission/src/Models/Role.php:58
/Users/ianbruce/Herd/funlynk-v2/backend/tests/Unit/Models/UserTest.php:20</error>
        </testcase>
        <testcase name="test_age_range_scope" file="/Users/ianbruce/Herd/funlynk-v2/backend/tests/Unit/Models/UserTest.php" line="388" class="Tests\Unit\Models\UserTest" classname="Tests.Unit.Models.UserTest" assertions="0" time="0.000000">
          <error type="Spatie\Permission\Exceptions\RoleAlreadyExists">Tests\Unit\Models\UserTest::test_age_range_scope
Spatie\Permission\Exceptions\RoleAlreadyExists: A role `user` already exists for guard `web`.

/Users/ianbruce/Herd/funlynk-v2/backend/vendor/spatie/laravel-permission/src/Exceptions/RoleAlreadyExists.php:11
/Users/ianbruce/Herd/funlynk-v2/backend/vendor/spatie/laravel-permission/src/Models/Role.php:58
/Users/ianbruce/Herd/funlynk-v2/backend/tests/Unit/Models/UserTest.php:20</error>
        </testcase>
        <testcase name="test_password_is_hashed_on_creation" file="/Users/ianbruce/Herd/funlynk-v2/backend/tests/Unit/Models/UserTest.php" line="400" class="Tests\Unit\Models\UserTest" classname="Tests.Unit.Models.UserTest" assertions="0" time="0.000000">
          <error type="Spatie\Permission\Exceptions\RoleAlreadyExists">Tests\Unit\Models\UserTest::test_password_is_hashed_on_creation
Spatie\Permission\Exceptions\RoleAlreadyExists: A role `user` already exists for guard `web`.

/Users/ianbruce/Herd/funlynk-v2/backend/vendor/spatie/laravel-permission/src/Exceptions/RoleAlreadyExists.php:11
/Users/ianbruce/Herd/funlynk-v2/backend/vendor/spatie/laravel-permission/src/Models/Role.php:58
/Users/ianbruce/Herd/funlynk-v2/backend/tests/Unit/Models/UserTest.php:20</error>
        </testcase>
        <testcase name="test_user_can_be_soft_deleted" file="/Users/ianbruce/Herd/funlynk-v2/backend/tests/Unit/Models/UserTest.php" line="410" class="Tests\Unit\Models\UserTest" classname="Tests.Unit.Models.UserTest" assertions="0" time="0.000000">
          <error type="Spatie\Permission\Exceptions\RoleAlreadyExists">Tests\Unit\Models\UserTest::test_user_can_be_soft_deleted
Spatie\Permission\Exceptions\RoleAlreadyExists: A role `user` already exists for guard `web`.

/Users/ianbruce/Herd/funlynk-v2/backend/vendor/spatie/laravel-permission/src/Exceptions/RoleAlreadyExists.php:11
/Users/ianbruce/Herd/funlynk-v2/backend/vendor/spatie/laravel-permission/src/Models/Role.php:58
/Users/ianbruce/Herd/funlynk-v2/backend/tests/Unit/Models/UserTest.php:20</error>
        </testcase>
        <testcase name="test_user_relationships_exist" file="/Users/ianbruce/Herd/funlynk-v2/backend/tests/Unit/Models/UserTest.php" line="421" class="Tests\Unit\Models\UserTest" classname="Tests.Unit.Models.UserTest" assertions="0" time="0.000000">
          <error type="Spatie\Permission\Exceptions\RoleAlreadyExists">Tests\Unit\Models\UserTest::test_user_relationships_exist
Spatie\Permission\Exceptions\RoleAlreadyExists: A role `user` already exists for guard `web`.

/Users/ianbruce/Herd/funlynk-v2/backend/vendor/spatie/laravel-permission/src/Exceptions/RoleAlreadyExists.php:11
/Users/ianbruce/Herd/funlynk-v2/backend/vendor/spatie/laravel-permission/src/Models/Role.php:58
/Users/ianbruce/Herd/funlynk-v2/backend/tests/Unit/Models/UserTest.php:20</error>
        </testcase>
        <testcase name="test_user_has_api_tokens_trait" file="/Users/ianbruce/Herd/funlynk-v2/backend/tests/Unit/Models/UserTest.php" line="429" class="Tests\Unit\Models\UserTest" classname="Tests.Unit.Models.UserTest" assertions="0" time="0.000000">
          <error type="Spatie\Permission\Exceptions\RoleAlreadyExists">Tests\Unit\Models\UserTest::test_user_has_api_tokens_trait
Spatie\Permission\Exceptions\RoleAlreadyExists: A role `user` already exists for guard `web`.

/Users/ianbruce/Herd/funlynk-v2/backend/vendor/spatie/laravel-permission/src/Exceptions/RoleAlreadyExists.php:11
/Users/ianbruce/Herd/funlynk-v2/backend/vendor/spatie/laravel-permission/src/Models/Role.php:58
/Users/ianbruce/Herd/funlynk-v2/backend/tests/Unit/Models/UserTest.php:20</error>
        </testcase>
        <testcase name="test_user_has_roles_trait" file="/Users/ianbruce/Herd/funlynk-v2/backend/tests/Unit/Models/UserTest.php" line="437" class="Tests\Unit\Models\UserTest" classname="Tests.Unit.Models.UserTest" assertions="0" time="0.000000">
          <error type="Spatie\Permission\Exceptions\RoleAlreadyExists">Tests\Unit\Models\UserTest::test_user_has_roles_trait
Spatie\Permission\Exceptions\RoleAlreadyExists: A role `user` already exists for guard `web`.

/Users/ianbruce/Herd/funlynk-v2/backend/vendor/spatie/laravel-permission/src/Exceptions/RoleAlreadyExists.php:11
/Users/ianbruce/Herd/funlynk-v2/backend/vendor/spatie/laravel-permission/src/Models/Role.php:58
/Users/ianbruce/Herd/funlynk-v2/backend/tests/Unit/Models/UserTest.php:20</error>
        </testcase>
        <testcase name="test_user_has_notifiable_trait" file="/Users/ianbruce/Herd/funlynk-v2/backend/tests/Unit/Models/UserTest.php" line="446" class="Tests\Unit\Models\UserTest" classname="Tests.Unit.Models.UserTest" assertions="0" time="0.000000">
          <error type="Spatie\Permission\Exceptions\RoleAlreadyExists">Tests\Unit\Models\UserTest::test_user_has_notifiable_trait
Spatie\Permission\Exceptions\RoleAlreadyExists: A role `user` already exists for guard `web`.

/Users/ianbruce/Herd/funlynk-v2/backend/vendor/spatie/laravel-permission/src/Exceptions/RoleAlreadyExists.php:11
/Users/ianbruce/Herd/funlynk-v2/backend/vendor/spatie/laravel-permission/src/Models/Role.php:58
/Users/ianbruce/Herd/funlynk-v2/backend/tests/Unit/Models/UserTest.php:20</error>
        </testcase>
        <testcase name="test_user_implements_must_verify_email" file="/Users/ianbruce/Herd/funlynk-v2/backend/tests/Unit/Models/UserTest.php" line="454" class="Tests\Unit\Models\UserTest" classname="Tests.Unit.Models.UserTest" assertions="0" time="0.000000">
          <error type="Spatie\Permission\Exceptions\RoleAlreadyExists">Tests\Unit\Models\UserTest::test_user_implements_must_verify_email
Spatie\Permission\Exceptions\RoleAlreadyExists: A role `user` already exists for guard `web`.

/Users/ianbruce/Herd/funlynk-v2/backend/vendor/spatie/laravel-permission/src/Exceptions/RoleAlreadyExists.php:11
/Users/ianbruce/Herd/funlynk-v2/backend/vendor/spatie/laravel-permission/src/Models/Role.php:58
/Users/ianbruce/Herd/funlynk-v2/backend/tests/Unit/Models/UserTest.php:20</error>
        </testcase>
      </testsuite>
      <testsuite name="Tests\Unit\Services\AuthServiceTest" file="/Users/ianbruce/Herd/funlynk-v2/backend/tests/Unit/Services/AuthServiceTest.php" tests="33" assertions="0" errors="33" failures="0" skipped="0" time="0.000000">
        <testcase name="test_login_with_valid_credentials" file="/Users/ianbruce/Herd/funlynk-v2/backend/tests/Unit/Services/AuthServiceTest.php" line="36" class="Tests\Unit\Services\AuthServiceTest" classname="Tests.Unit.Services.AuthServiceTest" assertions="0" time="0.000000">
          <error type="Spatie\Permission\Exceptions\RoleAlreadyExists">Tests\Unit\Services\AuthServiceTest::test_login_with_valid_credentials
Spatie\Permission\Exceptions\RoleAlreadyExists: A role `user` already exists for guard `web`.

/Users/ianbruce/Herd/funlynk-v2/backend/vendor/spatie/laravel-permission/src/Exceptions/RoleAlreadyExists.php:11
/Users/ianbruce/Herd/funlynk-v2/backend/vendor/spatie/laravel-permission/src/Models/Role.php:58
/Users/ianbruce/Herd/funlynk-v2/backend/tests/Unit/Services/AuthServiceTest.php:31</error>
        </testcase>
        <testcase name="test_login_with_invalid_email" file="/Users/ianbruce/Herd/funlynk-v2/backend/tests/Unit/Services/AuthServiceTest.php" line="56" class="Tests\Unit\Services\AuthServiceTest" classname="Tests.Unit.Services.AuthServiceTest" assertions="0" time="0.000000">
          <error type="Spatie\Permission\Exceptions\RoleAlreadyExists">Tests\Unit\Services\AuthServiceTest::test_login_with_invalid_email
Spatie\Permission\Exceptions\RoleAlreadyExists: A role `user` already exists for guard `web`.

/Users/ianbruce/Herd/funlynk-v2/backend/vendor/spatie/laravel-permission/src/Exceptions/RoleAlreadyExists.php:11
/Users/ianbruce/Herd/funlynk-v2/backend/vendor/spatie/laravel-permission/src/Models/Role.php:58
/Users/ianbruce/Herd/funlynk-v2/backend/tests/Unit/Services/AuthServiceTest.php:31</error>
        </testcase>
        <testcase name="test_login_with_invalid_password" file="/Users/ianbruce/Herd/funlynk-v2/backend/tests/Unit/Services/AuthServiceTest.php" line="66" class="Tests\Unit\Services\AuthServiceTest" classname="Tests.Unit.Services.AuthServiceTest" assertions="0" time="0.000000">
          <error type="Spatie\Permission\Exceptions\RoleAlreadyExists">Tests\Unit\Services\AuthServiceTest::test_login_with_invalid_password
Spatie\Permission\Exceptions\RoleAlreadyExists: A role `user` already exists for guard `web`.

/Users/ianbruce/Herd/funlynk-v2/backend/vendor/spatie/laravel-permission/src/Exceptions/RoleAlreadyExists.php:11
/Users/ianbruce/Herd/funlynk-v2/backend/vendor/spatie/laravel-permission/src/Models/Role.php:58
/Users/ianbruce/Herd/funlynk-v2/backend/tests/Unit/Services/AuthServiceTest.php:31</error>
        </testcase>
        <testcase name="test_login_with_inactive_user" file="/Users/ianbruce/Herd/funlynk-v2/backend/tests/Unit/Services/AuthServiceTest.php" line="81" class="Tests\Unit\Services\AuthServiceTest" classname="Tests.Unit.Services.AuthServiceTest" assertions="0" time="0.000000">
          <error type="Spatie\Permission\Exceptions\RoleAlreadyExists">Tests\Unit\Services\AuthServiceTest::test_login_with_inactive_user
Spatie\Permission\Exceptions\RoleAlreadyExists: A role `user` already exists for guard `web`.

/Users/ianbruce/Herd/funlynk-v2/backend/vendor/spatie/laravel-permission/src/Exceptions/RoleAlreadyExists.php:11
/Users/ianbruce/Herd/funlynk-v2/backend/vendor/spatie/laravel-permission/src/Models/Role.php:58
/Users/ianbruce/Herd/funlynk-v2/backend/tests/Unit/Services/AuthServiceTest.php:31</error>
        </testcase>
        <testcase name="test_login_with_remember_me" file="/Users/ianbruce/Herd/funlynk-v2/backend/tests/Unit/Services/AuthServiceTest.php" line="96" class="Tests\Unit\Services\AuthServiceTest" classname="Tests.Unit.Services.AuthServiceTest" assertions="0" time="0.000000">
          <error type="Spatie\Permission\Exceptions\RoleAlreadyExists">Tests\Unit\Services\AuthServiceTest::test_login_with_remember_me
Spatie\Permission\Exceptions\RoleAlreadyExists: A role `user` already exists for guard `web`.

/Users/ianbruce/Herd/funlynk-v2/backend/vendor/spatie/laravel-permission/src/Exceptions/RoleAlreadyExists.php:11
/Users/ianbruce/Herd/funlynk-v2/backend/vendor/spatie/laravel-permission/src/Models/Role.php:58
/Users/ianbruce/Herd/funlynk-v2/backend/tests/Unit/Services/AuthServiceTest.php:31</error>
        </testcase>
        <testcase name="test_login_updates_last_login_at" file="/Users/ianbruce/Herd/funlynk-v2/backend/tests/Unit/Services/AuthServiceTest.php" line="116" class="Tests\Unit\Services\AuthServiceTest" classname="Tests.Unit.Services.AuthServiceTest" assertions="0" time="0.000000">
          <error type="Spatie\Permission\Exceptions\RoleAlreadyExists">Tests\Unit\Services\AuthServiceTest::test_login_updates_last_login_at
Spatie\Permission\Exceptions\RoleAlreadyExists: A role `user` already exists for guard `web`.

/Users/ianbruce/Herd/funlynk-v2/backend/vendor/spatie/laravel-permission/src/Exceptions/RoleAlreadyExists.php:11
/Users/ianbruce/Herd/funlynk-v2/backend/vendor/spatie/laravel-permission/src/Models/Role.php:58
/Users/ianbruce/Herd/funlynk-v2/backend/tests/Unit/Services/AuthServiceTest.php:31</error>
        </testcase>
        <testcase name="test_register_creates_user_with_valid_data" file="/Users/ianbruce/Herd/funlynk-v2/backend/tests/Unit/Services/AuthServiceTest.php" line="136" class="Tests\Unit\Services\AuthServiceTest" classname="Tests.Unit.Services.AuthServiceTest" assertions="0" time="0.000000">
          <error type="Spatie\Permission\Exceptions\RoleAlreadyExists">Tests\Unit\Services\AuthServiceTest::test_register_creates_user_with_valid_data
Spatie\Permission\Exceptions\RoleAlreadyExists: A role `user` already exists for guard `web`.

/Users/ianbruce/Herd/funlynk-v2/backend/vendor/spatie/laravel-permission/src/Exceptions/RoleAlreadyExists.php:11
/Users/ianbruce/Herd/funlynk-v2/backend/vendor/spatie/laravel-permission/src/Models/Role.php:58
/Users/ianbruce/Herd/funlynk-v2/backend/tests/Unit/Services/AuthServiceTest.php:31</error>
        </testcase>
        <testcase name="test_register_fails_with_existing_email" file="/Users/ianbruce/Herd/funlynk-v2/backend/tests/Unit/Services/AuthServiceTest.php" line="170" class="Tests\Unit\Services\AuthServiceTest" classname="Tests.Unit.Services.AuthServiceTest" assertions="0" time="0.000000">
          <error type="Spatie\Permission\Exceptions\RoleAlreadyExists">Tests\Unit\Services\AuthServiceTest::test_register_fails_with_existing_email
Spatie\Permission\Exceptions\RoleAlreadyExists: A role `user` already exists for guard `web`.

/Users/ianbruce/Herd/funlynk-v2/backend/vendor/spatie/laravel-permission/src/Exceptions/RoleAlreadyExists.php:11
/Users/ianbruce/Herd/funlynk-v2/backend/vendor/spatie/laravel-permission/src/Models/Role.php:58
/Users/ianbruce/Herd/funlynk-v2/backend/tests/Unit/Services/AuthServiceTest.php:31</error>
        </testcase>
        <testcase name="test_register_assigns_default_user_role" file="/Users/ianbruce/Herd/funlynk-v2/backend/tests/Unit/Services/AuthServiceTest.php" line="184" class="Tests\Unit\Services\AuthServiceTest" classname="Tests.Unit.Services.AuthServiceTest" assertions="0" time="0.000000">
          <error type="Spatie\Permission\Exceptions\RoleAlreadyExists">Tests\Unit\Services\AuthServiceTest::test_register_assigns_default_user_role
Spatie\Permission\Exceptions\RoleAlreadyExists: A role `user` already exists for guard `web`.

/Users/ianbruce/Herd/funlynk-v2/backend/vendor/spatie/laravel-permission/src/Exceptions/RoleAlreadyExists.php:11
/Users/ianbruce/Herd/funlynk-v2/backend/vendor/spatie/laravel-permission/src/Models/Role.php:58
/Users/ianbruce/Herd/funlynk-v2/backend/tests/Unit/Services/AuthServiceTest.php:31</error>
        </testcase>
        <testcase name="test_logout_revokes_current_token" file="/Users/ianbruce/Herd/funlynk-v2/backend/tests/Unit/Services/AuthServiceTest.php" line="198" class="Tests\Unit\Services\AuthServiceTest" classname="Tests.Unit.Services.AuthServiceTest" assertions="0" time="0.000000">
          <error type="Spatie\Permission\Exceptions\RoleAlreadyExists">Tests\Unit\Services\AuthServiceTest::test_logout_revokes_current_token
Spatie\Permission\Exceptions\RoleAlreadyExists: A role `user` already exists for guard `web`.

/Users/ianbruce/Herd/funlynk-v2/backend/vendor/spatie/laravel-permission/src/Exceptions/RoleAlreadyExists.php:11
/Users/ianbruce/Herd/funlynk-v2/backend/vendor/spatie/laravel-permission/src/Models/Role.php:58
/Users/ianbruce/Herd/funlynk-v2/backend/tests/Unit/Services/AuthServiceTest.php:31</error>
        </testcase>
        <testcase name="test_logout_from_all_devices" file="/Users/ianbruce/Herd/funlynk-v2/backend/tests/Unit/Services/AuthServiceTest.php" line="217" class="Tests\Unit\Services\AuthServiceTest" classname="Tests.Unit.Services.AuthServiceTest" assertions="0" time="0.000000">
          <error type="Spatie\Permission\Exceptions\RoleAlreadyExists">Tests\Unit\Services\AuthServiceTest::test_logout_from_all_devices
Spatie\Permission\Exceptions\RoleAlreadyExists: A role `user` already exists for guard `web`.

/Users/ianbruce/Herd/funlynk-v2/backend/vendor/spatie/laravel-permission/src/Exceptions/RoleAlreadyExists.php:11
/Users/ianbruce/Herd/funlynk-v2/backend/vendor/spatie/laravel-permission/src/Models/Role.php:58
/Users/ianbruce/Herd/funlynk-v2/backend/tests/Unit/Services/AuthServiceTest.php:31</error>
        </testcase>
        <testcase name="test_refresh_token" file="/Users/ianbruce/Herd/funlynk-v2/backend/tests/Unit/Services/AuthServiceTest.php" line="237" class="Tests\Unit\Services\AuthServiceTest" classname="Tests.Unit.Services.AuthServiceTest" assertions="0" time="0.000000">
          <error type="Spatie\Permission\Exceptions\RoleAlreadyExists">Tests\Unit\Services\AuthServiceTest::test_refresh_token
Spatie\Permission\Exceptions\RoleAlreadyExists: A role `user` already exists for guard `web`.

/Users/ianbruce/Herd/funlynk-v2/backend/vendor/spatie/laravel-permission/src/Exceptions/RoleAlreadyExists.php:11
/Users/ianbruce/Herd/funlynk-v2/backend/vendor/spatie/laravel-permission/src/Models/Role.php:58
/Users/ianbruce/Herd/funlynk-v2/backend/tests/Unit/Services/AuthServiceTest.php:31</error>
        </testcase>
        <testcase name="test_check_user_status_with_active_user" file="/Users/ianbruce/Herd/funlynk-v2/backend/tests/Unit/Services/AuthServiceTest.php" line="264" class="Tests\Unit\Services\AuthServiceTest" classname="Tests.Unit.Services.AuthServiceTest" assertions="0" time="0.000000">
          <error type="Spatie\Permission\Exceptions\RoleAlreadyExists">Tests\Unit\Services\AuthServiceTest::test_check_user_status_with_active_user
Spatie\Permission\Exceptions\RoleAlreadyExists: A role `user` already exists for guard `web`.

/Users/ianbruce/Herd/funlynk-v2/backend/vendor/spatie/laravel-permission/src/Exceptions/RoleAlreadyExists.php:11
/Users/ianbruce/Herd/funlynk-v2/backend/vendor/spatie/laravel-permission/src/Models/Role.php:58
/Users/ianbruce/Herd/funlynk-v2/backend/tests/Unit/Services/AuthServiceTest.php:31</error>
        </testcase>
        <testcase name="test_check_user_status_with_inactive_user" file="/Users/ianbruce/Herd/funlynk-v2/backend/tests/Unit/Services/AuthServiceTest.php" line="273" class="Tests\Unit\Services\AuthServiceTest" classname="Tests.Unit.Services.AuthServiceTest" assertions="0" time="0.000000">
          <error type="Spatie\Permission\Exceptions\RoleAlreadyExists">Tests\Unit\Services\AuthServiceTest::test_check_user_status_with_inactive_user
Spatie\Permission\Exceptions\RoleAlreadyExists: A role `user` already exists for guard `web`.

/Users/ianbruce/Herd/funlynk-v2/backend/vendor/spatie/laravel-permission/src/Exceptions/RoleAlreadyExists.php:11
/Users/ianbruce/Herd/funlynk-v2/backend/vendor/spatie/laravel-permission/src/Models/Role.php:58
/Users/ianbruce/Herd/funlynk-v2/backend/tests/Unit/Services/AuthServiceTest.php:31</error>
        </testcase>
        <testcase name="test_deactivate_user" file="/Users/ianbruce/Herd/funlynk-v2/backend/tests/Unit/Services/AuthServiceTest.php" line="288" class="Tests\Unit\Services\AuthServiceTest" classname="Tests.Unit.Services.AuthServiceTest" assertions="0" time="0.000000">
          <error type="Spatie\Permission\Exceptions\RoleAlreadyExists">Tests\Unit\Services\AuthServiceTest::test_deactivate_user
Spatie\Permission\Exceptions\RoleAlreadyExists: A role `user` already exists for guard `web`.

/Users/ianbruce/Herd/funlynk-v2/backend/vendor/spatie/laravel-permission/src/Exceptions/RoleAlreadyExists.php:11
/Users/ianbruce/Herd/funlynk-v2/backend/vendor/spatie/laravel-permission/src/Models/Role.php:58
/Users/ianbruce/Herd/funlynk-v2/backend/tests/Unit/Services/AuthServiceTest.php:31</error>
        </testcase>
        <testcase name="test_activate_user" file="/Users/ianbruce/Herd/funlynk-v2/backend/tests/Unit/Services/AuthServiceTest.php" line="307" class="Tests\Unit\Services\AuthServiceTest" classname="Tests.Unit.Services.AuthServiceTest" assertions="0" time="0.000000">
          <error type="Spatie\Permission\Exceptions\RoleAlreadyExists">Tests\Unit\Services\AuthServiceTest::test_activate_user
Spatie\Permission\Exceptions\RoleAlreadyExists: A role `user` already exists for guard `web`.

/Users/ianbruce/Herd/funlynk-v2/backend/vendor/spatie/laravel-permission/src/Exceptions/RoleAlreadyExists.php:11
/Users/ianbruce/Herd/funlynk-v2/backend/vendor/spatie/laravel-permission/src/Models/Role.php:58
/Users/ianbruce/Herd/funlynk-v2/backend/tests/Unit/Services/AuthServiceTest.php:31</error>
        </testcase>
        <testcase name="test_get_user_with_roles" file="/Users/ianbruce/Herd/funlynk-v2/backend/tests/Unit/Services/AuthServiceTest.php" line="320" class="Tests\Unit\Services\AuthServiceTest" classname="Tests.Unit.Services.AuthServiceTest" assertions="0" time="0.000000">
          <error type="Spatie\Permission\Exceptions\RoleAlreadyExists">Tests\Unit\Services\AuthServiceTest::test_get_user_with_roles
Spatie\Permission\Exceptions\RoleAlreadyExists: A role `user` already exists for guard `web`.

/Users/ianbruce/Herd/funlynk-v2/backend/vendor/spatie/laravel-permission/src/Exceptions/RoleAlreadyExists.php:11
/Users/ianbruce/Herd/funlynk-v2/backend/vendor/spatie/laravel-permission/src/Models/Role.php:58
/Users/ianbruce/Herd/funlynk-v2/backend/tests/Unit/Services/AuthServiceTest.php:31</error>
        </testcase>
        <testcase name="test_assign_role_to_user" file="/Users/ianbruce/Herd/funlynk-v2/backend/tests/Unit/Services/AuthServiceTest.php" line="332" class="Tests\Unit\Services\AuthServiceTest" classname="Tests.Unit.Services.AuthServiceTest" assertions="0" time="0.000000">
          <error type="Spatie\Permission\Exceptions\RoleAlreadyExists">Tests\Unit\Services\AuthServiceTest::test_assign_role_to_user
Spatie\Permission\Exceptions\RoleAlreadyExists: A role `user` already exists for guard `web`.

/Users/ianbruce/Herd/funlynk-v2/backend/vendor/spatie/laravel-permission/src/Exceptions/RoleAlreadyExists.php:11
/Users/ianbruce/Herd/funlynk-v2/backend/vendor/spatie/laravel-permission/src/Models/Role.php:58
/Users/ianbruce/Herd/funlynk-v2/backend/tests/Unit/Services/AuthServiceTest.php:31</error>
        </testcase>
        <testcase name="test_assign_role_fails_with_nonexistent_role" file="/Users/ianbruce/Herd/funlynk-v2/backend/tests/Unit/Services/AuthServiceTest.php" line="343" class="Tests\Unit\Services\AuthServiceTest" classname="Tests.Unit.Services.AuthServiceTest" assertions="0" time="0.000000">
          <error type="Spatie\Permission\Exceptions\RoleAlreadyExists">Tests\Unit\Services\AuthServiceTest::test_assign_role_fails_with_nonexistent_role
Spatie\Permission\Exceptions\RoleAlreadyExists: A role `user` already exists for guard `web`.

/Users/ianbruce/Herd/funlynk-v2/backend/vendor/spatie/laravel-permission/src/Exceptions/RoleAlreadyExists.php:11
/Users/ianbruce/Herd/funlynk-v2/backend/vendor/spatie/laravel-permission/src/Models/Role.php:58
/Users/ianbruce/Herd/funlynk-v2/backend/tests/Unit/Services/AuthServiceTest.php:31</error>
        </testcase>
        <testcase name="test_assign_role_fails_when_user_already_has_role" file="/Users/ianbruce/Herd/funlynk-v2/backend/tests/Unit/Services/AuthServiceTest.php" line="352" class="Tests\Unit\Services\AuthServiceTest" classname="Tests.Unit.Services.AuthServiceTest" assertions="0" time="0.000000">
          <error type="Spatie\Permission\Exceptions\RoleAlreadyExists">Tests\Unit\Services\AuthServiceTest::test_assign_role_fails_when_user_already_has_role
Spatie\Permission\Exceptions\RoleAlreadyExists: A role `user` already exists for guard `web`.

/Users/ianbruce/Herd/funlynk-v2/backend/vendor/spatie/laravel-permission/src/Exceptions/RoleAlreadyExists.php:11
/Users/ianbruce/Herd/funlynk-v2/backend/vendor/spatie/laravel-permission/src/Models/Role.php:58
/Users/ianbruce/Herd/funlynk-v2/backend/tests/Unit/Services/AuthServiceTest.php:31</error>
        </testcase>
        <testcase name="test_remove_role_from_user" file="/Users/ianbruce/Herd/funlynk-v2/backend/tests/Unit/Services/AuthServiceTest.php" line="362" class="Tests\Unit\Services\AuthServiceTest" classname="Tests.Unit.Services.AuthServiceTest" assertions="0" time="0.000000">
          <error type="Spatie\Permission\Exceptions\RoleAlreadyExists">Tests\Unit\Services\AuthServiceTest::test_remove_role_from_user
Spatie\Permission\Exceptions\RoleAlreadyExists: A role `user` already exists for guard `web`.

/Users/ianbruce/Herd/funlynk-v2/backend/vendor/spatie/laravel-permission/src/Exceptions/RoleAlreadyExists.php:11
/Users/ianbruce/Herd/funlynk-v2/backend/vendor/spatie/laravel-permission/src/Models/Role.php:58
/Users/ianbruce/Herd/funlynk-v2/backend/tests/Unit/Services/AuthServiceTest.php:31</error>
        </testcase>
        <testcase name="test_remove_role_fails_when_user_does_not_have_role" file="/Users/ianbruce/Herd/funlynk-v2/backend/tests/Unit/Services/AuthServiceTest.php" line="374" class="Tests\Unit\Services\AuthServiceTest" classname="Tests.Unit.Services.AuthServiceTest" assertions="0" time="0.000000">
          <error type="Spatie\Permission\Exceptions\RoleAlreadyExists">Tests\Unit\Services\AuthServiceTest::test_remove_role_fails_when_user_does_not_have_role
Spatie\Permission\Exceptions\RoleAlreadyExists: A role `user` already exists for guard `web`.

/Users/ianbruce/Herd/funlynk-v2/backend/vendor/spatie/laravel-permission/src/Exceptions/RoleAlreadyExists.php:11
/Users/ianbruce/Herd/funlynk-v2/backend/vendor/spatie/laravel-permission/src/Models/Role.php:58
/Users/ianbruce/Herd/funlynk-v2/backend/tests/Unit/Services/AuthServiceTest.php:31</error>
        </testcase>
        <testcase name="test_verify_email_with_valid_hash" file="/Users/ianbruce/Herd/funlynk-v2/backend/tests/Unit/Services/AuthServiceTest.php" line="383" class="Tests\Unit\Services\AuthServiceTest" classname="Tests.Unit.Services.AuthServiceTest" assertions="0" time="0.000000">
          <error type="Spatie\Permission\Exceptions\RoleAlreadyExists">Tests\Unit\Services\AuthServiceTest::test_verify_email_with_valid_hash
Spatie\Permission\Exceptions\RoleAlreadyExists: A role `user` already exists for guard `web`.

/Users/ianbruce/Herd/funlynk-v2/backend/vendor/spatie/laravel-permission/src/Exceptions/RoleAlreadyExists.php:11
/Users/ianbruce/Herd/funlynk-v2/backend/vendor/spatie/laravel-permission/src/Models/Role.php:58
/Users/ianbruce/Herd/funlynk-v2/backend/tests/Unit/Services/AuthServiceTest.php:31</error>
        </testcase>
        <testcase name="test_verify_email_with_invalid_hash" file="/Users/ianbruce/Herd/funlynk-v2/backend/tests/Unit/Services/AuthServiceTest.php" line="401" class="Tests\Unit\Services\AuthServiceTest" classname="Tests.Unit.Services.AuthServiceTest" assertions="0" time="0.000000">
          <error type="Spatie\Permission\Exceptions\RoleAlreadyExists">Tests\Unit\Services\AuthServiceTest::test_verify_email_with_invalid_hash
Spatie\Permission\Exceptions\RoleAlreadyExists: A role `user` already exists for guard `web`.

/Users/ianbruce/Herd/funlynk-v2/backend/vendor/spatie/laravel-permission/src/Exceptions/RoleAlreadyExists.php:11
/Users/ianbruce/Herd/funlynk-v2/backend/vendor/spatie/laravel-permission/src/Models/Role.php:58
/Users/ianbruce/Herd/funlynk-v2/backend/tests/Unit/Services/AuthServiceTest.php:31</error>
        </testcase>
        <testcase name="test_verify_email_fails_when_already_verified" file="/Users/ianbruce/Herd/funlynk-v2/backend/tests/Unit/Services/AuthServiceTest.php" line="410" class="Tests\Unit\Services\AuthServiceTest" classname="Tests.Unit.Services.AuthServiceTest" assertions="0" time="0.000000">
          <error type="Spatie\Permission\Exceptions\RoleAlreadyExists">Tests\Unit\Services\AuthServiceTest::test_verify_email_fails_when_already_verified
Spatie\Permission\Exceptions\RoleAlreadyExists: A role `user` already exists for guard `web`.

/Users/ianbruce/Herd/funlynk-v2/backend/vendor/spatie/laravel-permission/src/Exceptions/RoleAlreadyExists.php:11
/Users/ianbruce/Herd/funlynk-v2/backend/vendor/spatie/laravel-permission/src/Models/Role.php:58
/Users/ianbruce/Herd/funlynk-v2/backend/tests/Unit/Services/AuthServiceTest.php:31</error>
        </testcase>
        <testcase name="test_resend_email_verification" file="/Users/ianbruce/Herd/funlynk-v2/backend/tests/Unit/Services/AuthServiceTest.php" line="420" class="Tests\Unit\Services\AuthServiceTest" classname="Tests.Unit.Services.AuthServiceTest" assertions="0" time="0.000000">
          <error type="Spatie\Permission\Exceptions\RoleAlreadyExists">Tests\Unit\Services\AuthServiceTest::test_resend_email_verification
Spatie\Permission\Exceptions\RoleAlreadyExists: A role `user` already exists for guard `web`.

/Users/ianbruce/Herd/funlynk-v2/backend/vendor/spatie/laravel-permission/src/Exceptions/RoleAlreadyExists.php:11
/Users/ianbruce/Herd/funlynk-v2/backend/vendor/spatie/laravel-permission/src/Models/Role.php:58
/Users/ianbruce/Herd/funlynk-v2/backend/tests/Unit/Services/AuthServiceTest.php:31</error>
        </testcase>
        <testcase name="test_resend_email_verification_fails_when_already_verified" file="/Users/ianbruce/Herd/funlynk-v2/backend/tests/Unit/Services/AuthServiceTest.php" line="430" class="Tests\Unit\Services\AuthServiceTest" classname="Tests.Unit.Services.AuthServiceTest" assertions="0" time="0.000000">
          <error type="Spatie\Permission\Exceptions\RoleAlreadyExists">Tests\Unit\Services\AuthServiceTest::test_resend_email_verification_fails_when_already_verified
Spatie\Permission\Exceptions\RoleAlreadyExists: A role `user` already exists for guard `web`.

/Users/ianbruce/Herd/funlynk-v2/backend/vendor/spatie/laravel-permission/src/Exceptions/RoleAlreadyExists.php:11
/Users/ianbruce/Herd/funlynk-v2/backend/vendor/spatie/laravel-permission/src/Models/Role.php:58
/Users/ianbruce/Herd/funlynk-v2/backend/tests/Unit/Services/AuthServiceTest.php:31</error>
        </testcase>
        <testcase name="test_reset_password_with_valid_token" file="/Users/ianbruce/Herd/funlynk-v2/backend/tests/Unit/Services/AuthServiceTest.php" line="439" class="Tests\Unit\Services\AuthServiceTest" classname="Tests.Unit.Services.AuthServiceTest" assertions="0" time="0.000000">
          <error type="Spatie\Permission\Exceptions\RoleAlreadyExists">Tests\Unit\Services\AuthServiceTest::test_reset_password_with_valid_token
Spatie\Permission\Exceptions\RoleAlreadyExists: A role `user` already exists for guard `web`.

/Users/ianbruce/Herd/funlynk-v2/backend/vendor/spatie/laravel-permission/src/Exceptions/RoleAlreadyExists.php:11
/Users/ianbruce/Herd/funlynk-v2/backend/vendor/spatie/laravel-permission/src/Models/Role.php:58
/Users/ianbruce/Herd/funlynk-v2/backend/tests/Unit/Services/AuthServiceTest.php:31</error>
        </testcase>
        <testcase name="test_reset_password_with_invalid_token" file="/Users/ianbruce/Herd/funlynk-v2/backend/tests/Unit/Services/AuthServiceTest.php" line="471" class="Tests\Unit\Services\AuthServiceTest" classname="Tests.Unit.Services.AuthServiceTest" assertions="0" time="0.000000">
          <error type="Spatie\Permission\Exceptions\RoleAlreadyExists">Tests\Unit\Services\AuthServiceTest::test_reset_password_with_invalid_token
Spatie\Permission\Exceptions\RoleAlreadyExists: A role `user` already exists for guard `web`.

/Users/ianbruce/Herd/funlynk-v2/backend/vendor/spatie/laravel-permission/src/Exceptions/RoleAlreadyExists.php:11
/Users/ianbruce/Herd/funlynk-v2/backend/vendor/spatie/laravel-permission/src/Models/Role.php:58
/Users/ianbruce/Herd/funlynk-v2/backend/tests/Unit/Services/AuthServiceTest.php:31</error>
        </testcase>
        <testcase name="test_reset_password_with_expired_token" file="/Users/ianbruce/Herd/funlynk-v2/backend/tests/Unit/Services/AuthServiceTest.php" line="491" class="Tests\Unit\Services\AuthServiceTest" classname="Tests.Unit.Services.AuthServiceTest" assertions="0" time="0.000000">
          <error type="Spatie\Permission\Exceptions\RoleAlreadyExists">Tests\Unit\Services\AuthServiceTest::test_reset_password_with_expired_token
Spatie\Permission\Exceptions\RoleAlreadyExists: A role `user` already exists for guard `web`.

/Users/ianbruce/Herd/funlynk-v2/backend/vendor/spatie/laravel-permission/src/Exceptions/RoleAlreadyExists.php:11
/Users/ianbruce/Herd/funlynk-v2/backend/vendor/spatie/laravel-permission/src/Models/Role.php:58
/Users/ianbruce/Herd/funlynk-v2/backend/tests/Unit/Services/AuthServiceTest.php:31</error>
        </testcase>
        <testcase name="test_send_password_reset_link" file="/Users/ianbruce/Herd/funlynk-v2/backend/tests/Unit/Services/AuthServiceTest.php" line="512" class="Tests\Unit\Services\AuthServiceTest" classname="Tests.Unit.Services.AuthServiceTest" assertions="0" time="0.000000">
          <error type="Spatie\Permission\Exceptions\RoleAlreadyExists">Tests\Unit\Services\AuthServiceTest::test_send_password_reset_link
Spatie\Permission\Exceptions\RoleAlreadyExists: A role `user` already exists for guard `web`.

/Users/ianbruce/Herd/funlynk-v2/backend/vendor/spatie/laravel-permission/src/Exceptions/RoleAlreadyExists.php:11
/Users/ianbruce/Herd/funlynk-v2/backend/vendor/spatie/laravel-permission/src/Models/Role.php:58
/Users/ianbruce/Herd/funlynk-v2/backend/tests/Unit/Services/AuthServiceTest.php:31</error>
        </testcase>
        <testcase name="test_send_password_reset_link_fails_for_nonexistent_user" file="/Users/ianbruce/Herd/funlynk-v2/backend/tests/Unit/Services/AuthServiceTest.php" line="526" class="Tests\Unit\Services\AuthServiceTest" classname="Tests.Unit.Services.AuthServiceTest" assertions="0" time="0.000000">
          <error type="Spatie\Permission\Exceptions\RoleAlreadyExists">Tests\Unit\Services\AuthServiceTest::test_send_password_reset_link_fails_for_nonexistent_user
Spatie\Permission\Exceptions\RoleAlreadyExists: A role `user` already exists for guard `web`.

/Users/ianbruce/Herd/funlynk-v2/backend/vendor/spatie/laravel-permission/src/Exceptions/RoleAlreadyExists.php:11
/Users/ianbruce/Herd/funlynk-v2/backend/vendor/spatie/laravel-permission/src/Models/Role.php:58
/Users/ianbruce/Herd/funlynk-v2/backend/tests/Unit/Services/AuthServiceTest.php:31</error>
        </testcase>
        <testcase name="test_send_password_reset_link_fails_for_inactive_user" file="/Users/ianbruce/Herd/funlynk-v2/backend/tests/Unit/Services/AuthServiceTest.php" line="533" class="Tests\Unit\Services\AuthServiceTest" classname="Tests.Unit.Services.AuthServiceTest" assertions="0" time="0.000000">
          <error type="Spatie\Permission\Exceptions\RoleAlreadyExists">Tests\Unit\Services\AuthServiceTest::test_send_password_reset_link_fails_for_inactive_user
Spatie\Permission\Exceptions\RoleAlreadyExists: A role `user` already exists for guard `web`.

/Users/ianbruce/Herd/funlynk-v2/backend/vendor/spatie/laravel-permission/src/Exceptions/RoleAlreadyExists.php:11
/Users/ianbruce/Herd/funlynk-v2/backend/vendor/spatie/laravel-permission/src/Models/Role.php:58
/Users/ianbruce/Herd/funlynk-v2/backend/tests/Unit/Services/AuthServiceTest.php:31</error>
        </testcase>
      </testsuite>
      <testsuite name="Tests\Unit\ExampleTest" file="/Users/ianbruce/Herd/funlynk-v2/backend/tests/Unit/ExampleTest.php" tests="1" assertions="1" errors="0" failures="0" skipped="0" time="0.000139">
        <testcase name="test_that_true_is_true" file="/Users/ianbruce/Herd/funlynk-v2/backend/tests/Unit/ExampleTest.php" line="12" class="Tests\Unit\ExampleTest" classname="Tests.Unit.ExampleTest" assertions="1" time="0.000139"/>
      </testsuite>
      <testsuite name="Tests\Unit\Http\Resources\Spark\CharacterTopicResourceTest" file="/Users/ianbruce/Herd/funlynk-v2/backend/tests/Unit/Http/Resources/Spark/CharacterTopicResourceTest.php" tests="2" assertions="0" errors="2" failures="0" skipped="0" time="0.210683">
        <testcase name="testCharacterTopicResourceStructure" file="/Users/ianbruce/Herd/funlynk-v2/backend/tests/Unit/Http/Resources/Spark/CharacterTopicResourceTest.php" line="14" class="Tests\Unit\Http\Resources\Spark\CharacterTopicResourceTest" classname="Tests.Unit.Http.Resources.Spark.CharacterTopicResourceTest" assertions="0" time="0.083294">
          <error type="Illuminate\Database\QueryException">Tests\Unit\Http\Resources\Spark\CharacterTopicResourceTest::testCharacterTopicResourceStructure
Illuminate\Database\QueryException: SQLSTATE[HY000]: General error: 1 no such table: program_character_topics (Connection: sqlite, SQL: select count(*) as aggregate from "spark_programs" inner join "program_character_topics" on "spark_programs"."id" = "program_character_topics"."program_id" where "program_character_topics"."character_topic_id" = 1 and "spark_programs"."deleted_at" is null)

/Users/ianbruce/Herd/funlynk-v2/backend/vendor/laravel/framework/src/Illuminate/Database/Connection.php:829
/Users/ianbruce/Herd/funlynk-v2/backend/vendor/laravel/framework/src/Illuminate/Database/Connection.php:783
/Users/ianbruce/Herd/funlynk-v2/backend/vendor/laravel/framework/src/Illuminate/Database/Connection.php:414
/Users/ianbruce/Herd/funlynk-v2/backend/vendor/laravel/framework/src/Illuminate/Database/Query/Builder.php:2913
/Users/ianbruce/Herd/funlynk-v2/backend/vendor/laravel/framework/src/Illuminate/Database/Query/Builder.php:2902
/Users/ianbruce/Herd/funlynk-v2/backend/vendor/laravel/framework/src/Illuminate/Database/Query/Builder.php:3456
/Users/ianbruce/Herd/funlynk-v2/backend/vendor/laravel/framework/src/Illuminate/Database/Query/Builder.php:2901
/Users/ianbruce/Herd/funlynk-v2/backend/vendor/laravel/framework/src/Illuminate/Database/Query/Builder.php:3383
/Users/ianbruce/Herd/funlynk-v2/backend/vendor/laravel/framework/src/Illuminate/Database/Query/Builder.php:3311
/Users/ianbruce/Herd/funlynk-v2/backend/vendor/laravel/framework/src/Illuminate/Database/Eloquent/Builder.php:1982
/Users/ianbruce/Herd/funlynk-v2/backend/vendor/laravel/framework/src/Illuminate/Support/Traits/ForwardsCalls.php:23
/Users/ianbruce/Herd/funlynk-v2/backend/vendor/laravel/framework/src/Illuminate/Support/Traits/ForwardsCalls.php:52
/Users/ianbruce/Herd/funlynk-v2/backend/vendor/laravel/framework/src/Illuminate/Database/Eloquent/Relations/Relation.php:517
/Users/ianbruce/Herd/funlynk-v2/backend/app/Models/Spark/CharacterTopic.php:149
/Users/ianbruce/Herd/funlynk-v2/backend/vendor/laravel/framework/src/Illuminate/Database/Eloquent/Concerns/HasAttributes.php:658
/Users/ianbruce/Herd/funlynk-v2/backend/vendor/laravel/framework/src/Illuminate/Database/Eloquent/Concerns/HasAttributes.php:2124
/Users/ianbruce/Herd/funlynk-v2/backend/vendor/laravel/framework/src/Illuminate/Database/Eloquent/Concerns/HasAttributes.php:489
/Users/ianbruce/Herd/funlynk-v2/backend/vendor/laravel/framework/src/Illuminate/Database/Eloquent/Concerns/HasAttributes.php:443
/Users/ianbruce/Herd/funlynk-v2/backend/vendor/laravel/framework/src/Illuminate/Database/Eloquent/Model.php:2227
/Users/ianbruce/Herd/funlynk-v2/backend/vendor/laravel/framework/src/Illuminate/Http/Resources/DelegatesToResource.php:139
/Users/ianbruce/Herd/funlynk-v2/backend/app/Http/Resources/Spark/CharacterTopicResource.php:40
/Users/ianbruce/Herd/funlynk-v2/backend/vendor/laravel/framework/src/Illuminate/Http/Resources/Json/JsonResource.php:108
/Users/ianbruce/Herd/funlynk-v2/backend/tests/Unit/Http/Resources/Spark/CharacterTopicResourceTest.php:18</error>
        </testcase>
        <testcase name="testCharacterTopicResourceLazyLoadRelationships" file="/Users/ianbruce/Herd/funlynk-v2/backend/tests/Unit/Http/Resources/Spark/CharacterTopicResourceTest.php" line="26" class="Tests\Unit\Http\Resources\Spark\CharacterTopicResourceTest" classname="Tests.Unit.Http.Resources.Spark.CharacterTopicResourceTest" assertions="0" time="0.127389">
          <error type="BadMethodCallException">Tests\Unit\Http\Resources\Spark\CharacterTopicResourceTest::testCharacterTopicResourceLazyLoadRelationships
BadMethodCallException: Call to undefined method Illuminate\Database\Eloquent\Builder::factory()

/Users/ianbruce/Herd/funlynk-v2/backend/vendor/laravel/framework/src/Illuminate/Support/Traits/ForwardsCalls.php:67
/Users/ianbruce/Herd/funlynk-v2/backend/vendor/laravel/framework/src/Illuminate/Support/Traits/ForwardsCalls.php:36
/Users/ianbruce/Herd/funlynk-v2/backend/vendor/laravel/framework/src/Illuminate/Database/Eloquent/Builder.php:1985
/Users/ianbruce/Herd/funlynk-v2/backend/tests/Unit/Http/Resources/Spark/CharacterTopicResourceTest.php:28</error>
        </testcase>
      </testsuite>
      <testsuite name="Tests\Unit\Http\Resources\Spark\ProgramAvailabilityResourceTest" file="/Users/ianbruce/Herd/funlynk-v2/backend/tests/Unit/Http/Resources/Spark/ProgramAvailabilityResourceTest.php" tests="2" assertions="0" errors="2" failures="0" skipped="0" time="0.184007">
        <testcase name="testProgramAvailabilityResourceStructure" file="/Users/ianbruce/Herd/funlynk-v2/backend/tests/Unit/Http/Resources/Spark/ProgramAvailabilityResourceTest.php" line="14" class="Tests\Unit\Http\Resources\Spark\ProgramAvailabilityResourceTest" classname="Tests.Unit.Http.Resources.Spark.ProgramAvailabilityResourceTest" assertions="0" time="0.080580">
          <error type="BadMethodCallException">Tests\Unit\Http\Resources\Spark\ProgramAvailabilityResourceTest::testProgramAvailabilityResourceStructure
BadMethodCallException: Call to undefined method App\Models\Spark\ProgramAvailability::factory()

/Users/ianbruce/Herd/funlynk-v2/backend/vendor/laravel/framework/src/Illuminate/Support/Traits/ForwardsCalls.php:67
/Users/ianbruce/Herd/funlynk-v2/backend/vendor/laravel/framework/src/Illuminate/Support/Traits/ForwardsCalls.php:36
/Users/ianbruce/Herd/funlynk-v2/backend/vendor/laravel/framework/src/Illuminate/Database/Eloquent/Model.php:2335
/Users/ianbruce/Herd/funlynk-v2/backend/vendor/laravel/framework/src/Illuminate/Database/Eloquent/Model.php:2347
/Users/ianbruce/Herd/funlynk-v2/backend/tests/Unit/Http/Resources/Spark/ProgramAvailabilityResourceTest.php:16</error>
        </testcase>
        <testcase name="testProgramAvailabilityResourceLazyLoadRelationships" file="/Users/ianbruce/Herd/funlynk-v2/backend/tests/Unit/Http/Resources/Spark/ProgramAvailabilityResourceTest.php" line="26" class="Tests\Unit\Http\Resources\Spark\ProgramAvailabilityResourceTest" classname="Tests.Unit.Http.Resources.Spark.ProgramAvailabilityResourceTest" assertions="0" time="0.103428">
          <error type="BadMethodCallException">Tests\Unit\Http\Resources\Spark\ProgramAvailabilityResourceTest::testProgramAvailabilityResourceLazyLoadRelationships
BadMethodCallException: Call to undefined method Illuminate\Database\Eloquent\Builder::factory()

/Users/ianbruce/Herd/funlynk-v2/backend/vendor/laravel/framework/src/Illuminate/Support/Traits/ForwardsCalls.php:67
/Users/ianbruce/Herd/funlynk-v2/backend/vendor/laravel/framework/src/Illuminate/Support/Traits/ForwardsCalls.php:36
/Users/ianbruce/Herd/funlynk-v2/backend/vendor/laravel/framework/src/Illuminate/Database/Eloquent/Builder.php:1985
/Users/ianbruce/Herd/funlynk-v2/backend/tests/Unit/Http/Resources/Spark/ProgramAvailabilityResourceTest.php:28</error>
        </testcase>
      </testsuite>
      <testsuite name="Tests\Unit\Http\Resources\Spark\ProgramResourceTest" file="/Users/ianbruce/Herd/funlynk-v2/backend/tests/Unit/Http/Resources/Spark/ProgramResourceTest.php" tests="6" assertions="0" errors="6" failures="0" skipped="0" time="0.000000">
        <testcase name="testProgramResourceStructure" file="/Users/ianbruce/Herd/funlynk-v2/backend/tests/Unit/Http/Resources/Spark/ProgramResourceTest.php" line="32" class="Tests\Unit\Http\Resources\Spark\ProgramResourceTest" classname="Tests.Unit.Http.Resources.Spark.ProgramResourceTest" assertions="0" time="0.000000">
          <error type="Spatie\Permission\Exceptions\RoleAlreadyExists">Tests\Unit\Http\Resources\Spark\ProgramResourceTest::testProgramResourceStructure
Spatie\Permission\Exceptions\RoleAlreadyExists: A role `admin` already exists for guard `web`.

/Users/ianbruce/Herd/funlynk-v2/backend/vendor/spatie/laravel-permission/src/Exceptions/RoleAlreadyExists.php:11
/Users/ianbruce/Herd/funlynk-v2/backend/vendor/spatie/laravel-permission/src/Models/Role.php:58
/Users/ianbruce/Herd/funlynk-v2/backend/tests/Unit/Http/Resources/Spark/ProgramResourceTest.php:28</error>
        </testcase>
        <testcase name="testProgramResourceWithoutAuthentication" file="/Users/ianbruce/Herd/funlynk-v2/backend/tests/Unit/Http/Resources/Spark/ProgramResourceTest.php" line="92" class="Tests\Unit\Http\Resources\Spark\ProgramResourceTest" classname="Tests.Unit.Http.Resources.Spark.ProgramResourceTest" assertions="0" time="0.000000">
          <error type="Spatie\Permission\Exceptions\RoleAlreadyExists">Tests\Unit\Http\Resources\Spark\ProgramResourceTest::testProgramResourceWithoutAuthentication
Spatie\Permission\Exceptions\RoleAlreadyExists: A role `admin` already exists for guard `web`.

/Users/ianbruce/Herd/funlynk-v2/backend/vendor/spatie/laravel-permission/src/Exceptions/RoleAlreadyExists.php:11
/Users/ianbruce/Herd/funlynk-v2/backend/vendor/spatie/laravel-permission/src/Models/Role.php:58
/Users/ianbruce/Herd/funlynk-v2/backend/tests/Unit/Http/Resources/Spark/ProgramResourceTest.php:28</error>
        </testcase>
        <testcase name="testProgramResourceWithAuthentication" file="/Users/ianbruce/Herd/funlynk-v2/backend/tests/Unit/Http/Resources/Spark/ProgramResourceTest.php" line="105" class="Tests\Unit\Http\Resources\Spark\ProgramResourceTest" classname="Tests.Unit.Http.Resources.Spark.ProgramResourceTest" assertions="0" time="0.000000">
          <error type="Spatie\Permission\Exceptions\RoleAlreadyExists">Tests\Unit\Http\Resources\Spark\ProgramResourceTest::testProgramResourceWithAuthentication
Spatie\Permission\Exceptions\RoleAlreadyExists: A role `admin` already exists for guard `web`.

/Users/ianbruce/Herd/funlynk-v2/backend/vendor/spatie/laravel-permission/src/Exceptions/RoleAlreadyExists.php:11
/Users/ianbruce/Herd/funlynk-v2/backend/vendor/spatie/laravel-permission/src/Models/Role.php:58
/Users/ianbruce/Herd/funlynk-v2/backend/tests/Unit/Http/Resources/Spark/ProgramResourceTest.php:28</error>
        </testcase>
        <testcase name="testProgramResourceWithAdminPermissions" file="/Users/ianbruce/Herd/funlynk-v2/backend/tests/Unit/Http/Resources/Spark/ProgramResourceTest.php" line="122" class="Tests\Unit\Http\Resources\Spark\ProgramResourceTest" classname="Tests.Unit.Http.Resources.Spark.ProgramResourceTest" assertions="0" time="0.000000">
          <error type="Spatie\Permission\Exceptions\RoleAlreadyExists">Tests\Unit\Http\Resources\Spark\ProgramResourceTest::testProgramResourceWithAdminPermissions
Spatie\Permission\Exceptions\RoleAlreadyExists: A role `admin` already exists for guard `web`.

/Users/ianbruce/Herd/funlynk-v2/backend/vendor/spatie/laravel-permission/src/Exceptions/RoleAlreadyExists.php:11
/Users/ianbruce/Herd/funlynk-v2/backend/vendor/spatie/laravel-permission/src/Models/Role.php:58
/Users/ianbruce/Herd/funlynk-v2/backend/tests/Unit/Http/Resources/Spark/ProgramResourceTest.php:28</error>
        </testcase>
        <testcase name="testProgramResourceLazyLoadRelationships" file="/Users/ianbruce/Herd/funlynk-v2/backend/tests/Unit/Http/Resources/Spark/ProgramResourceTest.php" line="138" class="Tests\Unit\Http\Resources\Spark\ProgramResourceTest" classname="Tests.Unit.Http.Resources.Spark.ProgramResourceTest" assertions="0" time="0.000000">
          <error type="Spatie\Permission\Exceptions\RoleAlreadyExists">Tests\Unit\Http\Resources\Spark\ProgramResourceTest::testProgramResourceLazyLoadRelationships
Spatie\Permission\Exceptions\RoleAlreadyExists: A role `admin` already exists for guard `web`.

/Users/ianbruce/Herd/funlynk-v2/backend/vendor/spatie/laravel-permission/src/Exceptions/RoleAlreadyExists.php:11
/Users/ianbruce/Herd/funlynk-v2/backend/vendor/spatie/laravel-permission/src/Models/Role.php:58
/Users/ianbruce/Herd/funlynk-v2/backend/tests/Unit/Http/Resources/Spark/ProgramResourceTest.php:28</error>
        </testcase>
        <testcase name="testProgramResourceJsonSnapshot" file="/Users/ianbruce/Herd/funlynk-v2/backend/tests/Unit/Http/Resources/Spark/ProgramResourceTest.php" line="161" class="Tests\Unit\Http\Resources\Spark\ProgramResourceTest" classname="Tests.Unit.Http.Resources.Spark.ProgramResourceTest" assertions="0" time="0.000000">
          <error type="Spatie\Permission\Exceptions\RoleAlreadyExists">Tests\Unit\Http\Resources\Spark\ProgramResourceTest::testProgramResourceJsonSnapshot
Spatie\Permission\Exceptions\RoleAlreadyExists: A role `admin` already exists for guard `web`.

/Users/ianbruce/Herd/funlynk-v2/backend/vendor/spatie/laravel-permission/src/Exceptions/RoleAlreadyExists.php:11
/Users/ianbruce/Herd/funlynk-v2/backend/vendor/spatie/laravel-permission/src/Models/Role.php:58
/Users/ianbruce/Herd/funlynk-v2/backend/tests/Unit/Http/Resources/Spark/ProgramResourceTest.php:28</error>
        </testcase>
      </testsuite>
      <testsuite name="Tests\Unit\Providers\SparkServiceProviderTest" file="/Users/ianbruce/Herd/funlynk-v2/backend/tests/Unit/Providers/SparkServiceProviderTest.php" tests="3" assertions="4" errors="0" failures="0" skipped="0" time="0.239071">
        <testcase name="testProgramServiceIsResolved" file="/Users/ianbruce/Herd/funlynk-v2/backend/tests/Unit/Providers/SparkServiceProviderTest.php" line="14" class="Tests\Unit\Providers\SparkServiceProviderTest" classname="Tests.Unit.Providers.SparkServiceProviderTest" assertions="1" time="0.088767"/>
        <testcase name="testServicesAreSingletons" file="/Users/ianbruce/Herd/funlynk-v2/backend/tests/Unit/Providers/SparkServiceProviderTest.php" line="32" class="Tests\Unit\Providers\SparkServiceProviderTest" classname="Tests.Unit.Providers.SparkServiceProviderTest" assertions="2" time="0.081567"/>
        <testcase name="testCharacterTopicServiceIsResolved" file="/Users/ianbruce/Herd/funlynk-v2/backend/tests/Unit/Providers/SparkServiceProviderTest.php" line="23" class="Tests\Unit\Providers\SparkServiceProviderTest" classname="Tests.Unit.Providers.SparkServiceProviderTest" assertions="1" time="0.068737"/>
      </testsuite>
    </testsuite>
    <testsuite name="Feature" tests="26" assertions="1" errors="25" failures="0" skipped="0" time="0.142742">
      <testsuite name="Tests\Feature\Auth\AuthenticationTest" file="/Users/ianbruce/Herd/funlynk-v2/backend/tests/Feature/Auth/AuthenticationTest.php" tests="25" assertions="0" errors="25" failures="0" skipped="0" time="0.000000">
        <testcase name="test_user_can_register_with_valid_data" file="/Users/ianbruce/Herd/funlynk-v2/backend/tests/Feature/Auth/AuthenticationTest.php" line="29" class="Tests\Feature\Auth\AuthenticationTest" classname="Tests.Feature.Auth.AuthenticationTest" assertions="0" time="0.000000">
          <error type="Spatie\Permission\Exceptions\RoleAlreadyExists">Tests\Feature\Auth\AuthenticationTest::test_user_can_register_with_valid_data
Spatie\Permission\Exceptions\RoleAlreadyExists: A role `user` already exists for guard `web`.

/Users/ianbruce/Herd/funlynk-v2/backend/vendor/spatie/laravel-permission/src/Exceptions/RoleAlreadyExists.php:11
/Users/ianbruce/Herd/funlynk-v2/backend/vendor/spatie/laravel-permission/src/Models/Role.php:58
/Users/ianbruce/Herd/funlynk-v2/backend/tests/Feature/Auth/AuthenticationTest.php:24</error>
        </testcase>
        <testcase name="test_user_registration_fails_with_invalid_data" file="/Users/ianbruce/Herd/funlynk-v2/backend/tests/Feature/Auth/AuthenticationTest.php" line="82" class="Tests\Feature\Auth\AuthenticationTest" classname="Tests.Feature.Auth.AuthenticationTest" assertions="0" time="0.000000">
          <error type="Spatie\Permission\Exceptions\RoleAlreadyExists">Tests\Feature\Auth\AuthenticationTest::test_user_registration_fails_with_invalid_data
Spatie\Permission\Exceptions\RoleAlreadyExists: A role `user` already exists for guard `web`.

/Users/ianbruce/Herd/funlynk-v2/backend/vendor/spatie/laravel-permission/src/Exceptions/RoleAlreadyExists.php:11
/Users/ianbruce/Herd/funlynk-v2/backend/vendor/spatie/laravel-permission/src/Models/Role.php:58
/Users/ianbruce/Herd/funlynk-v2/backend/tests/Feature/Auth/AuthenticationTest.php:24</error>
        </testcase>
        <testcase name="test_user_registration_fails_with_existing_email" file="/Users/ianbruce/Herd/funlynk-v2/backend/tests/Feature/Auth/AuthenticationTest.php" line="106" class="Tests\Feature\Auth\AuthenticationTest" classname="Tests.Feature.Auth.AuthenticationTest" assertions="0" time="0.000000">
          <error type="Spatie\Permission\Exceptions\RoleAlreadyExists">Tests\Feature\Auth\AuthenticationTest::test_user_registration_fails_with_existing_email
Spatie\Permission\Exceptions\RoleAlreadyExists: A role `user` already exists for guard `web`.

/Users/ianbruce/Herd/funlynk-v2/backend/vendor/spatie/laravel-permission/src/Exceptions/RoleAlreadyExists.php:11
/Users/ianbruce/Herd/funlynk-v2/backend/vendor/spatie/laravel-permission/src/Models/Role.php:58
/Users/ianbruce/Herd/funlynk-v2/backend/tests/Feature/Auth/AuthenticationTest.php:24</error>
        </testcase>
        <testcase name="test_user_can_login_with_valid_credentials" file="/Users/ianbruce/Herd/funlynk-v2/backend/tests/Feature/Auth/AuthenticationTest.php" line="124" class="Tests\Feature\Auth\AuthenticationTest" classname="Tests.Feature.Auth.AuthenticationTest" assertions="0" time="0.000000">
          <error type="Spatie\Permission\Exceptions\RoleAlreadyExists">Tests\Feature\Auth\AuthenticationTest::test_user_can_login_with_valid_credentials
Spatie\Permission\Exceptions\RoleAlreadyExists: A role `user` already exists for guard `web`.

/Users/ianbruce/Herd/funlynk-v2/backend/vendor/spatie/laravel-permission/src/Exceptions/RoleAlreadyExists.php:11
/Users/ianbruce/Herd/funlynk-v2/backend/vendor/spatie/laravel-permission/src/Models/Role.php:58
/Users/ianbruce/Herd/funlynk-v2/backend/tests/Feature/Auth/AuthenticationTest.php:24</error>
        </testcase>
        <testcase name="test_user_login_fails_with_invalid_credentials" file="/Users/ianbruce/Herd/funlynk-v2/backend/tests/Feature/Auth/AuthenticationTest.php" line="165" class="Tests\Feature\Auth\AuthenticationTest" classname="Tests.Feature.Auth.AuthenticationTest" assertions="0" time="0.000000">
          <error type="Spatie\Permission\Exceptions\RoleAlreadyExists">Tests\Feature\Auth\AuthenticationTest::test_user_login_fails_with_invalid_credentials
Spatie\Permission\Exceptions\RoleAlreadyExists: A role `user` already exists for guard `web`.

/Users/ianbruce/Herd/funlynk-v2/backend/vendor/spatie/laravel-permission/src/Exceptions/RoleAlreadyExists.php:11
/Users/ianbruce/Herd/funlynk-v2/backend/vendor/spatie/laravel-permission/src/Models/Role.php:58
/Users/ianbruce/Herd/funlynk-v2/backend/tests/Feature/Auth/AuthenticationTest.php:24</error>
        </testcase>
        <testcase name="test_user_login_fails_with_inactive_account" file="/Users/ianbruce/Herd/funlynk-v2/backend/tests/Feature/Auth/AuthenticationTest.php" line="184" class="Tests\Feature\Auth\AuthenticationTest" classname="Tests.Feature.Auth.AuthenticationTest" assertions="0" time="0.000000">
          <error type="Spatie\Permission\Exceptions\RoleAlreadyExists">Tests\Feature\Auth\AuthenticationTest::test_user_login_fails_with_inactive_account
Spatie\Permission\Exceptions\RoleAlreadyExists: A role `user` already exists for guard `web`.

/Users/ianbruce/Herd/funlynk-v2/backend/vendor/spatie/laravel-permission/src/Exceptions/RoleAlreadyExists.php:11
/Users/ianbruce/Herd/funlynk-v2/backend/vendor/spatie/laravel-permission/src/Models/Role.php:58
/Users/ianbruce/Herd/funlynk-v2/backend/tests/Feature/Auth/AuthenticationTest.php:24</error>
        </testcase>
        <testcase name="test_user_login_with_remember_me" file="/Users/ianbruce/Herd/funlynk-v2/backend/tests/Feature/Auth/AuthenticationTest.php" line="203" class="Tests\Feature\Auth\AuthenticationTest" classname="Tests.Feature.Auth.AuthenticationTest" assertions="0" time="0.000000">
          <error type="Spatie\Permission\Exceptions\RoleAlreadyExists">Tests\Feature\Auth\AuthenticationTest::test_user_login_with_remember_me
Spatie\Permission\Exceptions\RoleAlreadyExists: A role `user` already exists for guard `web`.

/Users/ianbruce/Herd/funlynk-v2/backend/vendor/spatie/laravel-permission/src/Exceptions/RoleAlreadyExists.php:11
/Users/ianbruce/Herd/funlynk-v2/backend/vendor/spatie/laravel-permission/src/Models/Role.php:58
/Users/ianbruce/Herd/funlynk-v2/backend/tests/Feature/Auth/AuthenticationTest.php:24</error>
        </testcase>
        <testcase name="test_authenticated_user_can_logout" file="/Users/ianbruce/Herd/funlynk-v2/backend/tests/Feature/Auth/AuthenticationTest.php" line="229" class="Tests\Feature\Auth\AuthenticationTest" classname="Tests.Feature.Auth.AuthenticationTest" assertions="0" time="0.000000">
          <error type="Spatie\Permission\Exceptions\RoleAlreadyExists">Tests\Feature\Auth\AuthenticationTest::test_authenticated_user_can_logout
Spatie\Permission\Exceptions\RoleAlreadyExists: A role `user` already exists for guard `web`.

/Users/ianbruce/Herd/funlynk-v2/backend/vendor/spatie/laravel-permission/src/Exceptions/RoleAlreadyExists.php:11
/Users/ianbruce/Herd/funlynk-v2/backend/vendor/spatie/laravel-permission/src/Models/Role.php:58
/Users/ianbruce/Herd/funlynk-v2/backend/tests/Feature/Auth/AuthenticationTest.php:24</error>
        </testcase>
        <testcase name="test_unauthenticated_user_cannot_logout" file="/Users/ianbruce/Herd/funlynk-v2/backend/tests/Feature/Auth/AuthenticationTest.php" line="250" class="Tests\Feature\Auth\AuthenticationTest" classname="Tests.Feature.Auth.AuthenticationTest" assertions="0" time="0.000000">
          <error type="Spatie\Permission\Exceptions\RoleAlreadyExists">Tests\Feature\Auth\AuthenticationTest::test_unauthenticated_user_cannot_logout
Spatie\Permission\Exceptions\RoleAlreadyExists: A role `user` already exists for guard `web`.

/Users/ianbruce/Herd/funlynk-v2/backend/vendor/spatie/laravel-permission/src/Exceptions/RoleAlreadyExists.php:11
/Users/ianbruce/Herd/funlynk-v2/backend/vendor/spatie/laravel-permission/src/Models/Role.php:58
/Users/ianbruce/Herd/funlynk-v2/backend/tests/Feature/Auth/AuthenticationTest.php:24</error>
        </testcase>
        <testcase name="test_authenticated_user_can_logout_from_all_devices" file="/Users/ianbruce/Herd/funlynk-v2/backend/tests/Feature/Auth/AuthenticationTest.php" line="257" class="Tests\Feature\Auth\AuthenticationTest" classname="Tests.Feature.Auth.AuthenticationTest" assertions="0" time="0.000000">
          <error type="Spatie\Permission\Exceptions\RoleAlreadyExists">Tests\Feature\Auth\AuthenticationTest::test_authenticated_user_can_logout_from_all_devices
Spatie\Permission\Exceptions\RoleAlreadyExists: A role `user` already exists for guard `web`.

/Users/ianbruce/Herd/funlynk-v2/backend/vendor/spatie/laravel-permission/src/Exceptions/RoleAlreadyExists.php:11
/Users/ianbruce/Herd/funlynk-v2/backend/vendor/spatie/laravel-permission/src/Models/Role.php:58
/Users/ianbruce/Herd/funlynk-v2/backend/tests/Feature/Auth/AuthenticationTest.php:24</error>
        </testcase>
        <testcase name="test_authenticated_user_can_get_profile" file="/Users/ianbruce/Herd/funlynk-v2/backend/tests/Feature/Auth/AuthenticationTest.php" line="282" class="Tests\Feature\Auth\AuthenticationTest" classname="Tests.Feature.Auth.AuthenticationTest" assertions="0" time="0.000000">
          <error type="Spatie\Permission\Exceptions\RoleAlreadyExists">Tests\Feature\Auth\AuthenticationTest::test_authenticated_user_can_get_profile
Spatie\Permission\Exceptions\RoleAlreadyExists: A role `user` already exists for guard `web`.

/Users/ianbruce/Herd/funlynk-v2/backend/vendor/spatie/laravel-permission/src/Exceptions/RoleAlreadyExists.php:11
/Users/ianbruce/Herd/funlynk-v2/backend/vendor/spatie/laravel-permission/src/Models/Role.php:58
/Users/ianbruce/Herd/funlynk-v2/backend/tests/Feature/Auth/AuthenticationTest.php:24</error>
        </testcase>
        <testcase name="test_unauthenticated_user_cannot_get_profile" file="/Users/ianbruce/Herd/funlynk-v2/backend/tests/Feature/Auth/AuthenticationTest.php" line="315" class="Tests\Feature\Auth\AuthenticationTest" classname="Tests.Feature.Auth.AuthenticationTest" assertions="0" time="0.000000">
          <error type="Spatie\Permission\Exceptions\RoleAlreadyExists">Tests\Feature\Auth\AuthenticationTest::test_unauthenticated_user_cannot_get_profile
Spatie\Permission\Exceptions\RoleAlreadyExists: A role `user` already exists for guard `web`.

/Users/ianbruce/Herd/funlynk-v2/backend/vendor/spatie/laravel-permission/src/Exceptions/RoleAlreadyExists.php:11
/Users/ianbruce/Herd/funlynk-v2/backend/vendor/spatie/laravel-permission/src/Models/Role.php:58
/Users/ianbruce/Herd/funlynk-v2/backend/tests/Feature/Auth/AuthenticationTest.php:24</error>
        </testcase>
        <testcase name="test_authenticated_user_can_refresh_token" file="/Users/ianbruce/Herd/funlynk-v2/backend/tests/Feature/Auth/AuthenticationTest.php" line="322" class="Tests\Feature\Auth\AuthenticationTest" classname="Tests.Feature.Auth.AuthenticationTest" assertions="0" time="0.000000">
          <error type="Spatie\Permission\Exceptions\RoleAlreadyExists">Tests\Feature\Auth\AuthenticationTest::test_authenticated_user_can_refresh_token
Spatie\Permission\Exceptions\RoleAlreadyExists: A role `user` already exists for guard `web`.

/Users/ianbruce/Herd/funlynk-v2/backend/vendor/spatie/laravel-permission/src/Exceptions/RoleAlreadyExists.php:11
/Users/ianbruce/Herd/funlynk-v2/backend/vendor/spatie/laravel-permission/src/Models/Role.php:58
/Users/ianbruce/Herd/funlynk-v2/backend/tests/Feature/Auth/AuthenticationTest.php:24</error>
        </testcase>
        <testcase name="test_user_can_request_password_reset" file="/Users/ianbruce/Herd/funlynk-v2/backend/tests/Feature/Auth/AuthenticationTest.php" line="355" class="Tests\Feature\Auth\AuthenticationTest" classname="Tests.Feature.Auth.AuthenticationTest" assertions="0" time="0.000000">
          <error type="Spatie\Permission\Exceptions\RoleAlreadyExists">Tests\Feature\Auth\AuthenticationTest::test_user_can_request_password_reset
Spatie\Permission\Exceptions\RoleAlreadyExists: A role `user` already exists for guard `web`.

/Users/ianbruce/Herd/funlynk-v2/backend/vendor/spatie/laravel-permission/src/Exceptions/RoleAlreadyExists.php:11
/Users/ianbruce/Herd/funlynk-v2/backend/vendor/spatie/laravel-permission/src/Models/Role.php:58
/Users/ianbruce/Herd/funlynk-v2/backend/tests/Feature/Auth/AuthenticationTest.php:24</error>
        </testcase>
        <testcase name="test_password_reset_fails_for_nonexistent_user" file="/Users/ianbruce/Herd/funlynk-v2/backend/tests/Feature/Auth/AuthenticationTest.php" line="374" class="Tests\Feature\Auth\AuthenticationTest" classname="Tests.Feature.Auth.AuthenticationTest" assertions="0" time="0.000000">
          <error type="Spatie\Permission\Exceptions\RoleAlreadyExists">Tests\Feature\Auth\AuthenticationTest::test_password_reset_fails_for_nonexistent_user
Spatie\Permission\Exceptions\RoleAlreadyExists: A role `user` already exists for guard `web`.

/Users/ianbruce/Herd/funlynk-v2/backend/vendor/spatie/laravel-permission/src/Exceptions/RoleAlreadyExists.php:11
/Users/ianbruce/Herd/funlynk-v2/backend/vendor/spatie/laravel-permission/src/Models/Role.php:58
/Users/ianbruce/Herd/funlynk-v2/backend/tests/Feature/Auth/AuthenticationTest.php:24</error>
        </testcase>
        <testcase name="test_user_can_reset_password_with_valid_token" file="/Users/ianbruce/Herd/funlynk-v2/backend/tests/Feature/Auth/AuthenticationTest.php" line="384" class="Tests\Feature\Auth\AuthenticationTest" classname="Tests.Feature.Auth.AuthenticationTest" assertions="0" time="0.000000">
          <error type="Spatie\Permission\Exceptions\RoleAlreadyExists">Tests\Feature\Auth\AuthenticationTest::test_user_can_reset_password_with_valid_token
Spatie\Permission\Exceptions\RoleAlreadyExists: A role `user` already exists for guard `web`.

/Users/ianbruce/Herd/funlynk-v2/backend/vendor/spatie/laravel-permission/src/Exceptions/RoleAlreadyExists.php:11
/Users/ianbruce/Herd/funlynk-v2/backend/vendor/spatie/laravel-permission/src/Models/Role.php:58
/Users/ianbruce/Herd/funlynk-v2/backend/tests/Feature/Auth/AuthenticationTest.php:24</error>
        </testcase>
        <testcase name="test_password_reset_fails_with_invalid_token" file="/Users/ianbruce/Herd/funlynk-v2/backend/tests/Feature/Auth/AuthenticationTest.php" line="428" class="Tests\Feature\Auth\AuthenticationTest" classname="Tests.Feature.Auth.AuthenticationTest" assertions="0" time="0.000000">
          <error type="Spatie\Permission\Exceptions\RoleAlreadyExists">Tests\Feature\Auth\AuthenticationTest::test_password_reset_fails_with_invalid_token
Spatie\Permission\Exceptions\RoleAlreadyExists: A role `user` already exists for guard `web`.

/Users/ianbruce/Herd/funlynk-v2/backend/vendor/spatie/laravel-permission/src/Exceptions/RoleAlreadyExists.php:11
/Users/ianbruce/Herd/funlynk-v2/backend/vendor/spatie/laravel-permission/src/Models/Role.php:58
/Users/ianbruce/Herd/funlynk-v2/backend/tests/Feature/Auth/AuthenticationTest.php:24</error>
        </testcase>
        <testcase name="test_password_reset_fails_with_expired_token" file="/Users/ianbruce/Herd/funlynk-v2/backend/tests/Feature/Auth/AuthenticationTest.php" line="450" class="Tests\Feature\Auth\AuthenticationTest" classname="Tests.Feature.Auth.AuthenticationTest" assertions="0" time="0.000000">
          <error type="Spatie\Permission\Exceptions\RoleAlreadyExists">Tests\Feature\Auth\AuthenticationTest::test_password_reset_fails_with_expired_token
Spatie\Permission\Exceptions\RoleAlreadyExists: A role `user` already exists for guard `web`.

/Users/ianbruce/Herd/funlynk-v2/backend/vendor/spatie/laravel-permission/src/Exceptions/RoleAlreadyExists.php:11
/Users/ianbruce/Herd/funlynk-v2/backend/vendor/spatie/laravel-permission/src/Models/Role.php:58
/Users/ianbruce/Herd/funlynk-v2/backend/tests/Feature/Auth/AuthenticationTest.php:24</error>
        </testcase>
        <testcase name="test_inactive_user_token_invalidation" file="/Users/ianbruce/Herd/funlynk-v2/backend/tests/Feature/Auth/AuthenticationTest.php" line="473" class="Tests\Feature\Auth\AuthenticationTest" classname="Tests.Feature.Auth.AuthenticationTest" assertions="0" time="0.000000">
          <error type="Spatie\Permission\Exceptions\RoleAlreadyExists">Tests\Feature\Auth\AuthenticationTest::test_inactive_user_token_invalidation
Spatie\Permission\Exceptions\RoleAlreadyExists: A role `user` already exists for guard `web`.

/Users/ianbruce/Herd/funlynk-v2/backend/vendor/spatie/laravel-permission/src/Exceptions/RoleAlreadyExists.php:11
/Users/ianbruce/Herd/funlynk-v2/backend/vendor/spatie/laravel-permission/src/Models/Role.php:58
/Users/ianbruce/Herd/funlynk-v2/backend/tests/Feature/Auth/AuthenticationTest.php:24</error>
        </testcase>
        <testcase name="test_user_with_admin_role_can_access_admin_features" file="/Users/ianbruce/Herd/funlynk-v2/backend/tests/Feature/Auth/AuthenticationTest.php" line="494" class="Tests\Feature\Auth\AuthenticationTest" classname="Tests.Feature.Auth.AuthenticationTest" assertions="0" time="0.000000">
          <error type="Spatie\Permission\Exceptions\RoleAlreadyExists">Tests\Feature\Auth\AuthenticationTest::test_user_with_admin_role_can_access_admin_features
Spatie\Permission\Exceptions\RoleAlreadyExists: A role `user` already exists for guard `web`.

/Users/ianbruce/Herd/funlynk-v2/backend/vendor/spatie/laravel-permission/src/Exceptions/RoleAlreadyExists.php:11
/Users/ianbruce/Herd/funlynk-v2/backend/vendor/spatie/laravel-permission/src/Models/Role.php:58
/Users/ianbruce/Herd/funlynk-v2/backend/tests/Feature/Auth/AuthenticationTest.php:24</error>
        </testcase>
        <testcase name="test_user_with_moderator_role_has_correct_permissions" file="/Users/ianbruce/Herd/funlynk-v2/backend/tests/Feature/Auth/AuthenticationTest.php" line="516" class="Tests\Feature\Auth\AuthenticationTest" classname="Tests.Feature.Auth.AuthenticationTest" assertions="0" time="0.000000">
          <error type="Spatie\Permission\Exceptions\RoleAlreadyExists">Tests\Feature\Auth\AuthenticationTest::test_user_with_moderator_role_has_correct_permissions
Spatie\Permission\Exceptions\RoleAlreadyExists: A role `user` already exists for guard `web`.

/Users/ianbruce/Herd/funlynk-v2/backend/vendor/spatie/laravel-permission/src/Exceptions/RoleAlreadyExists.php:11
/Users/ianbruce/Herd/funlynk-v2/backend/vendor/spatie/laravel-permission/src/Models/Role.php:58
/Users/ianbruce/Herd/funlynk-v2/backend/tests/Feature/Auth/AuthenticationTest.php:24</error>
        </testcase>
        <testcase name="test_regular_user_has_default_user_role" file="/Users/ianbruce/Herd/funlynk-v2/backend/tests/Feature/Auth/AuthenticationTest.php" line="538" class="Tests\Feature\Auth\AuthenticationTest" classname="Tests.Feature.Auth.AuthenticationTest" assertions="0" time="0.000000">
          <error type="Spatie\Permission\Exceptions\RoleAlreadyExists">Tests\Feature\Auth\AuthenticationTest::test_regular_user_has_default_user_role
Spatie\Permission\Exceptions\RoleAlreadyExists: A role `user` already exists for guard `web`.

/Users/ianbruce/Herd/funlynk-v2/backend/vendor/spatie/laravel-permission/src/Exceptions/RoleAlreadyExists.php:11
/Users/ianbruce/Herd/funlynk-v2/backend/vendor/spatie/laravel-permission/src/Models/Role.php:58
/Users/ianbruce/Herd/funlynk-v2/backend/tests/Feature/Auth/AuthenticationTest.php:24</error>
        </testcase>
        <testcase name="test_token_expires_after_configured_time" file="/Users/ianbruce/Herd/funlynk-v2/backend/tests/Feature/Auth/AuthenticationTest.php" line="559" class="Tests\Feature\Auth\AuthenticationTest" classname="Tests.Feature.Auth.AuthenticationTest" assertions="0" time="0.000000">
          <error type="Spatie\Permission\Exceptions\RoleAlreadyExists">Tests\Feature\Auth\AuthenticationTest::test_token_expires_after_configured_time
Spatie\Permission\Exceptions\RoleAlreadyExists: A role `user` already exists for guard `web`.

/Users/ianbruce/Herd/funlynk-v2/backend/vendor/spatie/laravel-permission/src/Exceptions/RoleAlreadyExists.php:11
/Users/ianbruce/Herd/funlynk-v2/backend/vendor/spatie/laravel-permission/src/Models/Role.php:58
/Users/ianbruce/Herd/funlynk-v2/backend/tests/Feature/Auth/AuthenticationTest.php:24</error>
        </testcase>
        <testcase name="test_multiple_login_attempts_are_tracked" file="/Users/ianbruce/Herd/funlynk-v2/backend/tests/Feature/Auth/AuthenticationTest.php" line="580" class="Tests\Feature\Auth\AuthenticationTest" classname="Tests.Feature.Auth.AuthenticationTest" assertions="0" time="0.000000">
          <error type="Spatie\Permission\Exceptions\RoleAlreadyExists">Tests\Feature\Auth\AuthenticationTest::test_multiple_login_attempts_are_tracked
Spatie\Permission\Exceptions\RoleAlreadyExists: A role `user` already exists for guard `web`.

/Users/ianbruce/Herd/funlynk-v2/backend/vendor/spatie/laravel-permission/src/Exceptions/RoleAlreadyExists.php:11
/Users/ianbruce/Herd/funlynk-v2/backend/vendor/spatie/laravel-permission/src/Models/Role.php:58
/Users/ianbruce/Herd/funlynk-v2/backend/tests/Feature/Auth/AuthenticationTest.php:24</error>
        </testcase>
        <testcase name="test_user_can_have_multiple_active_tokens" file="/Users/ianbruce/Herd/funlynk-v2/backend/tests/Feature/Auth/AuthenticationTest.php" line="614" class="Tests\Feature\Auth\AuthenticationTest" classname="Tests.Feature.Auth.AuthenticationTest" assertions="0" time="0.000000">
          <error type="Spatie\Permission\Exceptions\RoleAlreadyExists">Tests\Feature\Auth\AuthenticationTest::test_user_can_have_multiple_active_tokens
Spatie\Permission\Exceptions\RoleAlreadyExists: A role `user` already exists for guard `web`.

/Users/ianbruce/Herd/funlynk-v2/backend/vendor/spatie/laravel-permission/src/Exceptions/RoleAlreadyExists.php:11
/Users/ianbruce/Herd/funlynk-v2/backend/vendor/spatie/laravel-permission/src/Models/Role.php:58
/Users/ianbruce/Herd/funlynk-v2/backend/tests/Feature/Auth/AuthenticationTest.php:24</error>
        </testcase>
      </testsuite>
      <testsuite name="Tests\Feature\ExampleTest" file="/Users/ianbruce/Herd/funlynk-v2/backend/tests/Feature/ExampleTest.php" tests="1" assertions="1" errors="0" failures="0" skipped="0" time="0.142742">
        <testcase name="test_the_application_returns_a_successful_response" file="/Users/ianbruce/Herd/funlynk-v2/backend/tests/Feature/ExampleTest.php" line="13" class="Tests\Feature\ExampleTest" classname="Tests.Feature.ExampleTest" assertions="1" time="0.142742"/>
      </testsuite>
    </testsuite>
  </testsuite>
</testsuites>
