<?xml version="1.0" encoding="UTF-8"?>
<testsuites>
  <testsuite name="Tests\Unit\Spark\ProgramServiceTest" file="/Users/ianbruce/Herd/funlynk-v2/backend/tests/Unit/Spark/ProgramServiceTest.php" tests="19" assertions="0" errors="19" failures="0" skipped="0" time="0.000000">
    <testcase name="it_can_get_paginated_programs" file="/Users/ianbruce/Herd/funlynk-v2/backend/tests/Unit/Spark/ProgramServiceTest.php" line="39" class="Tests\Unit\Spark\ProgramServiceTest" classname="Tests.Unit.Spark.ProgramServiceTest" assertions="0" time="0.000000">
      <error type="Doctrine\DBAL\Schema\Exception\TableDoesNotExist">Tests\Unit\Spark\ProgramServiceTest::it_can_get_paginated_programs
Doctrine\DBAL\Schema\Exception\TableDoesNotExist: There is no table with name "spark_program_character_topics" in the schema.

/Users/ianbruce/Herd/funlynk-v2/backend/vendor/doctrine/dbal/src/Schema/Exception/TableDoesNotExist.php:15
/Users/ianbruce/Herd/funlynk-v2/backend/vendor/doctrine/dbal/src/Schema/SchemaException.php:67
/Users/ianbruce/Herd/funlynk-v2/backend/vendor/doctrine/dbal/src/Schema/AbstractSchemaManager.php:617
/Users/ianbruce/Herd/funlynk-v2/backend/vendor/laravel/framework/src/Illuminate/Database/Schema/Grammars/Grammar.php:333
/Users/ianbruce/Herd/funlynk-v2/backend/vendor/laravel/framework/src/Illuminate/Database/Schema/Grammars/SQLiteGrammar.php:413
/Users/ianbruce/Herd/funlynk-v2/backend/vendor/laravel/framework/src/Illuminate/Database/Schema/Blueprint.php:140
/Users/ianbruce/Herd/funlynk-v2/backend/vendor/laravel/framework/src/Illuminate/Database/Schema/Blueprint.php:109
/Users/ianbruce/Herd/funlynk-v2/backend/vendor/laravel/framework/src/Illuminate/Database/Schema/Builder.php:602
/Users/ianbruce/Herd/funlynk-v2/backend/vendor/laravel/framework/src/Illuminate/Database/Schema/Builder.php:444
/Users/ianbruce/Herd/funlynk-v2/backend/vendor/laravel/framework/src/Illuminate/Support/Facades/Facade.php:355
/Users/ianbruce/Herd/funlynk-v2/backend/database/migrations/2025_01_15_000001_update_spark_program_character_topics_table.php:13
/Users/ianbruce/Herd/funlynk-v2/backend/vendor/laravel/framework/src/Illuminate/Database/Migrations/Migrator.php:501
/Users/ianbruce/Herd/funlynk-v2/backend/vendor/laravel/framework/src/Illuminate/Database/Migrations/Migrator.php:418
/Users/ianbruce/Herd/funlynk-v2/backend/vendor/laravel/framework/src/Illuminate/Database/Migrations/Migrator.php:427
/Users/ianbruce/Herd/funlynk-v2/backend/vendor/laravel/framework/src/Illuminate/Database/Migrations/Migrator.php:224
/Users/ianbruce/Herd/funlynk-v2/backend/vendor/laravel/framework/src/Illuminate/Console/View/Components/Task.php:37
/Users/ianbruce/Herd/funlynk-v2/backend/vendor/laravel/framework/src/Illuminate/Database/Migrations/Migrator.php:783
/Users/ianbruce/Herd/funlynk-v2/backend/vendor/laravel/framework/src/Illuminate/Database/Migrations/Migrator.php:224
/Users/ianbruce/Herd/funlynk-v2/backend/vendor/laravel/framework/src/Illuminate/Database/Migrations/Migrator.php:189
/Users/ianbruce/Herd/funlynk-v2/backend/vendor/laravel/framework/src/Illuminate/Database/Migrations/Migrator.php:132
/Users/ianbruce/Herd/funlynk-v2/backend/vendor/laravel/framework/src/Illuminate/Database/Console/Migrations/MigrateCommand.php:90
/Users/ianbruce/Herd/funlynk-v2/backend/vendor/laravel/framework/src/Illuminate/Database/Migrations/Migrator.php:641
/Users/ianbruce/Herd/funlynk-v2/backend/vendor/laravel/framework/src/Illuminate/Database/Console/Migrations/MigrateCommand.php:83
/Users/ianbruce/Herd/funlynk-v2/backend/vendor/laravel/framework/src/Illuminate/Container/BoundMethod.php:36
/Users/ianbruce/Herd/funlynk-v2/backend/vendor/laravel/framework/src/Illuminate/Container/Util.php:41
/Users/ianbruce/Herd/funlynk-v2/backend/vendor/laravel/framework/src/Illuminate/Container/BoundMethod.php:93
/Users/ianbruce/Herd/funlynk-v2/backend/vendor/laravel/framework/src/Illuminate/Container/BoundMethod.php:35
/Users/ianbruce/Herd/funlynk-v2/backend/vendor/laravel/framework/src/Illuminate/Container/Container.php:662
/Users/ianbruce/Herd/funlynk-v2/backend/vendor/laravel/framework/src/Illuminate/Console/Command.php:211
/Users/ianbruce/Herd/funlynk-v2/backend/vendor/symfony/console/Command/Command.php:326
/Users/ianbruce/Herd/funlynk-v2/backend/vendor/laravel/framework/src/Illuminate/Console/Command.php:180
/Users/ianbruce/Herd/funlynk-v2/backend/vendor/symfony/console/Application.php:1078
/Users/ianbruce/Herd/funlynk-v2/backend/vendor/symfony/console/Application.php:324
/Users/ianbruce/Herd/funlynk-v2/backend/vendor/symfony/console/Application.php:175
/Users/ianbruce/Herd/funlynk-v2/backend/vendor/laravel/framework/src/Illuminate/Console/Application.php:162
/Users/ianbruce/Herd/funlynk-v2/backend/vendor/laravel/framework/src/Illuminate/Foundation/Console/Kernel.php:400
/Users/ianbruce/Herd/funlynk-v2/backend/vendor/laravel/framework/src/Illuminate/Testing/PendingCommand.php:297
/Users/ianbruce/Herd/funlynk-v2/backend/vendor/laravel/framework/src/Illuminate/Testing/PendingCommand.php:484
/Users/ianbruce/Herd/funlynk-v2/backend/vendor/laravel/framework/src/Illuminate/Foundation/Testing/Concerns/InteractsWithConsole.php:80
/Users/ianbruce/Herd/funlynk-v2/backend/vendor/laravel/framework/src/Illuminate/Foundation/Testing/RefreshDatabase.php:47
/Users/ianbruce/Herd/funlynk-v2/backend/vendor/laravel/framework/src/Illuminate/Foundation/Testing/RefreshDatabase.php:22
/Users/ianbruce/Herd/funlynk-v2/backend/vendor/laravel/framework/src/Illuminate/Foundation/Testing/Concerns/InteractsWithTestCaseLifecycle.php:183
/Users/ianbruce/Herd/funlynk-v2/backend/vendor/laravel/framework/src/Illuminate/Foundation/Testing/Concerns/InteractsWithTestCaseLifecycle.php:84
/Users/ianbruce/Herd/funlynk-v2/backend/vendor/laravel/framework/src/Illuminate/Foundation/Testing/TestCase.php:40
/Users/ianbruce/Herd/funlynk-v2/backend/tests/TestCase.php:17
/Users/ianbruce/Herd/funlynk-v2/backend/tests/Unit/Spark/ProgramServiceTest.php:26</error>
    </testcase>
    <testcase name="it_can_filter_programs_by_grade_level" file="/Users/ianbruce/Herd/funlynk-v2/backend/tests/Unit/Spark/ProgramServiceTest.php" line="52" class="Tests\Unit\Spark\ProgramServiceTest" classname="Tests.Unit.Spark.ProgramServiceTest" assertions="0" time="0.000000">
      <error type="Doctrine\DBAL\Schema\Exception\TableDoesNotExist">Tests\Unit\Spark\ProgramServiceTest::it_can_filter_programs_by_grade_level
Doctrine\DBAL\Schema\Exception\TableDoesNotExist: There is no table with name "spark_program_character_topics" in the schema.

/Users/ianbruce/Herd/funlynk-v2/backend/vendor/doctrine/dbal/src/Schema/Exception/TableDoesNotExist.php:15
/Users/ianbruce/Herd/funlynk-v2/backend/vendor/doctrine/dbal/src/Schema/SchemaException.php:67
/Users/ianbruce/Herd/funlynk-v2/backend/vendor/doctrine/dbal/src/Schema/AbstractSchemaManager.php:617
/Users/ianbruce/Herd/funlynk-v2/backend/vendor/laravel/framework/src/Illuminate/Database/Schema/Grammars/Grammar.php:333
/Users/ianbruce/Herd/funlynk-v2/backend/vendor/laravel/framework/src/Illuminate/Database/Schema/Grammars/SQLiteGrammar.php:413
/Users/ianbruce/Herd/funlynk-v2/backend/vendor/laravel/framework/src/Illuminate/Database/Schema/Blueprint.php:140
/Users/ianbruce/Herd/funlynk-v2/backend/vendor/laravel/framework/src/Illuminate/Database/Schema/Blueprint.php:109
/Users/ianbruce/Herd/funlynk-v2/backend/vendor/laravel/framework/src/Illuminate/Database/Schema/Builder.php:602
/Users/ianbruce/Herd/funlynk-v2/backend/vendor/laravel/framework/src/Illuminate/Database/Schema/Builder.php:444
/Users/ianbruce/Herd/funlynk-v2/backend/vendor/laravel/framework/src/Illuminate/Support/Facades/Facade.php:355
/Users/ianbruce/Herd/funlynk-v2/backend/database/migrations/2025_01_15_000001_update_spark_program_character_topics_table.php:13
/Users/ianbruce/Herd/funlynk-v2/backend/vendor/laravel/framework/src/Illuminate/Database/Migrations/Migrator.php:501
/Users/ianbruce/Herd/funlynk-v2/backend/vendor/laravel/framework/src/Illuminate/Database/Migrations/Migrator.php:418
/Users/ianbruce/Herd/funlynk-v2/backend/vendor/laravel/framework/src/Illuminate/Database/Migrations/Migrator.php:427
/Users/ianbruce/Herd/funlynk-v2/backend/vendor/laravel/framework/src/Illuminate/Database/Migrations/Migrator.php:224
/Users/ianbruce/Herd/funlynk-v2/backend/vendor/laravel/framework/src/Illuminate/Console/View/Components/Task.php:37
/Users/ianbruce/Herd/funlynk-v2/backend/vendor/laravel/framework/src/Illuminate/Database/Migrations/Migrator.php:783
/Users/ianbruce/Herd/funlynk-v2/backend/vendor/laravel/framework/src/Illuminate/Database/Migrations/Migrator.php:224
/Users/ianbruce/Herd/funlynk-v2/backend/vendor/laravel/framework/src/Illuminate/Database/Migrations/Migrator.php:189
/Users/ianbruce/Herd/funlynk-v2/backend/vendor/laravel/framework/src/Illuminate/Database/Migrations/Migrator.php:132
/Users/ianbruce/Herd/funlynk-v2/backend/vendor/laravel/framework/src/Illuminate/Database/Console/Migrations/MigrateCommand.php:90
/Users/ianbruce/Herd/funlynk-v2/backend/vendor/laravel/framework/src/Illuminate/Database/Migrations/Migrator.php:641
/Users/ianbruce/Herd/funlynk-v2/backend/vendor/laravel/framework/src/Illuminate/Database/Console/Migrations/MigrateCommand.php:83
/Users/ianbruce/Herd/funlynk-v2/backend/vendor/laravel/framework/src/Illuminate/Container/BoundMethod.php:36
/Users/ianbruce/Herd/funlynk-v2/backend/vendor/laravel/framework/src/Illuminate/Container/Util.php:41
/Users/ianbruce/Herd/funlynk-v2/backend/vendor/laravel/framework/src/Illuminate/Container/BoundMethod.php:93
/Users/ianbruce/Herd/funlynk-v2/backend/vendor/laravel/framework/src/Illuminate/Container/BoundMethod.php:35
/Users/ianbruce/Herd/funlynk-v2/backend/vendor/laravel/framework/src/Illuminate/Container/Container.php:662
/Users/ianbruce/Herd/funlynk-v2/backend/vendor/laravel/framework/src/Illuminate/Console/Command.php:211
/Users/ianbruce/Herd/funlynk-v2/backend/vendor/symfony/console/Command/Command.php:326
/Users/ianbruce/Herd/funlynk-v2/backend/vendor/laravel/framework/src/Illuminate/Console/Command.php:180
/Users/ianbruce/Herd/funlynk-v2/backend/vendor/symfony/console/Application.php:1078
/Users/ianbruce/Herd/funlynk-v2/backend/vendor/symfony/console/Application.php:324
/Users/ianbruce/Herd/funlynk-v2/backend/vendor/symfony/console/Application.php:175
/Users/ianbruce/Herd/funlynk-v2/backend/vendor/laravel/framework/src/Illuminate/Console/Application.php:162
/Users/ianbruce/Herd/funlynk-v2/backend/vendor/laravel/framework/src/Illuminate/Foundation/Console/Kernel.php:400
/Users/ianbruce/Herd/funlynk-v2/backend/vendor/laravel/framework/src/Illuminate/Testing/PendingCommand.php:297
/Users/ianbruce/Herd/funlynk-v2/backend/vendor/laravel/framework/src/Illuminate/Testing/PendingCommand.php:484
/Users/ianbruce/Herd/funlynk-v2/backend/vendor/laravel/framework/src/Illuminate/Foundation/Testing/Concerns/InteractsWithConsole.php:80
/Users/ianbruce/Herd/funlynk-v2/backend/vendor/laravel/framework/src/Illuminate/Foundation/Testing/RefreshDatabase.php:47
/Users/ianbruce/Herd/funlynk-v2/backend/vendor/laravel/framework/src/Illuminate/Foundation/Testing/RefreshDatabase.php:22
/Users/ianbruce/Herd/funlynk-v2/backend/vendor/laravel/framework/src/Illuminate/Foundation/Testing/Concerns/InteractsWithTestCaseLifecycle.php:183
/Users/ianbruce/Herd/funlynk-v2/backend/vendor/laravel/framework/src/Illuminate/Foundation/Testing/Concerns/InteractsWithTestCaseLifecycle.php:84
/Users/ianbruce/Herd/funlynk-v2/backend/vendor/laravel/framework/src/Illuminate/Foundation/Testing/TestCase.php:40
/Users/ianbruce/Herd/funlynk-v2/backend/tests/TestCase.php:17
/Users/ianbruce/Herd/funlynk-v2/backend/tests/Unit/Spark/ProgramServiceTest.php:26</error>
    </testcase>
    <testcase name="it_can_filter_programs_by_character_topic" file="/Users/ianbruce/Herd/funlynk-v2/backend/tests/Unit/Spark/ProgramServiceTest.php" line="73" class="Tests\Unit\Spark\ProgramServiceTest" classname="Tests.Unit.Spark.ProgramServiceTest" assertions="0" time="0.000000">
      <error type="Doctrine\DBAL\Schema\Exception\TableDoesNotExist">Tests\Unit\Spark\ProgramServiceTest::it_can_filter_programs_by_character_topic
Doctrine\DBAL\Schema\Exception\TableDoesNotExist: There is no table with name "spark_program_character_topics" in the schema.

/Users/ianbruce/Herd/funlynk-v2/backend/vendor/doctrine/dbal/src/Schema/Exception/TableDoesNotExist.php:15
/Users/ianbruce/Herd/funlynk-v2/backend/vendor/doctrine/dbal/src/Schema/SchemaException.php:67
/Users/ianbruce/Herd/funlynk-v2/backend/vendor/doctrine/dbal/src/Schema/AbstractSchemaManager.php:617
/Users/ianbruce/Herd/funlynk-v2/backend/vendor/laravel/framework/src/Illuminate/Database/Schema/Grammars/Grammar.php:333
/Users/ianbruce/Herd/funlynk-v2/backend/vendor/laravel/framework/src/Illuminate/Database/Schema/Grammars/SQLiteGrammar.php:413
/Users/ianbruce/Herd/funlynk-v2/backend/vendor/laravel/framework/src/Illuminate/Database/Schema/Blueprint.php:140
/Users/ianbruce/Herd/funlynk-v2/backend/vendor/laravel/framework/src/Illuminate/Database/Schema/Blueprint.php:109
/Users/ianbruce/Herd/funlynk-v2/backend/vendor/laravel/framework/src/Illuminate/Database/Schema/Builder.php:602
/Users/ianbruce/Herd/funlynk-v2/backend/vendor/laravel/framework/src/Illuminate/Database/Schema/Builder.php:444
/Users/ianbruce/Herd/funlynk-v2/backend/vendor/laravel/framework/src/Illuminate/Support/Facades/Facade.php:355
/Users/ianbruce/Herd/funlynk-v2/backend/database/migrations/2025_01_15_000001_update_spark_program_character_topics_table.php:13
/Users/ianbruce/Herd/funlynk-v2/backend/vendor/laravel/framework/src/Illuminate/Database/Migrations/Migrator.php:501
/Users/ianbruce/Herd/funlynk-v2/backend/vendor/laravel/framework/src/Illuminate/Database/Migrations/Migrator.php:418
/Users/ianbruce/Herd/funlynk-v2/backend/vendor/laravel/framework/src/Illuminate/Database/Migrations/Migrator.php:427
/Users/ianbruce/Herd/funlynk-v2/backend/vendor/laravel/framework/src/Illuminate/Database/Migrations/Migrator.php:224
/Users/ianbruce/Herd/funlynk-v2/backend/vendor/laravel/framework/src/Illuminate/Console/View/Components/Task.php:37
/Users/ianbruce/Herd/funlynk-v2/backend/vendor/laravel/framework/src/Illuminate/Database/Migrations/Migrator.php:783
/Users/ianbruce/Herd/funlynk-v2/backend/vendor/laravel/framework/src/Illuminate/Database/Migrations/Migrator.php:224
/Users/ianbruce/Herd/funlynk-v2/backend/vendor/laravel/framework/src/Illuminate/Database/Migrations/Migrator.php:189
/Users/ianbruce/Herd/funlynk-v2/backend/vendor/laravel/framework/src/Illuminate/Database/Migrations/Migrator.php:132
/Users/ianbruce/Herd/funlynk-v2/backend/vendor/laravel/framework/src/Illuminate/Database/Console/Migrations/MigrateCommand.php:90
/Users/ianbruce/Herd/funlynk-v2/backend/vendor/laravel/framework/src/Illuminate/Database/Migrations/Migrator.php:641
/Users/ianbruce/Herd/funlynk-v2/backend/vendor/laravel/framework/src/Illuminate/Database/Console/Migrations/MigrateCommand.php:83
/Users/ianbruce/Herd/funlynk-v2/backend/vendor/laravel/framework/src/Illuminate/Container/BoundMethod.php:36
/Users/ianbruce/Herd/funlynk-v2/backend/vendor/laravel/framework/src/Illuminate/Container/Util.php:41
/Users/ianbruce/Herd/funlynk-v2/backend/vendor/laravel/framework/src/Illuminate/Container/BoundMethod.php:93
/Users/ianbruce/Herd/funlynk-v2/backend/vendor/laravel/framework/src/Illuminate/Container/BoundMethod.php:35
/Users/ianbruce/Herd/funlynk-v2/backend/vendor/laravel/framework/src/Illuminate/Container/Container.php:662
/Users/ianbruce/Herd/funlynk-v2/backend/vendor/laravel/framework/src/Illuminate/Console/Command.php:211
/Users/ianbruce/Herd/funlynk-v2/backend/vendor/symfony/console/Command/Command.php:326
/Users/ianbruce/Herd/funlynk-v2/backend/vendor/laravel/framework/src/Illuminate/Console/Command.php:180
/Users/ianbruce/Herd/funlynk-v2/backend/vendor/symfony/console/Application.php:1078
/Users/ianbruce/Herd/funlynk-v2/backend/vendor/symfony/console/Application.php:324
/Users/ianbruce/Herd/funlynk-v2/backend/vendor/symfony/console/Application.php:175
/Users/ianbruce/Herd/funlynk-v2/backend/vendor/laravel/framework/src/Illuminate/Console/Application.php:162
/Users/ianbruce/Herd/funlynk-v2/backend/vendor/laravel/framework/src/Illuminate/Foundation/Console/Kernel.php:400
/Users/ianbruce/Herd/funlynk-v2/backend/vendor/laravel/framework/src/Illuminate/Testing/PendingCommand.php:297
/Users/ianbruce/Herd/funlynk-v2/backend/vendor/laravel/framework/src/Illuminate/Testing/PendingCommand.php:484
/Users/ianbruce/Herd/funlynk-v2/backend/vendor/laravel/framework/src/Illuminate/Foundation/Testing/Concerns/InteractsWithConsole.php:80
/Users/ianbruce/Herd/funlynk-v2/backend/vendor/laravel/framework/src/Illuminate/Foundation/Testing/RefreshDatabase.php:47
/Users/ianbruce/Herd/funlynk-v2/backend/vendor/laravel/framework/src/Illuminate/Foundation/Testing/RefreshDatabase.php:22
/Users/ianbruce/Herd/funlynk-v2/backend/vendor/laravel/framework/src/Illuminate/Foundation/Testing/Concerns/InteractsWithTestCaseLifecycle.php:183
/Users/ianbruce/Herd/funlynk-v2/backend/vendor/laravel/framework/src/Illuminate/Foundation/Testing/Concerns/InteractsWithTestCaseLifecycle.php:84
/Users/ianbruce/Herd/funlynk-v2/backend/vendor/laravel/framework/src/Illuminate/Foundation/Testing/TestCase.php:40
/Users/ianbruce/Herd/funlynk-v2/backend/tests/TestCase.php:17
/Users/ianbruce/Herd/funlynk-v2/backend/tests/Unit/Spark/ProgramServiceTest.php:26</error>
    </testcase>
    <testcase name="it_can_filter_programs_by_duration_range" file="/Users/ianbruce/Herd/funlynk-v2/backend/tests/Unit/Spark/ProgramServiceTest.php" line="94" class="Tests\Unit\Spark\ProgramServiceTest" classname="Tests.Unit.Spark.ProgramServiceTest" assertions="0" time="0.000000">
      <error type="Doctrine\DBAL\Schema\Exception\TableDoesNotExist">Tests\Unit\Spark\ProgramServiceTest::it_can_filter_programs_by_duration_range
Doctrine\DBAL\Schema\Exception\TableDoesNotExist: There is no table with name "spark_program_character_topics" in the schema.

/Users/ianbruce/Herd/funlynk-v2/backend/vendor/doctrine/dbal/src/Schema/Exception/TableDoesNotExist.php:15
/Users/ianbruce/Herd/funlynk-v2/backend/vendor/doctrine/dbal/src/Schema/SchemaException.php:67
/Users/ianbruce/Herd/funlynk-v2/backend/vendor/doctrine/dbal/src/Schema/AbstractSchemaManager.php:617
/Users/ianbruce/Herd/funlynk-v2/backend/vendor/laravel/framework/src/Illuminate/Database/Schema/Grammars/Grammar.php:333
/Users/ianbruce/Herd/funlynk-v2/backend/vendor/laravel/framework/src/Illuminate/Database/Schema/Grammars/SQLiteGrammar.php:413
/Users/ianbruce/Herd/funlynk-v2/backend/vendor/laravel/framework/src/Illuminate/Database/Schema/Blueprint.php:140
/Users/ianbruce/Herd/funlynk-v2/backend/vendor/laravel/framework/src/Illuminate/Database/Schema/Blueprint.php:109
/Users/ianbruce/Herd/funlynk-v2/backend/vendor/laravel/framework/src/Illuminate/Database/Schema/Builder.php:602
/Users/ianbruce/Herd/funlynk-v2/backend/vendor/laravel/framework/src/Illuminate/Database/Schema/Builder.php:444
/Users/ianbruce/Herd/funlynk-v2/backend/vendor/laravel/framework/src/Illuminate/Support/Facades/Facade.php:355
/Users/ianbruce/Herd/funlynk-v2/backend/database/migrations/2025_01_15_000001_update_spark_program_character_topics_table.php:13
/Users/ianbruce/Herd/funlynk-v2/backend/vendor/laravel/framework/src/Illuminate/Database/Migrations/Migrator.php:501
/Users/ianbruce/Herd/funlynk-v2/backend/vendor/laravel/framework/src/Illuminate/Database/Migrations/Migrator.php:418
/Users/ianbruce/Herd/funlynk-v2/backend/vendor/laravel/framework/src/Illuminate/Database/Migrations/Migrator.php:427
/Users/ianbruce/Herd/funlynk-v2/backend/vendor/laravel/framework/src/Illuminate/Database/Migrations/Migrator.php:224
/Users/ianbruce/Herd/funlynk-v2/backend/vendor/laravel/framework/src/Illuminate/Console/View/Components/Task.php:37
/Users/ianbruce/Herd/funlynk-v2/backend/vendor/laravel/framework/src/Illuminate/Database/Migrations/Migrator.php:783
/Users/ianbruce/Herd/funlynk-v2/backend/vendor/laravel/framework/src/Illuminate/Database/Migrations/Migrator.php:224
/Users/ianbruce/Herd/funlynk-v2/backend/vendor/laravel/framework/src/Illuminate/Database/Migrations/Migrator.php:189
/Users/ianbruce/Herd/funlynk-v2/backend/vendor/laravel/framework/src/Illuminate/Database/Migrations/Migrator.php:132
/Users/ianbruce/Herd/funlynk-v2/backend/vendor/laravel/framework/src/Illuminate/Database/Console/Migrations/MigrateCommand.php:90
/Users/ianbruce/Herd/funlynk-v2/backend/vendor/laravel/framework/src/Illuminate/Database/Migrations/Migrator.php:641
/Users/ianbruce/Herd/funlynk-v2/backend/vendor/laravel/framework/src/Illuminate/Database/Console/Migrations/MigrateCommand.php:83
/Users/ianbruce/Herd/funlynk-v2/backend/vendor/laravel/framework/src/Illuminate/Container/BoundMethod.php:36
/Users/ianbruce/Herd/funlynk-v2/backend/vendor/laravel/framework/src/Illuminate/Container/Util.php:41
/Users/ianbruce/Herd/funlynk-v2/backend/vendor/laravel/framework/src/Illuminate/Container/BoundMethod.php:93
/Users/ianbruce/Herd/funlynk-v2/backend/vendor/laravel/framework/src/Illuminate/Container/BoundMethod.php:35
/Users/ianbruce/Herd/funlynk-v2/backend/vendor/laravel/framework/src/Illuminate/Container/Container.php:662
/Users/ianbruce/Herd/funlynk-v2/backend/vendor/laravel/framework/src/Illuminate/Console/Command.php:211
/Users/ianbruce/Herd/funlynk-v2/backend/vendor/symfony/console/Command/Command.php:326
/Users/ianbruce/Herd/funlynk-v2/backend/vendor/laravel/framework/src/Illuminate/Console/Command.php:180
/Users/ianbruce/Herd/funlynk-v2/backend/vendor/symfony/console/Application.php:1078
/Users/ianbruce/Herd/funlynk-v2/backend/vendor/symfony/console/Application.php:324
/Users/ianbruce/Herd/funlynk-v2/backend/vendor/symfony/console/Application.php:175
/Users/ianbruce/Herd/funlynk-v2/backend/vendor/laravel/framework/src/Illuminate/Console/Application.php:162
/Users/ianbruce/Herd/funlynk-v2/backend/vendor/laravel/framework/src/Illuminate/Foundation/Console/Kernel.php:400
/Users/ianbruce/Herd/funlynk-v2/backend/vendor/laravel/framework/src/Illuminate/Testing/PendingCommand.php:297
/Users/ianbruce/Herd/funlynk-v2/backend/vendor/laravel/framework/src/Illuminate/Testing/PendingCommand.php:484
/Users/ianbruce/Herd/funlynk-v2/backend/vendor/laravel/framework/src/Illuminate/Foundation/Testing/Concerns/InteractsWithConsole.php:80
/Users/ianbruce/Herd/funlynk-v2/backend/vendor/laravel/framework/src/Illuminate/Foundation/Testing/RefreshDatabase.php:47
/Users/ianbruce/Herd/funlynk-v2/backend/vendor/laravel/framework/src/Illuminate/Foundation/Testing/RefreshDatabase.php:22
/Users/ianbruce/Herd/funlynk-v2/backend/vendor/laravel/framework/src/Illuminate/Foundation/Testing/Concerns/InteractsWithTestCaseLifecycle.php:183
/Users/ianbruce/Herd/funlynk-v2/backend/vendor/laravel/framework/src/Illuminate/Foundation/Testing/Concerns/InteractsWithTestCaseLifecycle.php:84
/Users/ianbruce/Herd/funlynk-v2/backend/vendor/laravel/framework/src/Illuminate/Foundation/Testing/TestCase.php:40
/Users/ianbruce/Herd/funlynk-v2/backend/tests/TestCase.php:17
/Users/ianbruce/Herd/funlynk-v2/backend/tests/Unit/Spark/ProgramServiceTest.php:26</error>
    </testcase>
    <testcase name="it_can_filter_programs_by_capacity_range" file="/Users/ianbruce/Herd/funlynk-v2/backend/tests/Unit/Spark/ProgramServiceTest.php" line="115" class="Tests\Unit\Spark\ProgramServiceTest" classname="Tests.Unit.Spark.ProgramServiceTest" assertions="0" time="0.000000">
      <error type="Doctrine\DBAL\Schema\Exception\TableDoesNotExist">Tests\Unit\Spark\ProgramServiceTest::it_can_filter_programs_by_capacity_range
Doctrine\DBAL\Schema\Exception\TableDoesNotExist: There is no table with name "spark_program_character_topics" in the schema.

/Users/ianbruce/Herd/funlynk-v2/backend/vendor/doctrine/dbal/src/Schema/Exception/TableDoesNotExist.php:15
/Users/ianbruce/Herd/funlynk-v2/backend/vendor/doctrine/dbal/src/Schema/SchemaException.php:67
/Users/ianbruce/Herd/funlynk-v2/backend/vendor/doctrine/dbal/src/Schema/AbstractSchemaManager.php:617
/Users/ianbruce/Herd/funlynk-v2/backend/vendor/laravel/framework/src/Illuminate/Database/Schema/Grammars/Grammar.php:333
/Users/ianbruce/Herd/funlynk-v2/backend/vendor/laravel/framework/src/Illuminate/Database/Schema/Grammars/SQLiteGrammar.php:413
/Users/ianbruce/Herd/funlynk-v2/backend/vendor/laravel/framework/src/Illuminate/Database/Schema/Blueprint.php:140
/Users/ianbruce/Herd/funlynk-v2/backend/vendor/laravel/framework/src/Illuminate/Database/Schema/Blueprint.php:109
/Users/ianbruce/Herd/funlynk-v2/backend/vendor/laravel/framework/src/Illuminate/Database/Schema/Builder.php:602
/Users/ianbruce/Herd/funlynk-v2/backend/vendor/laravel/framework/src/Illuminate/Database/Schema/Builder.php:444
/Users/ianbruce/Herd/funlynk-v2/backend/vendor/laravel/framework/src/Illuminate/Support/Facades/Facade.php:355
/Users/ianbruce/Herd/funlynk-v2/backend/database/migrations/2025_01_15_000001_update_spark_program_character_topics_table.php:13
/Users/ianbruce/Herd/funlynk-v2/backend/vendor/laravel/framework/src/Illuminate/Database/Migrations/Migrator.php:501
/Users/ianbruce/Herd/funlynk-v2/backend/vendor/laravel/framework/src/Illuminate/Database/Migrations/Migrator.php:418
/Users/ianbruce/Herd/funlynk-v2/backend/vendor/laravel/framework/src/Illuminate/Database/Migrations/Migrator.php:427
/Users/ianbruce/Herd/funlynk-v2/backend/vendor/laravel/framework/src/Illuminate/Database/Migrations/Migrator.php:224
/Users/ianbruce/Herd/funlynk-v2/backend/vendor/laravel/framework/src/Illuminate/Console/View/Components/Task.php:37
/Users/ianbruce/Herd/funlynk-v2/backend/vendor/laravel/framework/src/Illuminate/Database/Migrations/Migrator.php:783
/Users/ianbruce/Herd/funlynk-v2/backend/vendor/laravel/framework/src/Illuminate/Database/Migrations/Migrator.php:224
/Users/ianbruce/Herd/funlynk-v2/backend/vendor/laravel/framework/src/Illuminate/Database/Migrations/Migrator.php:189
/Users/ianbruce/Herd/funlynk-v2/backend/vendor/laravel/framework/src/Illuminate/Database/Migrations/Migrator.php:132
/Users/ianbruce/Herd/funlynk-v2/backend/vendor/laravel/framework/src/Illuminate/Database/Console/Migrations/MigrateCommand.php:90
/Users/ianbruce/Herd/funlynk-v2/backend/vendor/laravel/framework/src/Illuminate/Database/Migrations/Migrator.php:641
/Users/ianbruce/Herd/funlynk-v2/backend/vendor/laravel/framework/src/Illuminate/Database/Console/Migrations/MigrateCommand.php:83
/Users/ianbruce/Herd/funlynk-v2/backend/vendor/laravel/framework/src/Illuminate/Container/BoundMethod.php:36
/Users/ianbruce/Herd/funlynk-v2/backend/vendor/laravel/framework/src/Illuminate/Container/Util.php:41
/Users/ianbruce/Herd/funlynk-v2/backend/vendor/laravel/framework/src/Illuminate/Container/BoundMethod.php:93
/Users/ianbruce/Herd/funlynk-v2/backend/vendor/laravel/framework/src/Illuminate/Container/BoundMethod.php:35
/Users/ianbruce/Herd/funlynk-v2/backend/vendor/laravel/framework/src/Illuminate/Container/Container.php:662
/Users/ianbruce/Herd/funlynk-v2/backend/vendor/laravel/framework/src/Illuminate/Console/Command.php:211
/Users/ianbruce/Herd/funlynk-v2/backend/vendor/symfony/console/Command/Command.php:326
/Users/ianbruce/Herd/funlynk-v2/backend/vendor/laravel/framework/src/Illuminate/Console/Command.php:180
/Users/ianbruce/Herd/funlynk-v2/backend/vendor/symfony/console/Application.php:1078
/Users/ianbruce/Herd/funlynk-v2/backend/vendor/symfony/console/Application.php:324
/Users/ianbruce/Herd/funlynk-v2/backend/vendor/symfony/console/Application.php:175
/Users/ianbruce/Herd/funlynk-v2/backend/vendor/laravel/framework/src/Illuminate/Console/Application.php:162
/Users/ianbruce/Herd/funlynk-v2/backend/vendor/laravel/framework/src/Illuminate/Foundation/Console/Kernel.php:400
/Users/ianbruce/Herd/funlynk-v2/backend/vendor/laravel/framework/src/Illuminate/Testing/PendingCommand.php:297
/Users/ianbruce/Herd/funlynk-v2/backend/vendor/laravel/framework/src/Illuminate/Testing/PendingCommand.php:484
/Users/ianbruce/Herd/funlynk-v2/backend/vendor/laravel/framework/src/Illuminate/Foundation/Testing/Concerns/InteractsWithConsole.php:80
/Users/ianbruce/Herd/funlynk-v2/backend/vendor/laravel/framework/src/Illuminate/Foundation/Testing/RefreshDatabase.php:47
/Users/ianbruce/Herd/funlynk-v2/backend/vendor/laravel/framework/src/Illuminate/Foundation/Testing/RefreshDatabase.php:22
/Users/ianbruce/Herd/funlynk-v2/backend/vendor/laravel/framework/src/Illuminate/Foundation/Testing/Concerns/InteractsWithTestCaseLifecycle.php:183
/Users/ianbruce/Herd/funlynk-v2/backend/vendor/laravel/framework/src/Illuminate/Foundation/Testing/Concerns/InteractsWithTestCaseLifecycle.php:84
/Users/ianbruce/Herd/funlynk-v2/backend/vendor/laravel/framework/src/Illuminate/Foundation/Testing/TestCase.php:40
/Users/ianbruce/Herd/funlynk-v2/backend/tests/TestCase.php:17
/Users/ianbruce/Herd/funlynk-v2/backend/tests/Unit/Spark/ProgramServiceTest.php:26</error>
    </testcase>
    <testcase name="it_can_search_programs_by_title_and_description" file="/Users/ianbruce/Herd/funlynk-v2/backend/tests/Unit/Spark/ProgramServiceTest.php" line="136" class="Tests\Unit\Spark\ProgramServiceTest" classname="Tests.Unit.Spark.ProgramServiceTest" assertions="0" time="0.000000">
      <error type="Doctrine\DBAL\Schema\Exception\TableDoesNotExist">Tests\Unit\Spark\ProgramServiceTest::it_can_search_programs_by_title_and_description
Doctrine\DBAL\Schema\Exception\TableDoesNotExist: There is no table with name "spark_program_character_topics" in the schema.

/Users/ianbruce/Herd/funlynk-v2/backend/vendor/doctrine/dbal/src/Schema/Exception/TableDoesNotExist.php:15
/Users/ianbruce/Herd/funlynk-v2/backend/vendor/doctrine/dbal/src/Schema/SchemaException.php:67
/Users/ianbruce/Herd/funlynk-v2/backend/vendor/doctrine/dbal/src/Schema/AbstractSchemaManager.php:617
/Users/ianbruce/Herd/funlynk-v2/backend/vendor/laravel/framework/src/Illuminate/Database/Schema/Grammars/Grammar.php:333
/Users/ianbruce/Herd/funlynk-v2/backend/vendor/laravel/framework/src/Illuminate/Database/Schema/Grammars/SQLiteGrammar.php:413
/Users/ianbruce/Herd/funlynk-v2/backend/vendor/laravel/framework/src/Illuminate/Database/Schema/Blueprint.php:140
/Users/ianbruce/Herd/funlynk-v2/backend/vendor/laravel/framework/src/Illuminate/Database/Schema/Blueprint.php:109
/Users/ianbruce/Herd/funlynk-v2/backend/vendor/laravel/framework/src/Illuminate/Database/Schema/Builder.php:602
/Users/ianbruce/Herd/funlynk-v2/backend/vendor/laravel/framework/src/Illuminate/Database/Schema/Builder.php:444
/Users/ianbruce/Herd/funlynk-v2/backend/vendor/laravel/framework/src/Illuminate/Support/Facades/Facade.php:355
/Users/ianbruce/Herd/funlynk-v2/backend/database/migrations/2025_01_15_000001_update_spark_program_character_topics_table.php:13
/Users/ianbruce/Herd/funlynk-v2/backend/vendor/laravel/framework/src/Illuminate/Database/Migrations/Migrator.php:501
/Users/ianbruce/Herd/funlynk-v2/backend/vendor/laravel/framework/src/Illuminate/Database/Migrations/Migrator.php:418
/Users/ianbruce/Herd/funlynk-v2/backend/vendor/laravel/framework/src/Illuminate/Database/Migrations/Migrator.php:427
/Users/ianbruce/Herd/funlynk-v2/backend/vendor/laravel/framework/src/Illuminate/Database/Migrations/Migrator.php:224
/Users/ianbruce/Herd/funlynk-v2/backend/vendor/laravel/framework/src/Illuminate/Console/View/Components/Task.php:37
/Users/ianbruce/Herd/funlynk-v2/backend/vendor/laravel/framework/src/Illuminate/Database/Migrations/Migrator.php:783
/Users/ianbruce/Herd/funlynk-v2/backend/vendor/laravel/framework/src/Illuminate/Database/Migrations/Migrator.php:224
/Users/ianbruce/Herd/funlynk-v2/backend/vendor/laravel/framework/src/Illuminate/Database/Migrations/Migrator.php:189
/Users/ianbruce/Herd/funlynk-v2/backend/vendor/laravel/framework/src/Illuminate/Database/Migrations/Migrator.php:132
/Users/ianbruce/Herd/funlynk-v2/backend/vendor/laravel/framework/src/Illuminate/Database/Console/Migrations/MigrateCommand.php:90
/Users/ianbruce/Herd/funlynk-v2/backend/vendor/laravel/framework/src/Illuminate/Database/Migrations/Migrator.php:641
/Users/ianbruce/Herd/funlynk-v2/backend/vendor/laravel/framework/src/Illuminate/Database/Console/Migrations/MigrateCommand.php:83
/Users/ianbruce/Herd/funlynk-v2/backend/vendor/laravel/framework/src/Illuminate/Container/BoundMethod.php:36
/Users/ianbruce/Herd/funlynk-v2/backend/vendor/laravel/framework/src/Illuminate/Container/Util.php:41
/Users/ianbruce/Herd/funlynk-v2/backend/vendor/laravel/framework/src/Illuminate/Container/BoundMethod.php:93
/Users/ianbruce/Herd/funlynk-v2/backend/vendor/laravel/framework/src/Illuminate/Container/BoundMethod.php:35
/Users/ianbruce/Herd/funlynk-v2/backend/vendor/laravel/framework/src/Illuminate/Container/Container.php:662
/Users/ianbruce/Herd/funlynk-v2/backend/vendor/laravel/framework/src/Illuminate/Console/Command.php:211
/Users/ianbruce/Herd/funlynk-v2/backend/vendor/symfony/console/Command/Command.php:326
/Users/ianbruce/Herd/funlynk-v2/backend/vendor/laravel/framework/src/Illuminate/Console/Command.php:180
/Users/ianbruce/Herd/funlynk-v2/backend/vendor/symfony/console/Application.php:1078
/Users/ianbruce/Herd/funlynk-v2/backend/vendor/symfony/console/Application.php:324
/Users/ianbruce/Herd/funlynk-v2/backend/vendor/symfony/console/Application.php:175
/Users/ianbruce/Herd/funlynk-v2/backend/vendor/laravel/framework/src/Illuminate/Console/Application.php:162
/Users/ianbruce/Herd/funlynk-v2/backend/vendor/laravel/framework/src/Illuminate/Foundation/Console/Kernel.php:400
/Users/ianbruce/Herd/funlynk-v2/backend/vendor/laravel/framework/src/Illuminate/Testing/PendingCommand.php:297
/Users/ianbruce/Herd/funlynk-v2/backend/vendor/laravel/framework/src/Illuminate/Testing/PendingCommand.php:484
/Users/ianbruce/Herd/funlynk-v2/backend/vendor/laravel/framework/src/Illuminate/Foundation/Testing/Concerns/InteractsWithConsole.php:80
/Users/ianbruce/Herd/funlynk-v2/backend/vendor/laravel/framework/src/Illuminate/Foundation/Testing/RefreshDatabase.php:47
/Users/ianbruce/Herd/funlynk-v2/backend/vendor/laravel/framework/src/Illuminate/Foundation/Testing/RefreshDatabase.php:22
/Users/ianbruce/Herd/funlynk-v2/backend/vendor/laravel/framework/src/Illuminate/Foundation/Testing/Concerns/InteractsWithTestCaseLifecycle.php:183
/Users/ianbruce/Herd/funlynk-v2/backend/vendor/laravel/framework/src/Illuminate/Foundation/Testing/Concerns/InteractsWithTestCaseLifecycle.php:84
/Users/ianbruce/Herd/funlynk-v2/backend/vendor/laravel/framework/src/Illuminate/Foundation/Testing/TestCase.php:40
/Users/ianbruce/Herd/funlynk-v2/backend/tests/TestCase.php:17
/Users/ianbruce/Herd/funlynk-v2/backend/tests/Unit/Spark/ProgramServiceTest.php:26</error>
    </testcase>
    <testcase name="it_can_create_a_new_program" file="/Users/ianbruce/Herd/funlynk-v2/backend/tests/Unit/Spark/ProgramServiceTest.php" line="162" class="Tests\Unit\Spark\ProgramServiceTest" classname="Tests.Unit.Spark.ProgramServiceTest" assertions="0" time="0.000000">
      <error type="Doctrine\DBAL\Schema\Exception\TableDoesNotExist">Tests\Unit\Spark\ProgramServiceTest::it_can_create_a_new_program
Doctrine\DBAL\Schema\Exception\TableDoesNotExist: There is no table with name "spark_program_character_topics" in the schema.

/Users/ianbruce/Herd/funlynk-v2/backend/vendor/doctrine/dbal/src/Schema/Exception/TableDoesNotExist.php:15
/Users/ianbruce/Herd/funlynk-v2/backend/vendor/doctrine/dbal/src/Schema/SchemaException.php:67
/Users/ianbruce/Herd/funlynk-v2/backend/vendor/doctrine/dbal/src/Schema/AbstractSchemaManager.php:617
/Users/ianbruce/Herd/funlynk-v2/backend/vendor/laravel/framework/src/Illuminate/Database/Schema/Grammars/Grammar.php:333
/Users/ianbruce/Herd/funlynk-v2/backend/vendor/laravel/framework/src/Illuminate/Database/Schema/Grammars/SQLiteGrammar.php:413
/Users/ianbruce/Herd/funlynk-v2/backend/vendor/laravel/framework/src/Illuminate/Database/Schema/Blueprint.php:140
/Users/ianbruce/Herd/funlynk-v2/backend/vendor/laravel/framework/src/Illuminate/Database/Schema/Blueprint.php:109
/Users/ianbruce/Herd/funlynk-v2/backend/vendor/laravel/framework/src/Illuminate/Database/Schema/Builder.php:602
/Users/ianbruce/Herd/funlynk-v2/backend/vendor/laravel/framework/src/Illuminate/Database/Schema/Builder.php:444
/Users/ianbruce/Herd/funlynk-v2/backend/vendor/laravel/framework/src/Illuminate/Support/Facades/Facade.php:355
/Users/ianbruce/Herd/funlynk-v2/backend/database/migrations/2025_01_15_000001_update_spark_program_character_topics_table.php:13
/Users/ianbruce/Herd/funlynk-v2/backend/vendor/laravel/framework/src/Illuminate/Database/Migrations/Migrator.php:501
/Users/ianbruce/Herd/funlynk-v2/backend/vendor/laravel/framework/src/Illuminate/Database/Migrations/Migrator.php:418
/Users/ianbruce/Herd/funlynk-v2/backend/vendor/laravel/framework/src/Illuminate/Database/Migrations/Migrator.php:427
/Users/ianbruce/Herd/funlynk-v2/backend/vendor/laravel/framework/src/Illuminate/Database/Migrations/Migrator.php:224
/Users/ianbruce/Herd/funlynk-v2/backend/vendor/laravel/framework/src/Illuminate/Console/View/Components/Task.php:37
/Users/ianbruce/Herd/funlynk-v2/backend/vendor/laravel/framework/src/Illuminate/Database/Migrations/Migrator.php:783
/Users/ianbruce/Herd/funlynk-v2/backend/vendor/laravel/framework/src/Illuminate/Database/Migrations/Migrator.php:224
/Users/ianbruce/Herd/funlynk-v2/backend/vendor/laravel/framework/src/Illuminate/Database/Migrations/Migrator.php:189
/Users/ianbruce/Herd/funlynk-v2/backend/vendor/laravel/framework/src/Illuminate/Database/Migrations/Migrator.php:132
/Users/ianbruce/Herd/funlynk-v2/backend/vendor/laravel/framework/src/Illuminate/Database/Console/Migrations/MigrateCommand.php:90
/Users/ianbruce/Herd/funlynk-v2/backend/vendor/laravel/framework/src/Illuminate/Database/Migrations/Migrator.php:641
/Users/ianbruce/Herd/funlynk-v2/backend/vendor/laravel/framework/src/Illuminate/Database/Console/Migrations/MigrateCommand.php:83
/Users/ianbruce/Herd/funlynk-v2/backend/vendor/laravel/framework/src/Illuminate/Container/BoundMethod.php:36
/Users/ianbruce/Herd/funlynk-v2/backend/vendor/laravel/framework/src/Illuminate/Container/Util.php:41
/Users/ianbruce/Herd/funlynk-v2/backend/vendor/laravel/framework/src/Illuminate/Container/BoundMethod.php:93
/Users/ianbruce/Herd/funlynk-v2/backend/vendor/laravel/framework/src/Illuminate/Container/BoundMethod.php:35
/Users/ianbruce/Herd/funlynk-v2/backend/vendor/laravel/framework/src/Illuminate/Container/Container.php:662
/Users/ianbruce/Herd/funlynk-v2/backend/vendor/laravel/framework/src/Illuminate/Console/Command.php:211
/Users/ianbruce/Herd/funlynk-v2/backend/vendor/symfony/console/Command/Command.php:326
/Users/ianbruce/Herd/funlynk-v2/backend/vendor/laravel/framework/src/Illuminate/Console/Command.php:180
/Users/ianbruce/Herd/funlynk-v2/backend/vendor/symfony/console/Application.php:1078
/Users/ianbruce/Herd/funlynk-v2/backend/vendor/symfony/console/Application.php:324
/Users/ianbruce/Herd/funlynk-v2/backend/vendor/symfony/console/Application.php:175
/Users/ianbruce/Herd/funlynk-v2/backend/vendor/laravel/framework/src/Illuminate/Console/Application.php:162
/Users/ianbruce/Herd/funlynk-v2/backend/vendor/laravel/framework/src/Illuminate/Foundation/Console/Kernel.php:400
/Users/ianbruce/Herd/funlynk-v2/backend/vendor/laravel/framework/src/Illuminate/Testing/PendingCommand.php:297
/Users/ianbruce/Herd/funlynk-v2/backend/vendor/laravel/framework/src/Illuminate/Testing/PendingCommand.php:484
/Users/ianbruce/Herd/funlynk-v2/backend/vendor/laravel/framework/src/Illuminate/Foundation/Testing/Concerns/InteractsWithConsole.php:80
/Users/ianbruce/Herd/funlynk-v2/backend/vendor/laravel/framework/src/Illuminate/Foundation/Testing/RefreshDatabase.php:47
/Users/ianbruce/Herd/funlynk-v2/backend/vendor/laravel/framework/src/Illuminate/Foundation/Testing/RefreshDatabase.php:22
/Users/ianbruce/Herd/funlynk-v2/backend/vendor/laravel/framework/src/Illuminate/Foundation/Testing/Concerns/InteractsWithTestCaseLifecycle.php:183
/Users/ianbruce/Herd/funlynk-v2/backend/vendor/laravel/framework/src/Illuminate/Foundation/Testing/Concerns/InteractsWithTestCaseLifecycle.php:84
/Users/ianbruce/Herd/funlynk-v2/backend/vendor/laravel/framework/src/Illuminate/Foundation/Testing/TestCase.php:40
/Users/ianbruce/Herd/funlynk-v2/backend/tests/TestCase.php:17
/Users/ianbruce/Herd/funlynk-v2/backend/tests/Unit/Spark/ProgramServiceTest.php:26</error>
    </testcase>
    <testcase name="it_can_get_program_by_id" file="/Users/ianbruce/Herd/funlynk-v2/backend/tests/Unit/Spark/ProgramServiceTest.php" line="187" class="Tests\Unit\Spark\ProgramServiceTest" classname="Tests.Unit.Spark.ProgramServiceTest" assertions="0" time="0.000000">
      <error type="Doctrine\DBAL\Schema\Exception\TableDoesNotExist">Tests\Unit\Spark\ProgramServiceTest::it_can_get_program_by_id
Doctrine\DBAL\Schema\Exception\TableDoesNotExist: There is no table with name "spark_program_character_topics" in the schema.

/Users/ianbruce/Herd/funlynk-v2/backend/vendor/doctrine/dbal/src/Schema/Exception/TableDoesNotExist.php:15
/Users/ianbruce/Herd/funlynk-v2/backend/vendor/doctrine/dbal/src/Schema/SchemaException.php:67
/Users/ianbruce/Herd/funlynk-v2/backend/vendor/doctrine/dbal/src/Schema/AbstractSchemaManager.php:617
/Users/ianbruce/Herd/funlynk-v2/backend/vendor/laravel/framework/src/Illuminate/Database/Schema/Grammars/Grammar.php:333
/Users/ianbruce/Herd/funlynk-v2/backend/vendor/laravel/framework/src/Illuminate/Database/Schema/Grammars/SQLiteGrammar.php:413
/Users/ianbruce/Herd/funlynk-v2/backend/vendor/laravel/framework/src/Illuminate/Database/Schema/Blueprint.php:140
/Users/ianbruce/Herd/funlynk-v2/backend/vendor/laravel/framework/src/Illuminate/Database/Schema/Blueprint.php:109
/Users/ianbruce/Herd/funlynk-v2/backend/vendor/laravel/framework/src/Illuminate/Database/Schema/Builder.php:602
/Users/ianbruce/Herd/funlynk-v2/backend/vendor/laravel/framework/src/Illuminate/Database/Schema/Builder.php:444
/Users/ianbruce/Herd/funlynk-v2/backend/vendor/laravel/framework/src/Illuminate/Support/Facades/Facade.php:355
/Users/ianbruce/Herd/funlynk-v2/backend/database/migrations/2025_01_15_000001_update_spark_program_character_topics_table.php:13
/Users/ianbruce/Herd/funlynk-v2/backend/vendor/laravel/framework/src/Illuminate/Database/Migrations/Migrator.php:501
/Users/ianbruce/Herd/funlynk-v2/backend/vendor/laravel/framework/src/Illuminate/Database/Migrations/Migrator.php:418
/Users/ianbruce/Herd/funlynk-v2/backend/vendor/laravel/framework/src/Illuminate/Database/Migrations/Migrator.php:427
/Users/ianbruce/Herd/funlynk-v2/backend/vendor/laravel/framework/src/Illuminate/Database/Migrations/Migrator.php:224
/Users/ianbruce/Herd/funlynk-v2/backend/vendor/laravel/framework/src/Illuminate/Console/View/Components/Task.php:37
/Users/ianbruce/Herd/funlynk-v2/backend/vendor/laravel/framework/src/Illuminate/Database/Migrations/Migrator.php:783
/Users/ianbruce/Herd/funlynk-v2/backend/vendor/laravel/framework/src/Illuminate/Database/Migrations/Migrator.php:224
/Users/ianbruce/Herd/funlynk-v2/backend/vendor/laravel/framework/src/Illuminate/Database/Migrations/Migrator.php:189
/Users/ianbruce/Herd/funlynk-v2/backend/vendor/laravel/framework/src/Illuminate/Database/Migrations/Migrator.php:132
/Users/ianbruce/Herd/funlynk-v2/backend/vendor/laravel/framework/src/Illuminate/Database/Console/Migrations/MigrateCommand.php:90
/Users/ianbruce/Herd/funlynk-v2/backend/vendor/laravel/framework/src/Illuminate/Database/Migrations/Migrator.php:641
/Users/ianbruce/Herd/funlynk-v2/backend/vendor/laravel/framework/src/Illuminate/Database/Console/Migrations/MigrateCommand.php:83
/Users/ianbruce/Herd/funlynk-v2/backend/vendor/laravel/framework/src/Illuminate/Container/BoundMethod.php:36
/Users/ianbruce/Herd/funlynk-v2/backend/vendor/laravel/framework/src/Illuminate/Container/Util.php:41
/Users/ianbruce/Herd/funlynk-v2/backend/vendor/laravel/framework/src/Illuminate/Container/BoundMethod.php:93
/Users/ianbruce/Herd/funlynk-v2/backend/vendor/laravel/framework/src/Illuminate/Container/BoundMethod.php:35
/Users/ianbruce/Herd/funlynk-v2/backend/vendor/laravel/framework/src/Illuminate/Container/Container.php:662
/Users/ianbruce/Herd/funlynk-v2/backend/vendor/laravel/framework/src/Illuminate/Console/Command.php:211
/Users/ianbruce/Herd/funlynk-v2/backend/vendor/symfony/console/Command/Command.php:326
/Users/ianbruce/Herd/funlynk-v2/backend/vendor/laravel/framework/src/Illuminate/Console/Command.php:180
/Users/ianbruce/Herd/funlynk-v2/backend/vendor/symfony/console/Application.php:1078
/Users/ianbruce/Herd/funlynk-v2/backend/vendor/symfony/console/Application.php:324
/Users/ianbruce/Herd/funlynk-v2/backend/vendor/symfony/console/Application.php:175
/Users/ianbruce/Herd/funlynk-v2/backend/vendor/laravel/framework/src/Illuminate/Console/Application.php:162
/Users/ianbruce/Herd/funlynk-v2/backend/vendor/laravel/framework/src/Illuminate/Foundation/Console/Kernel.php:400
/Users/ianbruce/Herd/funlynk-v2/backend/vendor/laravel/framework/src/Illuminate/Testing/PendingCommand.php:297
/Users/ianbruce/Herd/funlynk-v2/backend/vendor/laravel/framework/src/Illuminate/Testing/PendingCommand.php:484
/Users/ianbruce/Herd/funlynk-v2/backend/vendor/laravel/framework/src/Illuminate/Foundation/Testing/Concerns/InteractsWithConsole.php:80
/Users/ianbruce/Herd/funlynk-v2/backend/vendor/laravel/framework/src/Illuminate/Foundation/Testing/RefreshDatabase.php:47
/Users/ianbruce/Herd/funlynk-v2/backend/vendor/laravel/framework/src/Illuminate/Foundation/Testing/RefreshDatabase.php:22
/Users/ianbruce/Herd/funlynk-v2/backend/vendor/laravel/framework/src/Illuminate/Foundation/Testing/Concerns/InteractsWithTestCaseLifecycle.php:183
/Users/ianbruce/Herd/funlynk-v2/backend/vendor/laravel/framework/src/Illuminate/Foundation/Testing/Concerns/InteractsWithTestCaseLifecycle.php:84
/Users/ianbruce/Herd/funlynk-v2/backend/vendor/laravel/framework/src/Illuminate/Foundation/Testing/TestCase.php:40
/Users/ianbruce/Herd/funlynk-v2/backend/tests/TestCase.php:17
/Users/ianbruce/Herd/funlynk-v2/backend/tests/Unit/Spark/ProgramServiceTest.php:26</error>
    </testcase>
    <testcase name="it_returns_null_for_nonexistent_program" file="/Users/ianbruce/Herd/funlynk-v2/backend/tests/Unit/Spark/ProgramServiceTest.php" line="199" class="Tests\Unit\Spark\ProgramServiceTest" classname="Tests.Unit.Spark.ProgramServiceTest" assertions="0" time="0.000000">
      <error type="Doctrine\DBAL\Schema\Exception\TableDoesNotExist">Tests\Unit\Spark\ProgramServiceTest::it_returns_null_for_nonexistent_program
Doctrine\DBAL\Schema\Exception\TableDoesNotExist: There is no table with name "spark_program_character_topics" in the schema.

/Users/ianbruce/Herd/funlynk-v2/backend/vendor/doctrine/dbal/src/Schema/Exception/TableDoesNotExist.php:15
/Users/ianbruce/Herd/funlynk-v2/backend/vendor/doctrine/dbal/src/Schema/SchemaException.php:67
/Users/ianbruce/Herd/funlynk-v2/backend/vendor/doctrine/dbal/src/Schema/AbstractSchemaManager.php:617
/Users/ianbruce/Herd/funlynk-v2/backend/vendor/laravel/framework/src/Illuminate/Database/Schema/Grammars/Grammar.php:333
/Users/ianbruce/Herd/funlynk-v2/backend/vendor/laravel/framework/src/Illuminate/Database/Schema/Grammars/SQLiteGrammar.php:413
/Users/ianbruce/Herd/funlynk-v2/backend/vendor/laravel/framework/src/Illuminate/Database/Schema/Blueprint.php:140
/Users/ianbruce/Herd/funlynk-v2/backend/vendor/laravel/framework/src/Illuminate/Database/Schema/Blueprint.php:109
/Users/ianbruce/Herd/funlynk-v2/backend/vendor/laravel/framework/src/Illuminate/Database/Schema/Builder.php:602
/Users/ianbruce/Herd/funlynk-v2/backend/vendor/laravel/framework/src/Illuminate/Database/Schema/Builder.php:444
/Users/ianbruce/Herd/funlynk-v2/backend/vendor/laravel/framework/src/Illuminate/Support/Facades/Facade.php:355
/Users/ianbruce/Herd/funlynk-v2/backend/database/migrations/2025_01_15_000001_update_spark_program_character_topics_table.php:13
/Users/ianbruce/Herd/funlynk-v2/backend/vendor/laravel/framework/src/Illuminate/Database/Migrations/Migrator.php:501
/Users/ianbruce/Herd/funlynk-v2/backend/vendor/laravel/framework/src/Illuminate/Database/Migrations/Migrator.php:418
/Users/ianbruce/Herd/funlynk-v2/backend/vendor/laravel/framework/src/Illuminate/Database/Migrations/Migrator.php:427
/Users/ianbruce/Herd/funlynk-v2/backend/vendor/laravel/framework/src/Illuminate/Database/Migrations/Migrator.php:224
/Users/ianbruce/Herd/funlynk-v2/backend/vendor/laravel/framework/src/Illuminate/Console/View/Components/Task.php:37
/Users/ianbruce/Herd/funlynk-v2/backend/vendor/laravel/framework/src/Illuminate/Database/Migrations/Migrator.php:783
/Users/ianbruce/Herd/funlynk-v2/backend/vendor/laravel/framework/src/Illuminate/Database/Migrations/Migrator.php:224
/Users/ianbruce/Herd/funlynk-v2/backend/vendor/laravel/framework/src/Illuminate/Database/Migrations/Migrator.php:189
/Users/ianbruce/Herd/funlynk-v2/backend/vendor/laravel/framework/src/Illuminate/Database/Migrations/Migrator.php:132
/Users/ianbruce/Herd/funlynk-v2/backend/vendor/laravel/framework/src/Illuminate/Database/Console/Migrations/MigrateCommand.php:90
/Users/ianbruce/Herd/funlynk-v2/backend/vendor/laravel/framework/src/Illuminate/Database/Migrations/Migrator.php:641
/Users/ianbruce/Herd/funlynk-v2/backend/vendor/laravel/framework/src/Illuminate/Database/Console/Migrations/MigrateCommand.php:83
/Users/ianbruce/Herd/funlynk-v2/backend/vendor/laravel/framework/src/Illuminate/Container/BoundMethod.php:36
/Users/ianbruce/Herd/funlynk-v2/backend/vendor/laravel/framework/src/Illuminate/Container/Util.php:41
/Users/ianbruce/Herd/funlynk-v2/backend/vendor/laravel/framework/src/Illuminate/Container/BoundMethod.php:93
/Users/ianbruce/Herd/funlynk-v2/backend/vendor/laravel/framework/src/Illuminate/Container/BoundMethod.php:35
/Users/ianbruce/Herd/funlynk-v2/backend/vendor/laravel/framework/src/Illuminate/Container/Container.php:662
/Users/ianbruce/Herd/funlynk-v2/backend/vendor/laravel/framework/src/Illuminate/Console/Command.php:211
/Users/ianbruce/Herd/funlynk-v2/backend/vendor/symfony/console/Command/Command.php:326
/Users/ianbruce/Herd/funlynk-v2/backend/vendor/laravel/framework/src/Illuminate/Console/Command.php:180
/Users/ianbruce/Herd/funlynk-v2/backend/vendor/symfony/console/Application.php:1078
/Users/ianbruce/Herd/funlynk-v2/backend/vendor/symfony/console/Application.php:324
/Users/ianbruce/Herd/funlynk-v2/backend/vendor/symfony/console/Application.php:175
/Users/ianbruce/Herd/funlynk-v2/backend/vendor/laravel/framework/src/Illuminate/Console/Application.php:162
/Users/ianbruce/Herd/funlynk-v2/backend/vendor/laravel/framework/src/Illuminate/Foundation/Console/Kernel.php:400
/Users/ianbruce/Herd/funlynk-v2/backend/vendor/laravel/framework/src/Illuminate/Testing/PendingCommand.php:297
/Users/ianbruce/Herd/funlynk-v2/backend/vendor/laravel/framework/src/Illuminate/Testing/PendingCommand.php:484
/Users/ianbruce/Herd/funlynk-v2/backend/vendor/laravel/framework/src/Illuminate/Foundation/Testing/Concerns/InteractsWithConsole.php:80
/Users/ianbruce/Herd/funlynk-v2/backend/vendor/laravel/framework/src/Illuminate/Foundation/Testing/RefreshDatabase.php:47
/Users/ianbruce/Herd/funlynk-v2/backend/vendor/laravel/framework/src/Illuminate/Foundation/Testing/RefreshDatabase.php:22
/Users/ianbruce/Herd/funlynk-v2/backend/vendor/laravel/framework/src/Illuminate/Foundation/Testing/Concerns/InteractsWithTestCaseLifecycle.php:183
/Users/ianbruce/Herd/funlynk-v2/backend/vendor/laravel/framework/src/Illuminate/Foundation/Testing/Concerns/InteractsWithTestCaseLifecycle.php:84
/Users/ianbruce/Herd/funlynk-v2/backend/vendor/laravel/framework/src/Illuminate/Foundation/Testing/TestCase.php:40
/Users/ianbruce/Herd/funlynk-v2/backend/tests/TestCase.php:17
/Users/ianbruce/Herd/funlynk-v2/backend/tests/Unit/Spark/ProgramServiceTest.php:26</error>
    </testcase>
    <testcase name="it_can_update_a_program" file="/Users/ianbruce/Herd/funlynk-v2/backend/tests/Unit/Spark/ProgramServiceTest.php" line="207" class="Tests\Unit\Spark\ProgramServiceTest" classname="Tests.Unit.Spark.ProgramServiceTest" assertions="0" time="0.000000">
      <error type="Doctrine\DBAL\Schema\Exception\TableDoesNotExist">Tests\Unit\Spark\ProgramServiceTest::it_can_update_a_program
Doctrine\DBAL\Schema\Exception\TableDoesNotExist: There is no table with name "spark_program_character_topics" in the schema.

/Users/ianbruce/Herd/funlynk-v2/backend/vendor/doctrine/dbal/src/Schema/Exception/TableDoesNotExist.php:15
/Users/ianbruce/Herd/funlynk-v2/backend/vendor/doctrine/dbal/src/Schema/SchemaException.php:67
/Users/ianbruce/Herd/funlynk-v2/backend/vendor/doctrine/dbal/src/Schema/AbstractSchemaManager.php:617
/Users/ianbruce/Herd/funlynk-v2/backend/vendor/laravel/framework/src/Illuminate/Database/Schema/Grammars/Grammar.php:333
/Users/ianbruce/Herd/funlynk-v2/backend/vendor/laravel/framework/src/Illuminate/Database/Schema/Grammars/SQLiteGrammar.php:413
/Users/ianbruce/Herd/funlynk-v2/backend/vendor/laravel/framework/src/Illuminate/Database/Schema/Blueprint.php:140
/Users/ianbruce/Herd/funlynk-v2/backend/vendor/laravel/framework/src/Illuminate/Database/Schema/Blueprint.php:109
/Users/ianbruce/Herd/funlynk-v2/backend/vendor/laravel/framework/src/Illuminate/Database/Schema/Builder.php:602
/Users/ianbruce/Herd/funlynk-v2/backend/vendor/laravel/framework/src/Illuminate/Database/Schema/Builder.php:444
/Users/ianbruce/Herd/funlynk-v2/backend/vendor/laravel/framework/src/Illuminate/Support/Facades/Facade.php:355
/Users/ianbruce/Herd/funlynk-v2/backend/database/migrations/2025_01_15_000001_update_spark_program_character_topics_table.php:13
/Users/ianbruce/Herd/funlynk-v2/backend/vendor/laravel/framework/src/Illuminate/Database/Migrations/Migrator.php:501
/Users/ianbruce/Herd/funlynk-v2/backend/vendor/laravel/framework/src/Illuminate/Database/Migrations/Migrator.php:418
/Users/ianbruce/Herd/funlynk-v2/backend/vendor/laravel/framework/src/Illuminate/Database/Migrations/Migrator.php:427
/Users/ianbruce/Herd/funlynk-v2/backend/vendor/laravel/framework/src/Illuminate/Database/Migrations/Migrator.php:224
/Users/ianbruce/Herd/funlynk-v2/backend/vendor/laravel/framework/src/Illuminate/Console/View/Components/Task.php:37
/Users/ianbruce/Herd/funlynk-v2/backend/vendor/laravel/framework/src/Illuminate/Database/Migrations/Migrator.php:783
/Users/ianbruce/Herd/funlynk-v2/backend/vendor/laravel/framework/src/Illuminate/Database/Migrations/Migrator.php:224
/Users/ianbruce/Herd/funlynk-v2/backend/vendor/laravel/framework/src/Illuminate/Database/Migrations/Migrator.php:189
/Users/ianbruce/Herd/funlynk-v2/backend/vendor/laravel/framework/src/Illuminate/Database/Migrations/Migrator.php:132
/Users/ianbruce/Herd/funlynk-v2/backend/vendor/laravel/framework/src/Illuminate/Database/Console/Migrations/MigrateCommand.php:90
/Users/ianbruce/Herd/funlynk-v2/backend/vendor/laravel/framework/src/Illuminate/Database/Migrations/Migrator.php:641
/Users/ianbruce/Herd/funlynk-v2/backend/vendor/laravel/framework/src/Illuminate/Database/Console/Migrations/MigrateCommand.php:83
/Users/ianbruce/Herd/funlynk-v2/backend/vendor/laravel/framework/src/Illuminate/Container/BoundMethod.php:36
/Users/ianbruce/Herd/funlynk-v2/backend/vendor/laravel/framework/src/Illuminate/Container/Util.php:41
/Users/ianbruce/Herd/funlynk-v2/backend/vendor/laravel/framework/src/Illuminate/Container/BoundMethod.php:93
/Users/ianbruce/Herd/funlynk-v2/backend/vendor/laravel/framework/src/Illuminate/Container/BoundMethod.php:35
/Users/ianbruce/Herd/funlynk-v2/backend/vendor/laravel/framework/src/Illuminate/Container/Container.php:662
/Users/ianbruce/Herd/funlynk-v2/backend/vendor/laravel/framework/src/Illuminate/Console/Command.php:211
/Users/ianbruce/Herd/funlynk-v2/backend/vendor/symfony/console/Command/Command.php:326
/Users/ianbruce/Herd/funlynk-v2/backend/vendor/laravel/framework/src/Illuminate/Console/Command.php:180
/Users/ianbruce/Herd/funlynk-v2/backend/vendor/symfony/console/Application.php:1078
/Users/ianbruce/Herd/funlynk-v2/backend/vendor/symfony/console/Application.php:324
/Users/ianbruce/Herd/funlynk-v2/backend/vendor/symfony/console/Application.php:175
/Users/ianbruce/Herd/funlynk-v2/backend/vendor/laravel/framework/src/Illuminate/Console/Application.php:162
/Users/ianbruce/Herd/funlynk-v2/backend/vendor/laravel/framework/src/Illuminate/Foundation/Console/Kernel.php:400
/Users/ianbruce/Herd/funlynk-v2/backend/vendor/laravel/framework/src/Illuminate/Testing/PendingCommand.php:297
/Users/ianbruce/Herd/funlynk-v2/backend/vendor/laravel/framework/src/Illuminate/Testing/PendingCommand.php:484
/Users/ianbruce/Herd/funlynk-v2/backend/vendor/laravel/framework/src/Illuminate/Foundation/Testing/Concerns/InteractsWithConsole.php:80
/Users/ianbruce/Herd/funlynk-v2/backend/vendor/laravel/framework/src/Illuminate/Foundation/Testing/RefreshDatabase.php:47
/Users/ianbruce/Herd/funlynk-v2/backend/vendor/laravel/framework/src/Illuminate/Foundation/Testing/RefreshDatabase.php:22
/Users/ianbruce/Herd/funlynk-v2/backend/vendor/laravel/framework/src/Illuminate/Foundation/Testing/Concerns/InteractsWithTestCaseLifecycle.php:183
/Users/ianbruce/Herd/funlynk-v2/backend/vendor/laravel/framework/src/Illuminate/Foundation/Testing/Concerns/InteractsWithTestCaseLifecycle.php:84
/Users/ianbruce/Herd/funlynk-v2/backend/vendor/laravel/framework/src/Illuminate/Foundation/Testing/TestCase.php:40
/Users/ianbruce/Herd/funlynk-v2/backend/tests/TestCase.php:17
/Users/ianbruce/Herd/funlynk-v2/backend/tests/Unit/Spark/ProgramServiceTest.php:26</error>
    </testcase>
    <testcase name="it_can_delete_a_program_without_active_bookings" file="/Users/ianbruce/Herd/funlynk-v2/backend/tests/Unit/Spark/ProgramServiceTest.php" line="231" class="Tests\Unit\Spark\ProgramServiceTest" classname="Tests.Unit.Spark.ProgramServiceTest" assertions="0" time="0.000000">
      <error type="Doctrine\DBAL\Schema\Exception\TableDoesNotExist">Tests\Unit\Spark\ProgramServiceTest::it_can_delete_a_program_without_active_bookings
Doctrine\DBAL\Schema\Exception\TableDoesNotExist: There is no table with name "spark_program_character_topics" in the schema.

/Users/ianbruce/Herd/funlynk-v2/backend/vendor/doctrine/dbal/src/Schema/Exception/TableDoesNotExist.php:15
/Users/ianbruce/Herd/funlynk-v2/backend/vendor/doctrine/dbal/src/Schema/SchemaException.php:67
/Users/ianbruce/Herd/funlynk-v2/backend/vendor/doctrine/dbal/src/Schema/AbstractSchemaManager.php:617
/Users/ianbruce/Herd/funlynk-v2/backend/vendor/laravel/framework/src/Illuminate/Database/Schema/Grammars/Grammar.php:333
/Users/ianbruce/Herd/funlynk-v2/backend/vendor/laravel/framework/src/Illuminate/Database/Schema/Grammars/SQLiteGrammar.php:413
/Users/ianbruce/Herd/funlynk-v2/backend/vendor/laravel/framework/src/Illuminate/Database/Schema/Blueprint.php:140
/Users/ianbruce/Herd/funlynk-v2/backend/vendor/laravel/framework/src/Illuminate/Database/Schema/Blueprint.php:109
/Users/ianbruce/Herd/funlynk-v2/backend/vendor/laravel/framework/src/Illuminate/Database/Schema/Builder.php:602
/Users/ianbruce/Herd/funlynk-v2/backend/vendor/laravel/framework/src/Illuminate/Database/Schema/Builder.php:444
/Users/ianbruce/Herd/funlynk-v2/backend/vendor/laravel/framework/src/Illuminate/Support/Facades/Facade.php:355
/Users/ianbruce/Herd/funlynk-v2/backend/database/migrations/2025_01_15_000001_update_spark_program_character_topics_table.php:13
/Users/ianbruce/Herd/funlynk-v2/backend/vendor/laravel/framework/src/Illuminate/Database/Migrations/Migrator.php:501
/Users/ianbruce/Herd/funlynk-v2/backend/vendor/laravel/framework/src/Illuminate/Database/Migrations/Migrator.php:418
/Users/ianbruce/Herd/funlynk-v2/backend/vendor/laravel/framework/src/Illuminate/Database/Migrations/Migrator.php:427
/Users/ianbruce/Herd/funlynk-v2/backend/vendor/laravel/framework/src/Illuminate/Database/Migrations/Migrator.php:224
/Users/ianbruce/Herd/funlynk-v2/backend/vendor/laravel/framework/src/Illuminate/Console/View/Components/Task.php:37
/Users/ianbruce/Herd/funlynk-v2/backend/vendor/laravel/framework/src/Illuminate/Database/Migrations/Migrator.php:783
/Users/ianbruce/Herd/funlynk-v2/backend/vendor/laravel/framework/src/Illuminate/Database/Migrations/Migrator.php:224
/Users/ianbruce/Herd/funlynk-v2/backend/vendor/laravel/framework/src/Illuminate/Database/Migrations/Migrator.php:189
/Users/ianbruce/Herd/funlynk-v2/backend/vendor/laravel/framework/src/Illuminate/Database/Migrations/Migrator.php:132
/Users/ianbruce/Herd/funlynk-v2/backend/vendor/laravel/framework/src/Illuminate/Database/Console/Migrations/MigrateCommand.php:90
/Users/ianbruce/Herd/funlynk-v2/backend/vendor/laravel/framework/src/Illuminate/Database/Migrations/Migrator.php:641
/Users/ianbruce/Herd/funlynk-v2/backend/vendor/laravel/framework/src/Illuminate/Database/Console/Migrations/MigrateCommand.php:83
/Users/ianbruce/Herd/funlynk-v2/backend/vendor/laravel/framework/src/Illuminate/Container/BoundMethod.php:36
/Users/ianbruce/Herd/funlynk-v2/backend/vendor/laravel/framework/src/Illuminate/Container/Util.php:41
/Users/ianbruce/Herd/funlynk-v2/backend/vendor/laravel/framework/src/Illuminate/Container/BoundMethod.php:93
/Users/ianbruce/Herd/funlynk-v2/backend/vendor/laravel/framework/src/Illuminate/Container/BoundMethod.php:35
/Users/ianbruce/Herd/funlynk-v2/backend/vendor/laravel/framework/src/Illuminate/Container/Container.php:662
/Users/ianbruce/Herd/funlynk-v2/backend/vendor/laravel/framework/src/Illuminate/Console/Command.php:211
/Users/ianbruce/Herd/funlynk-v2/backend/vendor/symfony/console/Command/Command.php:326
/Users/ianbruce/Herd/funlynk-v2/backend/vendor/laravel/framework/src/Illuminate/Console/Command.php:180
/Users/ianbruce/Herd/funlynk-v2/backend/vendor/symfony/console/Application.php:1078
/Users/ianbruce/Herd/funlynk-v2/backend/vendor/symfony/console/Application.php:324
/Users/ianbruce/Herd/funlynk-v2/backend/vendor/symfony/console/Application.php:175
/Users/ianbruce/Herd/funlynk-v2/backend/vendor/laravel/framework/src/Illuminate/Console/Application.php:162
/Users/ianbruce/Herd/funlynk-v2/backend/vendor/laravel/framework/src/Illuminate/Foundation/Console/Kernel.php:400
/Users/ianbruce/Herd/funlynk-v2/backend/vendor/laravel/framework/src/Illuminate/Testing/PendingCommand.php:297
/Users/ianbruce/Herd/funlynk-v2/backend/vendor/laravel/framework/src/Illuminate/Testing/PendingCommand.php:484
/Users/ianbruce/Herd/funlynk-v2/backend/vendor/laravel/framework/src/Illuminate/Foundation/Testing/Concerns/InteractsWithConsole.php:80
/Users/ianbruce/Herd/funlynk-v2/backend/vendor/laravel/framework/src/Illuminate/Foundation/Testing/RefreshDatabase.php:47
/Users/ianbruce/Herd/funlynk-v2/backend/vendor/laravel/framework/src/Illuminate/Foundation/Testing/RefreshDatabase.php:22
/Users/ianbruce/Herd/funlynk-v2/backend/vendor/laravel/framework/src/Illuminate/Foundation/Testing/Concerns/InteractsWithTestCaseLifecycle.php:183
/Users/ianbruce/Herd/funlynk-v2/backend/vendor/laravel/framework/src/Illuminate/Foundation/Testing/Concerns/InteractsWithTestCaseLifecycle.php:84
/Users/ianbruce/Herd/funlynk-v2/backend/vendor/laravel/framework/src/Illuminate/Foundation/Testing/TestCase.php:40
/Users/ianbruce/Herd/funlynk-v2/backend/tests/TestCase.php:17
/Users/ianbruce/Herd/funlynk-v2/backend/tests/Unit/Spark/ProgramServiceTest.php:26</error>
    </testcase>
    <testcase name="it_cannot_delete_program_with_active_bookings" file="/Users/ianbruce/Herd/funlynk-v2/backend/tests/Unit/Spark/ProgramServiceTest.php" line="242" class="Tests\Unit\Spark\ProgramServiceTest" classname="Tests.Unit.Spark.ProgramServiceTest" assertions="0" time="0.000000">
      <error type="Doctrine\DBAL\Schema\Exception\TableDoesNotExist">Tests\Unit\Spark\ProgramServiceTest::it_cannot_delete_program_with_active_bookings
Doctrine\DBAL\Schema\Exception\TableDoesNotExist: There is no table with name "spark_program_character_topics" in the schema.

/Users/ianbruce/Herd/funlynk-v2/backend/vendor/doctrine/dbal/src/Schema/Exception/TableDoesNotExist.php:15
/Users/ianbruce/Herd/funlynk-v2/backend/vendor/doctrine/dbal/src/Schema/SchemaException.php:67
/Users/ianbruce/Herd/funlynk-v2/backend/vendor/doctrine/dbal/src/Schema/AbstractSchemaManager.php:617
/Users/ianbruce/Herd/funlynk-v2/backend/vendor/laravel/framework/src/Illuminate/Database/Schema/Grammars/Grammar.php:333
/Users/ianbruce/Herd/funlynk-v2/backend/vendor/laravel/framework/src/Illuminate/Database/Schema/Grammars/SQLiteGrammar.php:413
/Users/ianbruce/Herd/funlynk-v2/backend/vendor/laravel/framework/src/Illuminate/Database/Schema/Blueprint.php:140
/Users/ianbruce/Herd/funlynk-v2/backend/vendor/laravel/framework/src/Illuminate/Database/Schema/Blueprint.php:109
/Users/ianbruce/Herd/funlynk-v2/backend/vendor/laravel/framework/src/Illuminate/Database/Schema/Builder.php:602
/Users/ianbruce/Herd/funlynk-v2/backend/vendor/laravel/framework/src/Illuminate/Database/Schema/Builder.php:444
/Users/ianbruce/Herd/funlynk-v2/backend/vendor/laravel/framework/src/Illuminate/Support/Facades/Facade.php:355
/Users/ianbruce/Herd/funlynk-v2/backend/database/migrations/2025_01_15_000001_update_spark_program_character_topics_table.php:13
/Users/ianbruce/Herd/funlynk-v2/backend/vendor/laravel/framework/src/Illuminate/Database/Migrations/Migrator.php:501
/Users/ianbruce/Herd/funlynk-v2/backend/vendor/laravel/framework/src/Illuminate/Database/Migrations/Migrator.php:418
/Users/ianbruce/Herd/funlynk-v2/backend/vendor/laravel/framework/src/Illuminate/Database/Migrations/Migrator.php:427
/Users/ianbruce/Herd/funlynk-v2/backend/vendor/laravel/framework/src/Illuminate/Database/Migrations/Migrator.php:224
/Users/ianbruce/Herd/funlynk-v2/backend/vendor/laravel/framework/src/Illuminate/Console/View/Components/Task.php:37
/Users/ianbruce/Herd/funlynk-v2/backend/vendor/laravel/framework/src/Illuminate/Database/Migrations/Migrator.php:783
/Users/ianbruce/Herd/funlynk-v2/backend/vendor/laravel/framework/src/Illuminate/Database/Migrations/Migrator.php:224
/Users/ianbruce/Herd/funlynk-v2/backend/vendor/laravel/framework/src/Illuminate/Database/Migrations/Migrator.php:189
/Users/ianbruce/Herd/funlynk-v2/backend/vendor/laravel/framework/src/Illuminate/Database/Migrations/Migrator.php:132
/Users/ianbruce/Herd/funlynk-v2/backend/vendor/laravel/framework/src/Illuminate/Database/Console/Migrations/MigrateCommand.php:90
/Users/ianbruce/Herd/funlynk-v2/backend/vendor/laravel/framework/src/Illuminate/Database/Migrations/Migrator.php:641
/Users/ianbruce/Herd/funlynk-v2/backend/vendor/laravel/framework/src/Illuminate/Database/Console/Migrations/MigrateCommand.php:83
/Users/ianbruce/Herd/funlynk-v2/backend/vendor/laravel/framework/src/Illuminate/Container/BoundMethod.php:36
/Users/ianbruce/Herd/funlynk-v2/backend/vendor/laravel/framework/src/Illuminate/Container/Util.php:41
/Users/ianbruce/Herd/funlynk-v2/backend/vendor/laravel/framework/src/Illuminate/Container/BoundMethod.php:93
/Users/ianbruce/Herd/funlynk-v2/backend/vendor/laravel/framework/src/Illuminate/Container/BoundMethod.php:35
/Users/ianbruce/Herd/funlynk-v2/backend/vendor/laravel/framework/src/Illuminate/Container/Container.php:662
/Users/ianbruce/Herd/funlynk-v2/backend/vendor/laravel/framework/src/Illuminate/Console/Command.php:211
/Users/ianbruce/Herd/funlynk-v2/backend/vendor/symfony/console/Command/Command.php:326
/Users/ianbruce/Herd/funlynk-v2/backend/vendor/laravel/framework/src/Illuminate/Console/Command.php:180
/Users/ianbruce/Herd/funlynk-v2/backend/vendor/symfony/console/Application.php:1078
/Users/ianbruce/Herd/funlynk-v2/backend/vendor/symfony/console/Application.php:324
/Users/ianbruce/Herd/funlynk-v2/backend/vendor/symfony/console/Application.php:175
/Users/ianbruce/Herd/funlynk-v2/backend/vendor/laravel/framework/src/Illuminate/Console/Application.php:162
/Users/ianbruce/Herd/funlynk-v2/backend/vendor/laravel/framework/src/Illuminate/Foundation/Console/Kernel.php:400
/Users/ianbruce/Herd/funlynk-v2/backend/vendor/laravel/framework/src/Illuminate/Testing/PendingCommand.php:297
/Users/ianbruce/Herd/funlynk-v2/backend/vendor/laravel/framework/src/Illuminate/Testing/PendingCommand.php:484
/Users/ianbruce/Herd/funlynk-v2/backend/vendor/laravel/framework/src/Illuminate/Foundation/Testing/Concerns/InteractsWithConsole.php:80
/Users/ianbruce/Herd/funlynk-v2/backend/vendor/laravel/framework/src/Illuminate/Foundation/Testing/RefreshDatabase.php:47
/Users/ianbruce/Herd/funlynk-v2/backend/vendor/laravel/framework/src/Illuminate/Foundation/Testing/RefreshDatabase.php:22
/Users/ianbruce/Herd/funlynk-v2/backend/vendor/laravel/framework/src/Illuminate/Foundation/Testing/Concerns/InteractsWithTestCaseLifecycle.php:183
/Users/ianbruce/Herd/funlynk-v2/backend/vendor/laravel/framework/src/Illuminate/Foundation/Testing/Concerns/InteractsWithTestCaseLifecycle.php:84
/Users/ianbruce/Herd/funlynk-v2/backend/vendor/laravel/framework/src/Illuminate/Foundation/Testing/TestCase.php:40
/Users/ianbruce/Herd/funlynk-v2/backend/tests/TestCase.php:17
/Users/ianbruce/Herd/funlynk-v2/backend/tests/Unit/Spark/ProgramServiceTest.php:26</error>
    </testcase>
    <testcase name="it_can_upload_resource_files" file="/Users/ianbruce/Herd/funlynk-v2/backend/tests/Unit/Spark/ProgramServiceTest.php" line="253" class="Tests\Unit\Spark\ProgramServiceTest" classname="Tests.Unit.Spark.ProgramServiceTest" assertions="0" time="0.000000">
      <error type="Doctrine\DBAL\Schema\Exception\TableDoesNotExist">Tests\Unit\Spark\ProgramServiceTest::it_can_upload_resource_files
Doctrine\DBAL\Schema\Exception\TableDoesNotExist: There is no table with name "spark_program_character_topics" in the schema.

/Users/ianbruce/Herd/funlynk-v2/backend/vendor/doctrine/dbal/src/Schema/Exception/TableDoesNotExist.php:15
/Users/ianbruce/Herd/funlynk-v2/backend/vendor/doctrine/dbal/src/Schema/SchemaException.php:67
/Users/ianbruce/Herd/funlynk-v2/backend/vendor/doctrine/dbal/src/Schema/AbstractSchemaManager.php:617
/Users/ianbruce/Herd/funlynk-v2/backend/vendor/laravel/framework/src/Illuminate/Database/Schema/Grammars/Grammar.php:333
/Users/ianbruce/Herd/funlynk-v2/backend/vendor/laravel/framework/src/Illuminate/Database/Schema/Grammars/SQLiteGrammar.php:413
/Users/ianbruce/Herd/funlynk-v2/backend/vendor/laravel/framework/src/Illuminate/Database/Schema/Blueprint.php:140
/Users/ianbruce/Herd/funlynk-v2/backend/vendor/laravel/framework/src/Illuminate/Database/Schema/Blueprint.php:109
/Users/ianbruce/Herd/funlynk-v2/backend/vendor/laravel/framework/src/Illuminate/Database/Schema/Builder.php:602
/Users/ianbruce/Herd/funlynk-v2/backend/vendor/laravel/framework/src/Illuminate/Database/Schema/Builder.php:444
/Users/ianbruce/Herd/funlynk-v2/backend/vendor/laravel/framework/src/Illuminate/Support/Facades/Facade.php:355
/Users/ianbruce/Herd/funlynk-v2/backend/database/migrations/2025_01_15_000001_update_spark_program_character_topics_table.php:13
/Users/ianbruce/Herd/funlynk-v2/backend/vendor/laravel/framework/src/Illuminate/Database/Migrations/Migrator.php:501
/Users/ianbruce/Herd/funlynk-v2/backend/vendor/laravel/framework/src/Illuminate/Database/Migrations/Migrator.php:418
/Users/ianbruce/Herd/funlynk-v2/backend/vendor/laravel/framework/src/Illuminate/Database/Migrations/Migrator.php:427
/Users/ianbruce/Herd/funlynk-v2/backend/vendor/laravel/framework/src/Illuminate/Database/Migrations/Migrator.php:224
/Users/ianbruce/Herd/funlynk-v2/backend/vendor/laravel/framework/src/Illuminate/Console/View/Components/Task.php:37
/Users/ianbruce/Herd/funlynk-v2/backend/vendor/laravel/framework/src/Illuminate/Database/Migrations/Migrator.php:783
/Users/ianbruce/Herd/funlynk-v2/backend/vendor/laravel/framework/src/Illuminate/Database/Migrations/Migrator.php:224
/Users/ianbruce/Herd/funlynk-v2/backend/vendor/laravel/framework/src/Illuminate/Database/Migrations/Migrator.php:189
/Users/ianbruce/Herd/funlynk-v2/backend/vendor/laravel/framework/src/Illuminate/Database/Migrations/Migrator.php:132
/Users/ianbruce/Herd/funlynk-v2/backend/vendor/laravel/framework/src/Illuminate/Database/Console/Migrations/MigrateCommand.php:90
/Users/ianbruce/Herd/funlynk-v2/backend/vendor/laravel/framework/src/Illuminate/Database/Migrations/Migrator.php:641
/Users/ianbruce/Herd/funlynk-v2/backend/vendor/laravel/framework/src/Illuminate/Database/Console/Migrations/MigrateCommand.php:83
/Users/ianbruce/Herd/funlynk-v2/backend/vendor/laravel/framework/src/Illuminate/Container/BoundMethod.php:36
/Users/ianbruce/Herd/funlynk-v2/backend/vendor/laravel/framework/src/Illuminate/Container/Util.php:41
/Users/ianbruce/Herd/funlynk-v2/backend/vendor/laravel/framework/src/Illuminate/Container/BoundMethod.php:93
/Users/ianbruce/Herd/funlynk-v2/backend/vendor/laravel/framework/src/Illuminate/Container/BoundMethod.php:35
/Users/ianbruce/Herd/funlynk-v2/backend/vendor/laravel/framework/src/Illuminate/Container/Container.php:662
/Users/ianbruce/Herd/funlynk-v2/backend/vendor/laravel/framework/src/Illuminate/Console/Command.php:211
/Users/ianbruce/Herd/funlynk-v2/backend/vendor/symfony/console/Command/Command.php:326
/Users/ianbruce/Herd/funlynk-v2/backend/vendor/laravel/framework/src/Illuminate/Console/Command.php:180
/Users/ianbruce/Herd/funlynk-v2/backend/vendor/symfony/console/Application.php:1078
/Users/ianbruce/Herd/funlynk-v2/backend/vendor/symfony/console/Application.php:324
/Users/ianbruce/Herd/funlynk-v2/backend/vendor/symfony/console/Application.php:175
/Users/ianbruce/Herd/funlynk-v2/backend/vendor/laravel/framework/src/Illuminate/Console/Application.php:162
/Users/ianbruce/Herd/funlynk-v2/backend/vendor/laravel/framework/src/Illuminate/Foundation/Console/Kernel.php:400
/Users/ianbruce/Herd/funlynk-v2/backend/vendor/laravel/framework/src/Illuminate/Testing/PendingCommand.php:297
/Users/ianbruce/Herd/funlynk-v2/backend/vendor/laravel/framework/src/Illuminate/Testing/PendingCommand.php:484
/Users/ianbruce/Herd/funlynk-v2/backend/vendor/laravel/framework/src/Illuminate/Foundation/Testing/Concerns/InteractsWithConsole.php:80
/Users/ianbruce/Herd/funlynk-v2/backend/vendor/laravel/framework/src/Illuminate/Foundation/Testing/RefreshDatabase.php:47
/Users/ianbruce/Herd/funlynk-v2/backend/vendor/laravel/framework/src/Illuminate/Foundation/Testing/RefreshDatabase.php:22
/Users/ianbruce/Herd/funlynk-v2/backend/vendor/laravel/framework/src/Illuminate/Foundation/Testing/Concerns/InteractsWithTestCaseLifecycle.php:183
/Users/ianbruce/Herd/funlynk-v2/backend/vendor/laravel/framework/src/Illuminate/Foundation/Testing/Concerns/InteractsWithTestCaseLifecycle.php:84
/Users/ianbruce/Herd/funlynk-v2/backend/vendor/laravel/framework/src/Illuminate/Foundation/Testing/TestCase.php:40
/Users/ianbruce/Herd/funlynk-v2/backend/tests/TestCase.php:17
/Users/ianbruce/Herd/funlynk-v2/backend/tests/Unit/Spark/ProgramServiceTest.php:26</error>
    </testcase>
    <testcase name="it_can_get_program_availability" file="/Users/ianbruce/Herd/funlynk-v2/backend/tests/Unit/Spark/ProgramServiceTest.php" line="281" class="Tests\Unit\Spark\ProgramServiceTest" classname="Tests.Unit.Spark.ProgramServiceTest" assertions="0" time="0.000000">
      <error type="Doctrine\DBAL\Schema\Exception\TableDoesNotExist">Tests\Unit\Spark\ProgramServiceTest::it_can_get_program_availability
Doctrine\DBAL\Schema\Exception\TableDoesNotExist: There is no table with name "spark_program_character_topics" in the schema.

/Users/ianbruce/Herd/funlynk-v2/backend/vendor/doctrine/dbal/src/Schema/Exception/TableDoesNotExist.php:15
/Users/ianbruce/Herd/funlynk-v2/backend/vendor/doctrine/dbal/src/Schema/SchemaException.php:67
/Users/ianbruce/Herd/funlynk-v2/backend/vendor/doctrine/dbal/src/Schema/AbstractSchemaManager.php:617
/Users/ianbruce/Herd/funlynk-v2/backend/vendor/laravel/framework/src/Illuminate/Database/Schema/Grammars/Grammar.php:333
/Users/ianbruce/Herd/funlynk-v2/backend/vendor/laravel/framework/src/Illuminate/Database/Schema/Grammars/SQLiteGrammar.php:413
/Users/ianbruce/Herd/funlynk-v2/backend/vendor/laravel/framework/src/Illuminate/Database/Schema/Blueprint.php:140
/Users/ianbruce/Herd/funlynk-v2/backend/vendor/laravel/framework/src/Illuminate/Database/Schema/Blueprint.php:109
/Users/ianbruce/Herd/funlynk-v2/backend/vendor/laravel/framework/src/Illuminate/Database/Schema/Builder.php:602
/Users/ianbruce/Herd/funlynk-v2/backend/vendor/laravel/framework/src/Illuminate/Database/Schema/Builder.php:444
/Users/ianbruce/Herd/funlynk-v2/backend/vendor/laravel/framework/src/Illuminate/Support/Facades/Facade.php:355
/Users/ianbruce/Herd/funlynk-v2/backend/database/migrations/2025_01_15_000001_update_spark_program_character_topics_table.php:13
/Users/ianbruce/Herd/funlynk-v2/backend/vendor/laravel/framework/src/Illuminate/Database/Migrations/Migrator.php:501
/Users/ianbruce/Herd/funlynk-v2/backend/vendor/laravel/framework/src/Illuminate/Database/Migrations/Migrator.php:418
/Users/ianbruce/Herd/funlynk-v2/backend/vendor/laravel/framework/src/Illuminate/Database/Migrations/Migrator.php:427
/Users/ianbruce/Herd/funlynk-v2/backend/vendor/laravel/framework/src/Illuminate/Database/Migrations/Migrator.php:224
/Users/ianbruce/Herd/funlynk-v2/backend/vendor/laravel/framework/src/Illuminate/Console/View/Components/Task.php:37
/Users/ianbruce/Herd/funlynk-v2/backend/vendor/laravel/framework/src/Illuminate/Database/Migrations/Migrator.php:783
/Users/ianbruce/Herd/funlynk-v2/backend/vendor/laravel/framework/src/Illuminate/Database/Migrations/Migrator.php:224
/Users/ianbruce/Herd/funlynk-v2/backend/vendor/laravel/framework/src/Illuminate/Database/Migrations/Migrator.php:189
/Users/ianbruce/Herd/funlynk-v2/backend/vendor/laravel/framework/src/Illuminate/Database/Migrations/Migrator.php:132
/Users/ianbruce/Herd/funlynk-v2/backend/vendor/laravel/framework/src/Illuminate/Database/Console/Migrations/MigrateCommand.php:90
/Users/ianbruce/Herd/funlynk-v2/backend/vendor/laravel/framework/src/Illuminate/Database/Migrations/Migrator.php:641
/Users/ianbruce/Herd/funlynk-v2/backend/vendor/laravel/framework/src/Illuminate/Database/Console/Migrations/MigrateCommand.php:83
/Users/ianbruce/Herd/funlynk-v2/backend/vendor/laravel/framework/src/Illuminate/Container/BoundMethod.php:36
/Users/ianbruce/Herd/funlynk-v2/backend/vendor/laravel/framework/src/Illuminate/Container/Util.php:41
/Users/ianbruce/Herd/funlynk-v2/backend/vendor/laravel/framework/src/Illuminate/Container/BoundMethod.php:93
/Users/ianbruce/Herd/funlynk-v2/backend/vendor/laravel/framework/src/Illuminate/Container/BoundMethod.php:35
/Users/ianbruce/Herd/funlynk-v2/backend/vendor/laravel/framework/src/Illuminate/Container/Container.php:662
/Users/ianbruce/Herd/funlynk-v2/backend/vendor/laravel/framework/src/Illuminate/Console/Command.php:211
/Users/ianbruce/Herd/funlynk-v2/backend/vendor/symfony/console/Command/Command.php:326
/Users/ianbruce/Herd/funlynk-v2/backend/vendor/laravel/framework/src/Illuminate/Console/Command.php:180
/Users/ianbruce/Herd/funlynk-v2/backend/vendor/symfony/console/Application.php:1078
/Users/ianbruce/Herd/funlynk-v2/backend/vendor/symfony/console/Application.php:324
/Users/ianbruce/Herd/funlynk-v2/backend/vendor/symfony/console/Application.php:175
/Users/ianbruce/Herd/funlynk-v2/backend/vendor/laravel/framework/src/Illuminate/Console/Application.php:162
/Users/ianbruce/Herd/funlynk-v2/backend/vendor/laravel/framework/src/Illuminate/Foundation/Console/Kernel.php:400
/Users/ianbruce/Herd/funlynk-v2/backend/vendor/laravel/framework/src/Illuminate/Testing/PendingCommand.php:297
/Users/ianbruce/Herd/funlynk-v2/backend/vendor/laravel/framework/src/Illuminate/Testing/PendingCommand.php:484
/Users/ianbruce/Herd/funlynk-v2/backend/vendor/laravel/framework/src/Illuminate/Foundation/Testing/Concerns/InteractsWithConsole.php:80
/Users/ianbruce/Herd/funlynk-v2/backend/vendor/laravel/framework/src/Illuminate/Foundation/Testing/RefreshDatabase.php:47
/Users/ianbruce/Herd/funlynk-v2/backend/vendor/laravel/framework/src/Illuminate/Foundation/Testing/RefreshDatabase.php:22
/Users/ianbruce/Herd/funlynk-v2/backend/vendor/laravel/framework/src/Illuminate/Foundation/Testing/Concerns/InteractsWithTestCaseLifecycle.php:183
/Users/ianbruce/Herd/funlynk-v2/backend/vendor/laravel/framework/src/Illuminate/Foundation/Testing/Concerns/InteractsWithTestCaseLifecycle.php:84
/Users/ianbruce/Herd/funlynk-v2/backend/vendor/laravel/framework/src/Illuminate/Foundation/Testing/TestCase.php:40
[...]
/Users/ianbruce/Herd/funlynk-v2/backend/vendor/laravel/framework/src/Illuminate/Database/Migrations/Migrator.php:641
/Users/ianbruce/Herd/funlynk-v2/backend/vendor/laravel/framework/src/Illuminate/Database/Console/Migrations/MigrateCommand.php:83
/Users/ianbruce/Herd/funlynk-v2/backend/vendor/laravel/framework/src/Illuminate/Container/BoundMethod.php:36
/Users/ianbruce/Herd/funlynk-v2/backend/vendor/laravel/framework/src/Illuminate/Container/Util.php:41
/Users/ianbruce/Herd/funlynk-v2/backend/vendor/laravel/framework/src/Illuminate/Container/BoundMethod.php:93
/Users/ianbruce/Herd/funlynk-v2/backend/vendor/laravel/framework/src/Illuminate/Container/BoundMethod.php:35
/Users/ianbruce/Herd/funlynk-v2/backend/vendor/laravel/framework/src/Illuminate/Container/Container.php:662
/Users/ianbruce/Herd/funlynk-v2/backend/vendor/laravel/framework/src/Illuminate/Console/Command.php:211
/Users/ianbruce/Herd/funlynk-v2/backend/vendor/symfony/console/Command/Command.php:326
/Users/ianbruce/Herd/funlynk-v2/backend/vendor/laravel/framework/src/Illuminate/Console/Command.php:180
/Users/ianbruce/Herd/funlynk-v2/backend/vendor/symfony/console/Application.php:1078
/Users/ianbruce/Herd/funlynk-v2/backend/vendor/symfony/console/Application.php:324
/Users/ianbruce/Herd/funlynk-v2/backend/vendor/symfony/console/Application.php:175
/Users/ianbruce/Herd/funlynk-v2/backend/vendor/laravel/framework/src/Illuminate/Console/Application.php:162
/Users/ianbruce/Herd/funlynk-v2/backend/vendor/laravel/framework/src/Illuminate/Foundation/Console/Kernel.php:400
/Users/ianbruce/Herd/funlynk-v2/backend/vendor/laravel/framework/src/Illuminate/Testing/PendingCommand.php:297
/Users/ianbruce/Herd/funlynk-v2/backend/vendor/laravel/framework/src/Illuminate/Testing/PendingCommand.php:484
/Users/ianbruce/Herd/funlynk-v2/backend/vendor/laravel/framework/src/Illuminate/Foundation/Testing/Concerns/InteractsWithConsole.php:80
/Users/ianbruce/Herd/funlynk-v2/backend/vendor/laravel/framework/src/Illuminate/Foundation/Testing/RefreshDatabase.php:47
/Users/ianbruce/Herd/funlynk-v2/backend/vendor/laravel/framework/src/Illuminate/Foundation/Testing/RefreshDatabase.php:22
/Users/ianbruce/Herd/funlynk-v2/backend/vendor/laravel/framework/src/Illuminate/Foundation/Testing/Concerns/InteractsWithTestCaseLifecycle.php:183
/Users/ianbruce/Herd/funlynk-v2/backend/vendor/laravel/framework/src/Illuminate/Foundation/Testing/Concerns/InteractsWithTestCaseLifecycle.php:84
/Users/ianbruce/Herd/funlynk-v2/backend/vendor/laravel/framework/src/Illuminate/Foundation/Testing/TestCase.php:40
/Users/ianbruce/Herd/funlynk-v2/backend/tests/TestCase.php:17
/Users/ianbruce/Herd/funlynk-v2/backend/tests/Unit/Spark/ProgramServiceTest.php:26</error>
    </testcase>
    <testcase name="it_can_update_existing_availability_slot" file="/Users/ianbruce/Herd/funlynk-v2/backend/tests/Unit/Spark/ProgramServiceTest.php" line="375" class="Tests\Unit\Spark\ProgramServiceTest" classname="Tests.Unit.Spark.ProgramServiceTest" assertions="0" time="0.000000">
      <error type="Doctrine\DBAL\Schema\Exception\TableDoesNotExist">Tests\Unit\Spark\ProgramServiceTest::it_can_update_existing_availability_slot
Doctrine\DBAL\Schema\Exception\TableDoesNotExist: There is no table with name "spark_program_character_topics" in the schema.

/Users/ianbruce/Herd/funlynk-v2/backend/vendor/doctrine/dbal/src/Schema/Exception/TableDoesNotExist.php:15
/Users/ianbruce/Herd/funlynk-v2/backend/vendor/doctrine/dbal/src/Schema/SchemaException.php:67
/Users/ianbruce/Herd/funlynk-v2/backend/vendor/doctrine/dbal/src/Schema/AbstractSchemaManager.php:617
/Users/ianbruce/Herd/funlynk-v2/backend/vendor/laravel/framework/src/Illuminate/Database/Schema/Grammars/Grammar.php:333
/Users/ianbruce/Herd/funlynk-v2/backend/vendor/laravel/framework/src/Illuminate/Database/Schema/Grammars/SQLiteGrammar.php:413
/Users/ianbruce/Herd/funlynk-v2/backend/vendor/laravel/framework/src/Illuminate/Database/Schema/Blueprint.php:140
/Users/ianbruce/Herd/funlynk-v2/backend/vendor/laravel/framework/src/Illuminate/Database/Schema/Blueprint.php:109
/Users/ianbruce/Herd/funlynk-v2/backend/vendor/laravel/framework/src/Illuminate/Database/Schema/Builder.php:602
/Users/ianbruce/Herd/funlynk-v2/backend/vendor/laravel/framework/src/Illuminate/Database/Schema/Builder.php:444
/Users/ianbruce/Herd/funlynk-v2/backend/vendor/laravel/framework/src/Illuminate/Support/Facades/Facade.php:355
/Users/ianbruce/Herd/funlynk-v2/backend/database/migrations/2025_01_15_000001_update_spark_program_character_topics_table.php:13
/Users/ianbruce/Herd/funlynk-v2/backend/vendor/laravel/framework/src/Illuminate/Database/Migrations/Migrator.php:501
/Users/ianbruce/Herd/funlynk-v2/backend/vendor/laravel/framework/src/Illuminate/Database/Migrations/Migrator.php:418
/Users/ianbruce/Herd/funlynk-v2/backend/vendor/laravel/framework/src/Illuminate/Database/Migrations/Migrator.php:427
/Users/ianbruce/Herd/funlynk-v2/backend/vendor/laravel/framework/src/Illuminate/Database/Migrations/Migrator.php:224
/Users/ianbruce/Herd/funlynk-v2/backend/vendor/laravel/framework/src/Illuminate/Console/View/Components/Task.php:37
/Users/ianbruce/Herd/funlynk-v2/backend/vendor/laravel/framework/src/Illuminate/Database/Migrations/Migrator.php:783
/Users/ianbruce/Herd/funlynk-v2/backend/vendor/laravel/framework/src/Illuminate/Database/Migrations/Migrator.php:224
/Users/ianbruce/Herd/funlynk-v2/backend/vendor/laravel/framework/src/Illuminate/Database/Migrations/Migrator.php:189
/Users/ianbruce/Herd/funlynk-v2/backend/vendor/laravel/framework/src/Illuminate/Database/Migrations/Migrator.php:132
/Users/ianbruce/Herd/funlynk-v2/backend/vendor/laravel/framework/src/Illuminate/Database/Console/Migrations/MigrateCommand.php:90
/Users/ianbruce/Herd/funlynk-v2/backend/vendor/laravel/framework/src/Illuminate/Database/Migrations/Migrator.php:641
/Users/ianbruce/Herd/funlynk-v2/backend/vendor/laravel/framework/src/Illuminate/Database/Console/Migrations/MigrateCommand.php:83
/Users/ianbruce/Herd/funlynk-v2/backend/vendor/laravel/framework/src/Illuminate/Container/BoundMethod.php:36
/Users/ianbruce/Herd/funlynk-v2/backend/vendor/laravel/framework/src/Illuminate/Container/Util.php:41
/Users/ianbruce/Herd/funlynk-v2/backend/vendor/laravel/framework/src/Illuminate/Container/BoundMethod.php:93
/Users/ianbruce/Herd/funlynk-v2/backend/vendor/laravel/framework/src/Illuminate/Container/BoundMethod.php:35
/Users/ianbruce/Herd/funlynk-v2/backend/vendor/laravel/framework/src/Illuminate/Container/Container.php:662
/Users/ianbruce/Herd/funlynk-v2/backend/vendor/laravel/framework/src/Illuminate/Console/Command.php:211
/Users/ianbruce/Herd/funlynk-v2/backend/vendor/symfony/console/Command/Command.php:326
/Users/ianbruce/Herd/funlynk-v2/backend/vendor/laravel/framework/src/Illuminate/Console/Command.php:180
/Users/ianbruce/Herd/funlynk-v2/backend/vendor/symfony/console/Application.php:1078
/Users/ianbruce/Herd/funlynk-v2/backend/vendor/symfony/console/Application.php:324
/Users/ianbruce/Herd/funlynk-v2/backend/vendor/symfony/console/Application.php:175
/Users/ianbruce/Herd/funlynk-v2/backend/vendor/laravel/framework/src/Illuminate/Console/Application.php:162
/Users/ianbruce/Herd/funlynk-v2/backend/vendor/laravel/framework/src/Illuminate/Foundation/Console/Kernel.php:400
/Users/ianbruce/Herd/funlynk-v2/backend/vendor/laravel/framework/src/Illuminate/Testing/PendingCommand.php:297
/Users/ianbruce/Herd/funlynk-v2/backend/vendor/laravel/framework/src/Illuminate/Testing/PendingCommand.php:484
/Users/ianbruce/Herd/funlynk-v2/backend/vendor/laravel/framework/src/Illuminate/Foundation/Testing/Concerns/InteractsWithConsole.php:80
/Users/ianbruce/Herd/funlynk-v2/backend/vendor/laravel/framework/src/Illuminate/Foundation/Testing/RefreshDatabase.php:47
/Users/ianbruce/Herd/funlynk-v2/backend/vendor/laravel/framework/src/Illuminate/Foundation/Testing/RefreshDatabase.php:22
/Users/ianbruce/Herd/funlynk-v2/backend/vendor/laravel/framework/src/Illuminate/Foundation/Testing/Concerns/InteractsWithTestCaseLifecycle.php:183
/Users/ianbruce/Herd/funlynk-v2/backend/vendor/laravel/framework/src/Illuminate/Foundation/Testing/Concerns/InteractsWithTestCaseLifecycle.php:84
/Users/ianbruce/Herd/funlynk-v2/backend/vendor/laravel/framework/src/Illuminate/Foundation/Testing/TestCase.php:40
/Users/ianbruce/Herd/funlynk-v2/backend/tests/TestCase.php:17
/Users/ianbruce/Herd/funlynk-v2/backend/tests/Unit/Spark/ProgramServiceTest.php:26</error>
    </testcase>
    <testcase name="it_throws_exception_for_invalid_program_id_in_availability" file="/Users/ianbruce/Herd/funlynk-v2/backend/tests/Unit/Spark/ProgramServiceTest.php" line="410" class="Tests\Unit\Spark\ProgramServiceTest" classname="Tests.Unit.Spark.ProgramServiceTest" assertions="0" time="0.000000">
      <error type="Doctrine\DBAL\Schema\Exception\TableDoesNotExist">Tests\Unit\Spark\ProgramServiceTest::it_throws_exception_for_invalid_program_id_in_availability
Doctrine\DBAL\Schema\Exception\TableDoesNotExist: There is no table with name "spark_program_character_topics" in the schema.

/Users/ianbruce/Herd/funlynk-v2/backend/vendor/doctrine/dbal/src/Schema/Exception/TableDoesNotExist.php:15
/Users/ianbruce/Herd/funlynk-v2/backend/vendor/doctrine/dbal/src/Schema/SchemaException.php:67
/Users/ianbruce/Herd/funlynk-v2/backend/vendor/doctrine/dbal/src/Schema/AbstractSchemaManager.php:617
/Users/ianbruce/Herd/funlynk-v2/backend/vendor/laravel/framework/src/Illuminate/Database/Schema/Grammars/Grammar.php:333
/Users/ianbruce/Herd/funlynk-v2/backend/vendor/laravel/framework/src/Illuminate/Database/Schema/Grammars/SQLiteGrammar.php:413
/Users/ianbruce/Herd/funlynk-v2/backend/vendor/laravel/framework/src/Illuminate/Database/Schema/Blueprint.php:140
/Users/ianbruce/Herd/funlynk-v2/backend/vendor/laravel/framework/src/Illuminate/Database/Schema/Blueprint.php:109
/Users/ianbruce/Herd/funlynk-v2/backend/vendor/laravel/framework/src/Illuminate/Database/Schema/Builder.php:602
/Users/ianbruce/Herd/funlynk-v2/backend/vendor/laravel/framework/src/Illuminate/Database/Schema/Builder.php:444
/Users/ianbruce/Herd/funlynk-v2/backend/vendor/laravel/framework/src/Illuminate/Support/Facades/Facade.php:355
/Users/ianbruce/Herd/funlynk-v2/backend/database/migrations/2025_01_15_000001_update_spark_program_character_topics_table.php:13
/Users/ianbruce/Herd/funlynk-v2/backend/vendor/laravel/framework/src/Illuminate/Database/Migrations/Migrator.php:501
/Users/ianbruce/Herd/funlynk-v2/backend/vendor/laravel/framework/src/Illuminate/Database/Migrations/Migrator.php:418
/Users/ianbruce/Herd/funlynk-v2/backend/vendor/laravel/framework/src/Illuminate/Database/Migrations/Migrator.php:427
/Users/ianbruce/Herd/funlynk-v2/backend/vendor/laravel/framework/src/Illuminate/Database/Migrations/Migrator.php:224
/Users/ianbruce/Herd/funlynk-v2/backend/vendor/laravel/framework/src/Illuminate/Console/View/Components/Task.php:37
/Users/ianbruce/Herd/funlynk-v2/backend/vendor/laravel/framework/src/Illuminate/Database/Migrations/Migrator.php:783
/Users/ianbruce/Herd/funlynk-v2/backend/vendor/laravel/framework/src/Illuminate/Database/Migrations/Migrator.php:224
/Users/ianbruce/Herd/funlynk-v2/backend/vendor/laravel/framework/src/Illuminate/Database/Migrations/Migrator.php:189
/Users/ianbruce/Herd/funlynk-v2/backend/vendor/laravel/framework/src/Illuminate/Database/Migrations/Migrator.php:132
/Users/ianbruce/Herd/funlynk-v2/backend/vendor/laravel/framework/src/Illuminate/Database/Console/Migrations/MigrateCommand.php:90
/Users/ianbruce/Herd/funlynk-v2/backend/vendor/laravel/framework/src/Illuminate/Database/Migrations/Migrator.php:641
/Users/ianbruce/Herd/funlynk-v2/backend/vendor/laravel/framework/src/Illuminate/Database/Console/Migrations/MigrateCommand.php:83
/Users/ianbruce/Herd/funlynk-v2/backend/vendor/laravel/framework/src/Illuminate/Container/BoundMethod.php:36
/Users/ianbruce/Herd/funlynk-v2/backend/vendor/laravel/framework/src/Illuminate/Container/Util.php:41
/Users/ianbruce/Herd/funlynk-v2/backend/vendor/laravel/framework/src/Illuminate/Container/BoundMethod.php:93
/Users/ianbruce/Herd/funlynk-v2/backend/vendor/laravel/framework/src/Illuminate/Container/BoundMethod.php:35
/Users/ianbruce/Herd/funlynk-v2/backend/vendor/laravel/framework/src/Illuminate/Container/Container.php:662
/Users/ianbruce/Herd/funlynk-v2/backend/vendor/laravel/framework/src/Illuminate/Console/Command.php:211
/Users/ianbruce/Herd/funlynk-v2/backend/vendor/symfony/console/Command/Command.php:326
/Users/ianbruce/Herd/funlynk-v2/backend/vendor/laravel/framework/src/Illuminate/Console/Command.php:180
/Users/ianbruce/Herd/funlynk-v2/backend/vendor/symfony/console/Application.php:1078
/Users/ianbruce/Herd/funlynk-v2/backend/vendor/symfony/console/Application.php:324
/Users/ianbruce/Herd/funlynk-v2/backend/vendor/symfony/console/Application.php:175
/Users/ianbruce/Herd/funlynk-v2/backend/vendor/laravel/framework/src/Illuminate/Console/Application.php:162
/Users/ianbruce/Herd/funlynk-v2/backend/vendor/laravel/framework/src/Illuminate/Foundation/Console/Kernel.php:400
/Users/ianbruce/Herd/funlynk-v2/backend/vendor/laravel/framework/src/Illuminate/Testing/PendingCommand.php:297
/Users/ianbruce/Herd/funlynk-v2/backend/vendor/laravel/framework/src/Illuminate/Testing/PendingCommand.php:484
/Users/ianbruce/Herd/funlynk-v2/backend/vendor/laravel/framework/src/Illuminate/Foundation/Testing/Concerns/InteractsWithConsole.php:80
/Users/ianbruce/Herd/funlynk-v2/backend/vendor/laravel/framework/src/Illuminate/Foundation/Testing/RefreshDatabase.php:47
/Users/ianbruce/Herd/funlynk-v2/backend/vendor/laravel/framework/src/Illuminate/Foundation/Testing/RefreshDatabase.php:22
/Users/ianbruce/Herd/funlynk-v2/backend/vendor/laravel/framework/src/Illuminate/Foundation/Testing/Concerns/InteractsWithTestCaseLifecycle.php:183
/Users/ianbruce/Herd/funlynk-v2/backend/vendor/laravel/framework/src/Illuminate/Foundation/Testing/Concerns/InteractsWithTestCaseLifecycle.php:84
/Users/ianbruce/Herd/funlynk-v2/backend/vendor/laravel/framework/src/Illuminate/Foundation/Testing/TestCase.php:40
/Users/ianbruce/Herd/funlynk-v2/backend/tests/TestCase.php:17
/Users/ianbruce/Herd/funlynk-v2/backend/tests/Unit/Spark/ProgramServiceTest.php:26</error>
    </testcase>
    <testcase name="it_can_append_multiple_resource_files" file="/Users/ianbruce/Herd/funlynk-v2/backend/tests/Unit/Spark/ProgramServiceTest.php" line="425" class="Tests\Unit\Spark\ProgramServiceTest" classname="Tests.Unit.Spark.ProgramServiceTest" assertions="0" time="0.000000">
      <error type="Doctrine\DBAL\Schema\Exception\TableDoesNotExist">Tests\Unit\Spark\ProgramServiceTest::it_can_append_multiple_resource_files
Doctrine\DBAL\Schema\Exception\TableDoesNotExist: There is no table with name "spark_program_character_topics" in the schema.

/Users/ianbruce/Herd/funlynk-v2/backend/vendor/doctrine/dbal/src/Schema/Exception/TableDoesNotExist.php:15
/Users/ianbruce/Herd/funlynk-v2/backend/vendor/doctrine/dbal/src/Schema/SchemaException.php:67
/Users/ianbruce/Herd/funlynk-v2/backend/vendor/doctrine/dbal/src/Schema/AbstractSchemaManager.php:617
/Users/ianbruce/Herd/funlynk-v2/backend/vendor/laravel/framework/src/Illuminate/Database/Schema/Grammars/Grammar.php:333
/Users/ianbruce/Herd/funlynk-v2/backend/vendor/laravel/framework/src/Illuminate/Database/Schema/Grammars/SQLiteGrammar.php:413
/Users/ianbruce/Herd/funlynk-v2/backend/vendor/laravel/framework/src/Illuminate/Database/Schema/Blueprint.php:140
/Users/ianbruce/Herd/funlynk-v2/backend/vendor/laravel/framework/src/Illuminate/Database/Schema/Blueprint.php:109
/Users/ianbruce/Herd/funlynk-v2/backend/vendor/laravel/framework/src/Illuminate/Database/Schema/Builder.php:602
/Users/ianbruce/Herd/funlynk-v2/backend/vendor/laravel/framework/src/Illuminate/Database/Schema/Builder.php:444
/Users/ianbruce/Herd/funlynk-v2/backend/vendor/laravel/framework/src/Illuminate/Support/Facades/Facade.php:355
/Users/ianbruce/Herd/funlynk-v2/backend/database/migrations/2025_01_15_000001_update_spark_program_character_topics_table.php:13
/Users/ianbruce/Herd/funlynk-v2/backend/vendor/laravel/framework/src/Illuminate/Database/Migrations/Migrator.php:501
/Users/ianbruce/Herd/funlynk-v2/backend/vendor/laravel/framework/src/Illuminate/Database/Migrations/Migrator.php:418
/Users/ianbruce/Herd/funlynk-v2/backend/vendor/laravel/framework/src/Illuminate/Database/Migrations/Migrator.php:427
/Users/ianbruce/Herd/funlynk-v2/backend/vendor/laravel/framework/src/Illuminate/Database/Migrations/Migrator.php:224
/Users/ianbruce/Herd/funlynk-v2/backend/vendor/laravel/framework/src/Illuminate/Console/View/Components/Task.php:37
/Users/ianbruce/Herd/funlynk-v2/backend/vendor/laravel/framework/src/Illuminate/Database/Migrations/Migrator.php:783
/Users/ianbruce/Herd/funlynk-v2/backend/vendor/laravel/framework/src/Illuminate/Database/Migrations/Migrator.php:224
/Users/ianbruce/Herd/funlynk-v2/backend/vendor/laravel/framework/src/Illuminate/Database/Migrations/Migrator.php:189
/Users/ianbruce/Herd/funlynk-v2/backend/vendor/laravel/framework/src/Illuminate/Database/Migrations/Migrator.php:132
/Users/ianbruce/Herd/funlynk-v2/backend/vendor/laravel/framework/src/Illuminate/Database/Console/Migrations/MigrateCommand.php:90
/Users/ianbruce/Herd/funlynk-v2/backend/vendor/laravel/framework/src/Illuminate/Database/Migrations/Migrator.php:641
/Users/ianbruce/Herd/funlynk-v2/backend/vendor/laravel/framework/src/Illuminate/Database/Console/Migrations/MigrateCommand.php:83
/Users/ianbruce/Herd/funlynk-v2/backend/vendor/laravel/framework/src/Illuminate/Container/BoundMethod.php:36
/Users/ianbruce/Herd/funlynk-v2/backend/vendor/laravel/framework/src/Illuminate/Container/Util.php:41
/Users/ianbruce/Herd/funlynk-v2/backend/vendor/laravel/framework/src/Illuminate/Container/BoundMethod.php:93
/Users/ianbruce/Herd/funlynk-v2/backend/vendor/laravel/framework/src/Illuminate/Container/BoundMethod.php:35
/Users/ianbruce/Herd/funlynk-v2/backend/vendor/laravel/framework/src/Illuminate/Container/Container.php:662
/Users/ianbruce/Herd/funlynk-v2/backend/vendor/laravel/framework/src/Illuminate/Console/Command.php:211
/Users/ianbruce/Herd/funlynk-v2/backend/vendor/symfony/console/Command/Command.php:326
/Users/ianbruce/Herd/funlynk-v2/backend/vendor/laravel/framework/src/Illuminate/Console/Command.php:180
/Users/ianbruce/Herd/funlynk-v2/backend/vendor/symfony/console/Application.php:1078
/Users/ianbruce/Herd/funlynk-v2/backend/vendor/symfony/console/Application.php:324
/Users/ianbruce/Herd/funlynk-v2/backend/vendor/symfony/console/Application.php:175
/Users/ianbruce/Herd/funlynk-v2/backend/vendor/laravel/framework/src/Illuminate/Console/Application.php:162
/Users/ianbruce/Herd/funlynk-v2/backend/vendor/laravel/framework/src/Illuminate/Foundation/Console/Kernel.php:400
/Users/ianbruce/Herd/funlynk-v2/backend/vendor/laravel/framework/src/Illuminate/Testing/PendingCommand.php:297
/Users/ianbruce/Herd/funlynk-v2/backend/vendor/laravel/framework/src/Illuminate/Testing/PendingCommand.php:484
/Users/ianbruce/Herd/funlynk-v2/backend/vendor/laravel/framework/src/Illuminate/Foundation/Testing/Concerns/InteractsWithConsole.php:80
/Users/ianbruce/Herd/funlynk-v2/backend/vendor/laravel/framework/src/Illuminate/Foundation/Testing/RefreshDatabase.php:47
/Users/ianbruce/Herd/funlynk-v2/backend/vendor/laravel/framework/src/Illuminate/Foundation/Testing/RefreshDatabase.php:22
/Users/ianbruce/Herd/funlynk-v2/backend/vendor/laravel/framework/src/Illuminate/Foundation/Testing/Concerns/InteractsWithTestCaseLifecycle.php:183
/Users/ianbruce/Herd/funlynk-v2/backend/vendor/laravel/framework/src/Illuminate/Foundation/Testing/Concerns/InteractsWithTestCaseLifecycle.php:84
/Users/ianbruce/Herd/funlynk-v2/backend/vendor/laravel/framework/src/Illuminate/Foundation/Testing/TestCase.php:40
/Users/ianbruce/Herd/funlynk-v2/backend/tests/TestCase.php:17
/Users/ianbruce/Herd/funlynk-v2/backend/tests/Unit/Spark/ProgramServiceTest.php:26</error>
    </testcase>
  </testsuite>
</testsuites>
