<?xml version="1.0" encoding="UTF-8"?>
<testsuites>
  <testsuite name="CLI Arguments" tests="36" assertions="66" errors="0" failures="0" skipped="0" time="2.535320">
    <testsuite name="Tests\Unit\Http\Requests\Spark\CreateCharacterTopicRequestTest" file="/Users/ianbruce/Herd/funlynk-v2/backend/tests/Unit/Http/Requests/Spark/CreateCharacterTopicRequestTest.php" tests="9" assertions="11" errors="0" failures="0" skipped="0" time="0.820744">
      <testcase name="test_passes_validation_with_valid_data" file="/Users/ianbruce/Herd/funlynk-v2/backend/tests/Unit/Http/Requests/Spark/CreateCharacterTopicRequestTest.php" line="70" class="Tests\Unit\Http\Requests\Spark\CreateCharacterTopicRequestTest" classname="Tests.Unit.Http.Requests.Spark.CreateCharacterTopicRequestTest" assertions="1" time="0.211456"/>
      <testcase name="test_fails_validation_when_name_is_missing" file="/Users/ianbruce/Herd/funlynk-v2/backend/tests/Unit/Http/Requests/Spark/CreateCharacterTopicRequestTest.php" line="101" class="Tests\Unit\Http\Requests\Spark\CreateCharacterTopicRequestTest" classname="Tests.Unit.Http.Requests.Spark.CreateCharacterTopicRequestTest" assertions="2" time="0.059788"/>
      <testcase name="test_slug_is_generated_from_name_when_missing" file="/Users/ianbruce/Herd/funlynk-v2/backend/tests/Unit/Http/Requests/Spark/CreateCharacterTopicRequestTest.php" line="132" class="Tests\Unit\Http\Requests\Spark\CreateCharacterTopicRequestTest" classname="Tests.Unit.Http.Requests.Spark.CreateCharacterTopicRequestTest" assertions="1" time="0.060836"/>
      <testcase name="test_authorizes_admin_users" file="/Users/ianbruce/Herd/funlynk-v2/backend/tests/Unit/Http/Requests/Spark/CreateCharacterTopicRequestTest.php" line="27" class="Tests\Unit\Http\Requests\Spark\CreateCharacterTopicRequestTest" classname="Tests.Unit.Http.Requests.Spark.CreateCharacterTopicRequestTest" assertions="1" time="0.188719"/>
      <testcase name="test_denies_regular_users" file="/Users/ianbruce/Herd/funlynk-v2/backend/tests/Unit/Http/Requests/Spark/CreateCharacterTopicRequestTest.php" line="51" class="Tests\Unit\Http\Requests\Spark\CreateCharacterTopicRequestTest" classname="Tests.Unit.Http.Requests.Spark.CreateCharacterTopicRequestTest" assertions="1" time="0.061971"/>
      <testcase name="test_denies_unauthenticated_users" file="/Users/ianbruce/Herd/funlynk-v2/backend/tests/Unit/Http/Requests/Spark/CreateCharacterTopicRequestTest.php" line="63" class="Tests\Unit\Http\Requests\Spark\CreateCharacterTopicRequestTest" classname="Tests.Unit.Http.Requests.Spark.CreateCharacterTopicRequestTest" assertions="1" time="0.056571"/>
      <testcase name="test_fails_validation_when_slug_is_not_unique" file="/Users/ianbruce/Herd/funlynk-v2/backend/tests/Unit/Http/Requests/Spark/CreateCharacterTopicRequestTest.php" line="115" class="Tests\Unit\Http\Requests\Spark\CreateCharacterTopicRequestTest" classname="Tests.Unit.Http.Requests.Spark.CreateCharacterTopicRequestTest" assertions="2" time="0.057752"/>
      <testcase name="test_passes_validation_with_minimal_data" file="/Users/ianbruce/Herd/funlynk-v2/backend/tests/Unit/Http/Requests/Spark/CreateCharacterTopicRequestTest.php" line="87" class="Tests\Unit\Http\Requests\Spark\CreateCharacterTopicRequestTest" classname="Tests.Unit.Http.Requests.Spark.CreateCharacterTopicRequestTest" assertions="1" time="0.058830"/>
      <testcase name="test_authorizes_spark_admin_users" file="/Users/ianbruce/Herd/funlynk-v2/backend/tests/Unit/Http/Requests/Spark/CreateCharacterTopicRequestTest.php" line="39" class="Tests\Unit\Http\Requests\Spark\CreateCharacterTopicRequestTest" classname="Tests.Unit.Http.Requests.Spark.CreateCharacterTopicRequestTest" assertions="1" time="0.064820"/>
    </testsuite>
    <testsuite name="Tests\Unit\Http\Requests\Spark\UpdateCharacterTopicRequestTest" file="/Users/ianbruce/Herd/funlynk-v2/backend/tests/Unit/Http/Requests/Spark/UpdateCharacterTopicRequestTest.php" tests="10" assertions="11" errors="0" failures="0" skipped="0" time="0.631930">
      <testcase name="test_passes_validation_with_valid_data" file="/Users/ianbruce/Herd/funlynk-v2/backend/tests/Unit/Http/Requests/Spark/UpdateCharacterTopicRequestTest.php" line="122" class="Tests\Unit\Http\Requests\Spark\UpdateCharacterTopicRequestTest" classname="Tests.Unit.Http.Requests.Spark.UpdateCharacterTopicRequestTest" assertions="1" time="0.068136"/>
      <testcase name="test_passes_validation_when_slug_is_same_as_current" file="/Users/ianbruce/Herd/funlynk-v2/backend/tests/Unit/Http/Requests/Spark/UpdateCharacterTopicRequestTest.php" line="180" class="Tests\Unit\Http\Requests\Spark\UpdateCharacterTopicRequestTest" classname="Tests.Unit.Http.Requests.Spark.UpdateCharacterTopicRequestTest" assertions="1" time="0.067352"/>
      <testcase name="test_passes_validation_with_partial_data" file="/Users/ianbruce/Herd/funlynk-v2/backend/tests/Unit/Http/Requests/Spark/UpdateCharacterTopicRequestTest.php" line="206" class="Tests\Unit\Http\Requests\Spark\UpdateCharacterTopicRequestTest" classname="Tests.Unit.Http.Requests.Spark.UpdateCharacterTopicRequestTest" assertions="1" time="0.069135"/>
      <testcase name="test_generates_slug_from_name_when_name_is_provided_but_slug_is_not" file="/Users/ianbruce/Herd/funlynk-v2/backend/tests/Unit/Http/Requests/Spark/UpdateCharacterTopicRequestTest.php" line="232" class="Tests\Unit\Http\Requests\Spark\UpdateCharacterTopicRequestTest" classname="Tests.Unit.Http.Requests.Spark.UpdateCharacterTopicRequestTest" assertions="1" time="0.065375"/>
      <testcase name="test_normalizes_category_to_lowercase" file="/Users/ianbruce/Herd/funlynk-v2/backend/tests/Unit/Http/Requests/Spark/UpdateCharacterTopicRequestTest.php" line="261" class="Tests\Unit\Http\Requests\Spark\UpdateCharacterTopicRequestTest" classname="Tests.Unit.Http.Requests.Spark.UpdateCharacterTopicRequestTest" assertions="1" time="0.065417"/>
      <testcase name="test_authorizes_spark_admin_users" file="/Users/ianbruce/Herd/funlynk-v2/backend/tests/Unit/Http/Requests/Spark/UpdateCharacterTopicRequestTest.php" line="54" class="Tests\Unit\Http\Requests\Spark\UpdateCharacterTopicRequestTest" classname="Tests.Unit.Http.Requests.Spark.UpdateCharacterTopicRequestTest" assertions="1" time="0.064571"/>
      <testcase name="test_denies_regular_users" file="/Users/ianbruce/Herd/funlynk-v2/backend/tests/Unit/Http/Requests/Spark/UpdateCharacterTopicRequestTest.php" line="78" class="Tests\Unit\Http\Requests\Spark\UpdateCharacterTopicRequestTest" classname="Tests.Unit.Http.Requests.Spark.UpdateCharacterTopicRequestTest" assertions="1" time="0.060017"/>
      <testcase name="test_denies_unauthenticated_users" file="/Users/ianbruce/Herd/funlynk-v2/backend/tests/Unit/Http/Requests/Spark/UpdateCharacterTopicRequestTest.php" line="102" class="Tests\Unit\Http\Requests\Spark\UpdateCharacterTopicRequestTest" classname="Tests.Unit.Http.Requests.Spark.UpdateCharacterTopicRequestTest" assertions="1" time="0.058579"/>
      <testcase name="test_fails_validation_when_slug_is_not_unique" file="/Users/ianbruce/Herd/funlynk-v2/backend/tests/Unit/Http/Requests/Spark/UpdateCharacterTopicRequestTest.php" line="153" class="Tests\Unit\Http\Requests\Spark\UpdateCharacterTopicRequestTest" classname="Tests.Unit.Http.Requests.Spark.UpdateCharacterTopicRequestTest" assertions="2" time="0.056146"/>
      <testcase name="test_authorizes_admin_users" file="/Users/ianbruce/Herd/funlynk-v2/backend/tests/Unit/Http/Requests/Spark/UpdateCharacterTopicRequestTest.php" line="30" class="Tests\Unit\Http\Requests\Spark\UpdateCharacterTopicRequestTest" classname="Tests.Unit.Http.Requests.Spark.UpdateCharacterTopicRequestTest" assertions="1" time="0.057201"/>
    </testsuite>
    <testsuite name="Tests\Unit\Http\Requests\Spark\UpdateProgramRequestTest" file="/Users/ianbruce/Herd/funlynk-v2/backend/tests/Unit/Http/Requests/Spark/UpdateProgramRequestTest.php" tests="17" assertions="44" errors="0" failures="0" skipped="0" time="1.082646">
      <testcase name="test_cleans_character_topics_array" file="/Users/ianbruce/Herd/funlynk-v2/backend/tests/Unit/Http/Requests/Spark/UpdateProgramRequestTest.php" line="217" class="Tests\Unit\Http\Requests\Spark\UpdateProgramRequestTest" classname="Tests.Unit.Http.Requests.Spark.UpdateProgramRequestTest" assertions="4" time="0.070201"/>
      <testcase name="test_converts_is_active_to_boolean" file="/Users/ianbruce/Herd/funlynk-v2/backend/tests/Unit/Http/Requests/Spark/UpdateProgramRequestTest.php" line="257" class="Tests\Unit\Http\Requests\Spark\UpdateProgramRequestTest" classname="Tests.Unit.Http.Requests.Spark.UpdateProgramRequestTest" assertions="1" time="0.086696"/>
      <testcase name="test_inherits_attributes_from_create_program_request" file="/Users/ianbruce/Herd/funlynk-v2/backend/tests/Unit/Http/Requests/Spark/UpdateProgramRequestTest.php" line="295" class="Tests\Unit\Http\Requests\Spark\UpdateProgramRequestTest" classname="Tests.Unit.Http.Requests.Spark.UpdateProgramRequestTest" assertions="1" time="0.089280"/>
      <testcase name="test_denies_unauthenticated_users" file="/Users/ianbruce/Herd/funlynk-v2/backend/tests/Unit/Http/Requests/Spark/UpdateProgramRequestTest.php" line="99" class="Tests\Unit\Http\Requests\Spark\UpdateProgramRequestTest" classname="Tests.Unit.Http.Requests.Spark.UpdateProgramRequestTest" assertions="1" time="0.075858"/>
      <testcase name="test_passes_validation_with_partial_data" file="/Users/ianbruce/Herd/funlynk-v2/backend/tests/Unit/Http/Requests/Spark/UpdateProgramRequestTest.php" line="139" class="Tests\Unit\Http\Requests\Spark\UpdateProgramRequestTest" classname="Tests.Unit.Http.Requests.Spark.UpdateProgramRequestTest" assertions="1" time="0.070892"/>
      <testcase name="test_fails_validation_with_invalid_title" file="/Users/ianbruce/Herd/funlynk-v2/backend/tests/Unit/Http/Requests/Spark/UpdateProgramRequestTest.php" line="152" class="Tests\Unit\Http\Requests\Spark\UpdateProgramRequestTest" classname="Tests.Unit.Http.Requests.Spark.UpdateProgramRequestTest" assertions="2" time="0.058264"/>
      <testcase name="test_fails_validation_with_invalid_grade_levels" file="/Users/ianbruce/Herd/funlynk-v2/backend/tests/Unit/Http/Requests/Spark/UpdateProgramRequestTest.php" line="165" class="Tests\Unit\Http\Requests\Spark\UpdateProgramRequestTest" classname="Tests.Unit.Http.Requests.Spark.UpdateProgramRequestTest" assertions="2" time="0.059115"/>
      <testcase name="test_fails_validation_with_invalid_duration" file="/Users/ianbruce/Herd/funlynk-v2/backend/tests/Unit/Http/Requests/Spark/UpdateProgramRequestTest.php" line="178" class="Tests\Unit\Http\Requests\Spark\UpdateProgramRequestTest" classname="Tests.Unit.Http.Requests.Spark.UpdateProgramRequestTest" assertions="2" time="0.054865"/>
      <testcase name="test_fails_validation_with_invalid_max_students" file="/Users/ianbruce/Herd/funlynk-v2/backend/tests/Unit/Http/Requests/Spark/UpdateProgramRequestTest.php" line="191" class="Tests\Unit\Http\Requests\Spark\UpdateProgramRequestTest" classname="Tests.Unit.Http.Requests.Spark.UpdateProgramRequestTest" assertions="2" time="0.054583"/>
      <testcase name="test_fails_validation_with_invalid_price" file="/Users/ianbruce/Herd/funlynk-v2/backend/tests/Unit/Http/Requests/Spark/UpdateProgramRequestTest.php" line="204" class="Tests\Unit\Http\Requests\Spark\UpdateProgramRequestTest" classname="Tests.Unit.Http.Requests.Spark.UpdateProgramRequestTest" assertions="2" time="0.057910"/>
      <testcase name="test_inherits_rules_from_create_program_request_with_sometimes_modifier" file="/Users/ianbruce/Herd/funlynk-v2/backend/tests/Unit/Http/Requests/Spark/UpdateProgramRequestTest.php" line="272" class="Tests\Unit\Http\Requests\Spark\UpdateProgramRequestTest" classname="Tests.Unit.Http.Requests.Spark.UpdateProgramRequestTest" assertions="17" time="0.060685"/>
      <testcase name="test_inherits_messages_from_create_program_request" file="/Users/ianbruce/Herd/funlynk-v2/backend/tests/Unit/Http/Requests/Spark/UpdateProgramRequestTest.php" line="287" class="Tests\Unit\Http\Requests\Spark\UpdateProgramRequestTest" classname="Tests.Unit.Http.Requests.Spark.UpdateProgramRequestTest" assertions="1" time="0.055074"/>
      <testcase name="test_passes_validation_with_valid_data" file="/Users/ianbruce/Herd/funlynk-v2/backend/tests/Unit/Http/Requests/Spark/UpdateProgramRequestTest.php" line="119" class="Tests\Unit\Http\Requests\Spark\UpdateProgramRequestTest" classname="Tests.Unit.Http.Requests.Spark.UpdateProgramRequestTest" assertions="1" time="0.060964"/>
      <testcase name="test_cleans_learning_objectives_array" file="/Users/ianbruce/Herd/funlynk-v2/backend/tests/Unit/Http/Requests/Spark/UpdateProgramRequestTest.php" line="237" class="Tests\Unit\Http\Requests\Spark\UpdateProgramRequestTest" classname="Tests.Unit.Http.Requests.Spark.UpdateProgramRequestTest" assertions="4" time="0.053839"/>
      <testcase name="test_authorizes_spark_admin_users" file="/Users/ianbruce/Herd/funlynk-v2/backend/tests/Unit/Http/Requests/Spark/UpdateProgramRequestTest.php" line="51" class="Tests\Unit\Http\Requests\Spark\UpdateProgramRequestTest" classname="Tests.Unit.Http.Requests.Spark.UpdateProgramRequestTest" assertions="1" time="0.057890"/>
      <testcase name="test_denies_regular_users" file="/Users/ianbruce/Herd/funlynk-v2/backend/tests/Unit/Http/Requests/Spark/UpdateProgramRequestTest.php" line="75" class="Tests\Unit\Http\Requests\Spark\UpdateProgramRequestTest" classname="Tests.Unit.Http.Requests.Spark.UpdateProgramRequestTest" assertions="1" time="0.060356"/>
      <testcase name="test_authorizes_admin_users" file="/Users/ianbruce/Herd/funlynk-v2/backend/tests/Unit/Http/Requests/Spark/UpdateProgramRequestTest.php" line="27" class="Tests\Unit\Http\Requests\Spark\UpdateProgramRequestTest" classname="Tests.Unit.Http.Requests.Spark.UpdateProgramRequestTest" assertions="1" time="0.056174"/>
    </testsuite>
  </testsuite>
</testsuites>
